number,value,datetime_start,datetime_complete,duration,params_C,params_gamma,state
0,0.5583489011375778,2026-09-21 05:34:24.907270,2026-09-21 05:34:26.557702,0 days 00:00:01.650432,1.2643080507185038,0.0022115239043782576,COMPLETE
1,0.5469519495454024,2026-09-21 05:34:26.557702,2026-09-21 05:34:27.992010,0 days 00:00:01.434308,0.2885708422258273,0.008764908887929447,COMPLETE
2,0.0,2026-09-21 05:34:27.992010,2026-09-21 05:34:29.504192,0 days 00:00:01.512182,0.10215985895869754,0.002569777449572233,COMPLETE
3,0.0,2026-09-21 05:34:29.504192,2026-09-21 05:34:30.987433,0 days 00:00:01.483241,0.2139447331798657,0.0015271629201601467,COMPLETE
4,0.5770899870961858,2026-09-21 05:34:30.987433,2026-09-21 05:34:32.453965,0 days 00:00:01.466532,3.6508452999683922,0.08295203830565384,COMPLETE
5,0.578473261009194,2026-09-21 05:34:32.453965,2026-09-21 05:34:33.847556,0 days 00:00:01.393591,37.07250238476626,0.0013560337082522036,COMPLETE
6,0.5602374980236734,2026-09-21 05:34:33.847556,2026-09-21 05:34:35.212517,0 days 00:00:01.364961,4.764367032097106,0.00645656532156573,COMPLETE
7,0.5456557535242209,2026-09-21 05:34:35.212517,2026-09-21 05:34:36.572795,0 days 00:00:01.360278,9.29742957714648,0.00671811187386611,COMPLETE
8,0.48913374519682407,2026-09-21 05:34:36.572795,2026-09-21 05:34:38.278621,0 days 00:00:01.705826,642.4704029056875,0.2874016791858036,COMPLETE
9,0.5556855010124829,2026-09-21 05:34:38.278621,2026-09-21 05:34:40.476237,0 days 00:00:02.197616,163.715526841567,0.03807721830670351,COMPLETE
10,0.0,2026-09-21 05:34:40.476237,2026-09-21 05:34:42.415842,0 days 00:00:01.939605,0.010760144383919078,0.5599670136530837,COMPLETE
11,0.5615378375715743,2026-09-21 05:34:42.415842,2026-09-21 05:34:44.106253,0 days 00:00:01.690411,29.141843102079363,0.07293633293133318,COMPLETE
12,0.5339755550044734,2026-09-21 05:34:44.106253,2026-09-21 05:34:46.079451,0 days 00:00:01.973198,55.955613491008776,0.12136719921120466,COMPLETE
13,0.5471837450981755,2026-09-21 05:34:46.079451,2026-09-21 05:34:47.607982,0 days 00:00:01.528531,2.8959118287013372,0.017872600595177444,COMPLETE
14,0.5323002100779879,2026-09-21 05:34:47.607982,2026-09-21 05:34:49.380808,0 days 00:00:01.772826,24.164718356825237,0.14881706346937992,COMPLETE
15,0.5648317795959027,2026-09-21 05:34:49.380808,2026-09-21 05:34:51.508112,0 days 00:00:02.127304,204.93783743862215,0.025037783764959035,COMPLETE
16,0.5045657898646541,2026-09-21 05:34:51.508112,2026-09-21 05:34:53.698602,0 days 00:00:02.190490,0.97661922276832,0.8703457032787293,COMPLETE
17,0.5819208924269876,2026-09-21 05:34:53.698602,2026-09-21 05:34:55.019338,0 days 00:00:01.320736,10.946995010751362,0.0010090795333080143,COMPLETE
18,0.568582112308764,2026-09-21 05:34:55.019338,2026-09-21 05:34:56.365616,0 days 00:00:01.346278,116.8711980557894,0.001076611782366847,COMPLETE
19,0.5661124565314452,2026-09-21 05:34:56.365616,2026-09-21 05:34:57.691649,0 days 00:00:01.326033,12.956881937513272,0.0035467335062262474,COMPLETE
20,0.5483121044181959,2026-09-21 05:34:57.691649,2026-09-21 05:34:59.258228,0 days 00:00:01.566579,946.0656518059037,0.0011483500983746789,COMPLETE
21,0.559677717606657,2026-09-21 05:34:59.258228,2026-09-21 05:35:00.649336,0 days 00:00:01.391108,2.5889407582880275,0.05275194619159251,COMPLETE
22,0.5479516514063827,2026-09-21 05:35:00.649336,2026-09-21 05:35:02.004069,0 days 00:00:01.354733,10.041249364119434,0.01379172618259398,COMPLETE
23,0.5468261521450392,2026-09-21 05:35:02.004069,2026-09-21 05:35:03.383688,0 days 00:00:01.379619,43.834649914814776,0.003974974483770635,COMPLETE
