number,value,datetime_start,datetime_complete,duration,params_learning_rate,params_max_depth,params_n_estimators,params_subsample,state
0,0.6185475544702944,2026-09-21 05:03:08.558326,2026-09-21 05:03:09.549364,0 days 00:00:00.991038,0.09209742008007916,2,300,0.8962552115276303,COMPLETE
1,0.6122431462463943,2026-09-21 05:03:09.549364,2026-09-21 05:03:10.630266,0 days 00:00:01.080902,0.05709999822845574,6,100,0.9895364884376233,COMPLETE
2,0.615487677392406,2026-09-21 05:03:10.630266,2026-09-21 05:03:11.743060,0 days 00:00:01.112794,0.06272438922146265,6,100,0.8350332799370571,COMPLETE
3,0.6192343249347875,2026-09-21 05:03:11.743060,2026-09-21 05:03:12.921249,0 days 00:00:01.178189,0.03405690374511346,6,100,0.8915140944615197,COMPLETE
4,0.5874397570099371,2026-09-21 05:03:12.921249,2026-09-21 05:03:14.315375,0 days 00:00:01.394126,0.08617214348311551,4,300,0.9765993832888407,COMPLETE
5,0.6186012652480738,2026-09-21 05:03:14.315375,2026-09-21 05:03:15.111159,0 days 00:00:00.795784,0.06701981619102541,4,100,0.9438869325051937,COMPLETE
6,0.6221223567539075,2026-09-21 05:03:15.111159,2026-09-21 05:03:16.079304,0 days 00:00:00.968145,0.06248533898399942,2,300,0.9630494557885287,COMPLETE
7,0.6353687233376385,2026-09-21 05:03:16.079304,2026-09-21 05:03:16.722399,0 days 00:00:00.643095,0.032687760807995105,2,100,0.8153159904458437,COMPLETE
8,0.6338930637975074,2026-09-21 05:03:16.722399,2026-09-21 05:03:17.364050,0 days 00:00:00.641651,0.030597672066557224,2,100,0.8067145745752569,COMPLETE
9,0.6352009085125027,2026-09-21 05:03:17.364050,2026-09-21 05:03:18.014679,0 days 00:00:00.650629,0.04248545739169992,2,100,0.8457294172938677,COMPLETE
10,0.6301622722454976,2026-09-21 05:03:18.014679,2026-09-21 05:03:18.975680,0 days 00:00:00.961001,0.04287652165142724,2,300,0.8596490083555272,COMPLETE
11,0.6344230626348134,2026-09-21 05:03:18.975680,2026-09-21 05:03:19.616603,0 days 00:00:00.640923,0.04195980609683458,2,100,0.8097679577186391,COMPLETE
12,0.6373717391086692,2026-09-21 05:03:19.616603,2026-09-21 05:03:20.258309,0 days 00:00:00.641706,0.03984727503325546,2,100,0.8515354629123839,COMPLETE
13,0.6356028151965313,2026-09-21 05:03:20.258309,2026-09-21 05:03:20.871184,0 days 00:00:00.612875,0.03657829239246684,2,100,0.8690891387844005,COMPLETE
14,0.6371051685995307,2026-09-21 05:03:20.871184,2026-09-21 05:03:21.490573,0 days 00:00:00.619389,0.04818443771280018,2,100,0.8634780069167796,COMPLETE
15,0.628216483554259,2026-09-21 05:03:21.490573,2026-09-21 05:03:22.307601,0 days 00:00:00.817028,0.049122449234030176,4,100,0.9172524199914802,COMPLETE
16,0.6398210174181267,2026-09-21 05:03:22.307601,2026-09-21 05:03:22.970085,0 days 00:00:00.662484,0.049974509340367824,2,100,0.8785721891792042,COMPLETE
17,0.637336804614129,2026-09-21 05:03:22.970085,2026-09-21 05:03:23.585280,0 days 00:00:00.615195,0.07786554737709761,2,100,0.9352254142835817,COMPLETE
18,0.6207138116605216,2026-09-21 05:03:23.585280,2026-09-21 05:03:25.064773,0 days 00:00:01.479493,0.03808682656196411,4,300,0.8829278981580505,COMPLETE
19,0.6147877676025191,2026-09-21 05:03:25.064773,2026-09-21 05:03:26.181236,0 days 00:00:01.116463,0.051155464367354,6,100,0.8326791369093148,COMPLETE
20,0.6303836774039534,2026-09-21 05:03:26.181236,2026-09-21 05:03:26.814363,0 days 00:00:00.633127,0.07398592934476575,2,100,0.926500152578131,COMPLETE
21,0.6330009496676164,2026-09-21 05:03:26.814363,2026-09-21 05:03:27.470487,0 days 00:00:00.656124,0.081680538607169,2,100,0.9182717844005421,COMPLETE
22,0.6341422206249253,2026-09-21 05:03:27.470487,2026-09-21 05:03:28.098414,0 days 00:00:00.627927,0.05642930517236265,2,100,0.9391311482192365,COMPLETE
23,0.63213488250446,2026-09-21 05:03:28.098414,2026-09-21 05:03:28.737097,0 days 00:00:00.638683,0.09804529324186753,2,100,0.8818853237704407,COMPLETE
