number,value,datetime_start,datetime_complete,duration,params_max_depth,params_max_features,params_min_samples_leaf,params_n_estimators,system_attrs_fixed_params,state
0,0.6331636348585502,2026-09-20 23:03:37.079633,2026-09-20 23:03:40.860231,0 days 00:00:03.780598,8.0,0.7,5,200,,COMPLETE
1,0.6334968557691741,2026-09-20 23:03:40.860231,2026-09-20 23:03:44.797316,0 days 00:00:03.937085,8.0,0.7,1,200,,COMPLETE
2,0.5490462682803033,2026-09-20 23:03:44.797316,2026-09-20 23:03:51.835078,0 days 00:00:07.037762,,0.7,1,300,,COMPLETE
3,0.6418059473715019,2026-09-20 23:03:51.835078,2026-09-20 23:03:52.963669,0 days 00:00:01.128591,8.0,sqrt,5,100,,COMPLETE
4,0.6385821984063574,2026-09-20 23:03:52.963669,2026-09-20 23:03:54.213494,0 days 00:00:01.249825,,sqrt,5,100,,COMPLETE
5,0.6417245794176197,2026-09-20 23:03:54.213494,2026-09-20 23:03:56.949172,0 days 00:00:02.735678,8.0,sqrt,5,300,,COMPLETE
6,0.5623071850568686,2026-09-20 23:03:56.949172,2026-09-20 23:04:00.591319,0 days 00:00:03.642147,,sqrt,1,300,,COMPLETE
7,0.5463216355433752,2026-09-20 23:04:00.591319,2026-09-20 23:04:05.401700,0 days 00:00:04.810381,,0.7,1,200,,COMPLETE
8,,2026-09-20 23:04:05.401700,2026-09-20 23:04:05.414393,0 days 00:00:00.012693,8.0,sqrt,5,100,,PRUNED
9,,2026-09-20 23:04:05.414393,2026-09-20 23:04:05.414393,0 days 00:00:00,8.0,sqrt,5,100,,PRUNED
10,,2026-09-20 23:04:05.414393,2026-09-20 23:04:05.417742,0 days 00:00:00.003349,8.0,sqrt,5,100,,PRUNED
11,,2026-09-20 23:04:05.417742,2026-09-20 23:04:05.417742,0 days 00:00:00,8.0,sqrt,5,300,,PRUNED
12,,2026-09-20 23:04:05.417742,2026-09-20 23:04:05.417742,0 days 00:00:00,8.0,sqrt,5,300,,PRUNED
13,,2026-09-20 23:04:05.417742,2026-09-20 23:04:05.417742,0 days 00:00:00,8.0,sqrt,5,300,,PRUNED
14,,2026-09-20 23:04:05.417742,2026-09-20 23:04:05.417742,0 days 00:00:00,8.0,sqrt,5,100,,PRUNED
15,,2026-09-20 23:04:05.417742,2026-09-20 23:04:05.417742,0 days 00:00:00,8.0,sqrt,5,100,,PRUNED
16,0.6370957207828618,2026-09-20 23:04:05.417742,2026-09-20 23:04:07.383234,0 days 00:00:01.965492,8.0,sqrt,1,200,"{'max_depth': 8, 'max_features': 'sqrt', 'min_samples_leaf': 1, 'n_estimators': 200}",COMPLETE
17,,2026-09-20 23:04:07.383234,2026-09-20 23:04:07.387599,0 days 00:00:00.004365,8.0,sqrt,5,300,,PRUNED
18,0.6179001303058831,2026-09-20 23:04:07.387599,2026-09-20 23:04:09.712581,0 days 00:00:02.324982,,0.7,5,100,,COMPLETE
19,,2026-09-20 23:04:09.712581,2026-09-20 23:04:09.712581,0 days 00:00:00,8.0,sqrt,5,300,,PRUNED
20,,2026-09-20 23:04:09.712581,2026-09-20 23:04:09.720069,0 days 00:00:00.007488,8.0,sqrt,5,300,,PRUNED
21,,2026-09-20 23:04:09.720069,2026-09-20 23:04:09.720573,0 days 00:00:00.000504,,sqrt,5,100,,PRUNED
22,,2026-09-20 23:04:09.720573,2026-09-20 23:04:09.720573,0 days 00:00:00,,sqrt,5,100,,PRUNED
23,,2026-09-20 23:04:09.720573,2026-09-20 23:04:09.720573,0 days 00:00:00,,sqrt,5,100,,PRUNED
24,,2026-09-20 23:04:09.720573,2026-09-20 23:04:09.728755,0 days 00:00:00.008182,,sqrt,5,100,,PRUNED
25,,2026-09-20 23:04:09.728755,2026-09-20 23:04:09.730494,0 days 00:00:00.001739,,sqrt,5,100,,PRUNED
26,0.548818242480439,2026-09-20 23:04:09.730494,2026-09-20 23:04:12.315578,0 days 00:00:02.585084,,0.7,1,100,,COMPLETE
27,,2026-09-20 23:04:12.315578,2026-09-20 23:04:12.319672,0 days 00:00:00.004094,8.0,sqrt,5,100,,PRUNED
28,0.6396434472719714,2026-09-20 23:04:12.320214,2026-09-20 23:04:14.433145,0 days 00:00:02.112931,,sqrt,5,200,,COMPLETE
29,,2026-09-20 23:04:14.433145,2026-09-20 23:04:14.433145,0 days 00:00:00,8.0,0.7,5,200,,PRUNED
30,0.6414356904381039,2026-09-20 23:04:14.433145,2026-09-20 23:04:16.324711,0 days 00:00:01.891566,8.0,sqrt,5,200,,COMPLETE
31,,2026-09-20 23:04:16.324711,2026-09-20 23:04:16.324711,0 days 00:00:00,8.0,sqrt,5,200,,PRUNED
32,,2026-09-20 23:04:16.324711,2026-09-20 23:04:16.324711,0 days 00:00:00,8.0,sqrt,5,200,,PRUNED
33,,2026-09-20 23:04:16.324711,2026-09-20 23:04:16.324711,0 days 00:00:00,8.0,sqrt,5,200,,PRUNED
34,,2026-09-20 23:04:16.324711,2026-09-20 23:04:16.336719,0 days 00:00:00.012008,8.0,0.7,1,200,,PRUNED
35,,2026-09-20 23:04:16.336719,2026-09-20 23:04:16.336719,0 days 00:00:00,8.0,sqrt,5,200,,PRUNED
36,0.5554976929672568,2026-09-20 23:04:16.336719,2026-09-20 23:04:18.862343,0 days 00:00:02.525624,,sqrt,1,200,,COMPLETE
37,,2026-09-20 23:04:18.862343,2026-09-20 23:04:18.866553,0 days 00:00:00.004210,8.0,0.7,5,200,,PRUNED
38,,2026-09-20 23:04:18.866553,2026-09-20 23:04:18.866553,0 days 00:00:00,,sqrt,5,200,,PRUNED
39,0.6382883908423119,2026-09-20 23:04:18.866553,2026-09-20 23:04:21.620154,0 days 00:00:02.753601,8.0,sqrt,1,300,,COMPLETE
40,,2026-09-20 23:04:21.620154,2026-09-20 23:04:21.620154,0 days 00:00:00,,sqrt,5,200,,PRUNED
41,0.6379378619317876,2026-09-20 23:04:21.620154,2026-09-20 23:04:24.584314,0 days 00:00:02.964160,,sqrt,5,300,,COMPLETE
42,,2026-09-20 23:04:24.584314,2026-09-20 23:04:24.592123,0 days 00:00:00.007809,,sqrt,5,200,,PRUNED
43,,2026-09-20 23:04:24.592123,2026-09-20 23:04:24.592123,0 days 00:00:00,,sqrt,5,100,,PRUNED
44,,2026-09-20 23:04:24.592123,2026-09-20 23:04:24.592123,0 days 00:00:00,,sqrt,5,300,,PRUNED
45,,2026-09-20 23:04:24.592123,2026-09-20 23:04:24.592123,0 days 00:00:00,8.0,sqrt,5,100,,PRUNED
46,,2026-09-20 23:04:24.592123,2026-09-20 23:04:24.592123,0 days 00:00:00,8.0,sqrt,5,300,,PRUNED
47,0.621474100558816,2026-09-20 23:04:24.592123,2026-09-20 23:04:28.943943,0 days 00:00:04.351820,,0.7,5,200,,COMPLETE
48,0.6333093877079997,2026-09-20 23:04:28.943943,2026-09-20 23:04:30.102707,0 days 00:00:01.158764,8.0,sqrt,1,100,,COMPLETE
49,,2026-09-20 23:04:30.102707,2026-09-20 23:04:30.102707,0 days 00:00:00,8.0,sqrt,5,300,,PRUNED
50,,2026-09-20 23:04:30.102707,2026-09-20 23:04:30.110491,0 days 00:00:00.007784,8.0,sqrt,5,100,,PRUNED
51,,2026-09-20 23:04:30.110491,2026-09-20 23:04:30.113269,0 days 00:00:00.002778,8.0,sqrt,1,300,,PRUNED
52,,2026-09-20 23:04:30.113269,2026-09-20 23:04:30.113269,0 days 00:00:00,8.0,sqrt,1,300,,PRUNED
53,,2026-09-20 23:04:30.116015,2026-09-20 23:04:30.117944,0 days 00:00:00.001929,8.0,sqrt,1,300,,PRUNED
54,,2026-09-20 23:04:30.117944,2026-09-20 23:04:30.119325,0 days 00:00:00.001381,8.0,sqrt,1,300,,PRUNED
55,,2026-09-20 23:04:30.119325,2026-09-20 23:04:30.123190,0 days 00:00:00.003865,8.0,sqrt,1,300,,PRUNED
56,,2026-09-20 23:04:30.123190,2026-09-20 23:04:30.125729,0 days 00:00:00.002539,,sqrt,5,300,,PRUNED
57,0.5474826435350791,2026-09-20 23:04:30.125729,2026-09-20 23:04:31.544634,0 days 00:00:01.418905,,sqrt,1,100,"{'max_depth': None, 'max_features': 'sqrt', 'min_samples_leaf': 1, 'n_estimators': 100}",COMPLETE
58,,2026-09-20 23:04:31.545628,2026-09-20 23:04:31.548374,0 days 00:00:00.002746,8.0,sqrt,5,200,,PRUNED
59,0.6327475938563082,2026-09-20 23:04:31.548374,2026-09-20 23:04:33.655021,0 days 00:00:02.106647,8.0,0.7,5,100,,COMPLETE
60,,2026-09-20 23:04:33.655021,2026-09-20 23:04:33.658631,0 days 00:00:00.003610,8.0,sqrt,5,300,,PRUNED
61,,2026-09-20 23:04:33.658631,2026-09-20 23:04:33.660772,0 days 00:00:00.002141,,sqrt,5,300,,PRUNED
62,,2026-09-20 23:04:33.660772,2026-09-20 23:04:33.663781,0 days 00:00:00.003009,,sqrt,5,300,,PRUNED
63,,2026-09-20 23:04:33.663781,2026-09-20 23:04:33.665781,0 days 00:00:00.002000,,sqrt,5,300,,PRUNED
64,,2026-09-20 23:04:33.665781,2026-09-20 23:04:33.668781,0 days 00:00:00.003000,,sqrt,5,300,,PRUNED
65,,2026-09-20 23:04:33.668781,2026-09-20 23:04:33.669194,0 days 00:00:00.000413,,sqrt,5,100,,PRUNED
66,,2026-09-20 23:04:33.669194,2026-09-20 23:04:33.669194,0 days 00:00:00,,sqrt,5,300,,PRUNED
67,,2026-09-20 23:04:33.669194,2026-09-20 23:04:33.669194,0 days 00:00:00,8.0,sqrt,5,200,,PRUNED
68,0.6341369496065629,2026-09-20 23:04:33.669194,2026-09-20 23:04:39.296715,0 days 00:00:05.627521,8.0,0.7,1,300,"{'max_depth': 8, 'max_features': 0.7, 'min_samples_leaf': 1, 'n_estimators': 300}",COMPLETE
69,,2026-09-20 23:04:39.298724,2026-09-20 23:04:39.298724,0 days 00:00:00,,sqrt,5,200,,PRUNED
70,,2026-09-20 23:04:39.298724,2026-09-20 23:04:39.304898,0 days 00:00:00.006174,,sqrt,5,100,,PRUNED
71,,2026-09-20 23:04:39.304898,2026-09-20 23:04:39.306648,0 days 00:00:00.001750,8.0,sqrt,1,200,,PRUNED
72,,2026-09-20 23:04:39.306648,2026-09-20 23:04:39.309410,0 days 00:00:00.002762,8.0,sqrt,1,200,,PRUNED
73,,2026-09-20 23:04:39.309410,2026-09-20 23:04:39.312283,0 days 00:00:00.002873,8.0,sqrt,1,200,,PRUNED
74,,2026-09-20 23:04:39.312283,2026-09-20 23:04:39.314867,0 days 00:00:00.002584,8.0,sqrt,1,200,,PRUNED
75,,2026-09-20 23:04:39.314867,2026-09-20 23:04:39.318365,0 days 00:00:00.003498,8.0,sqrt,1,200,,PRUNED
76,,2026-09-20 23:04:39.318365,2026-09-20 23:04:39.319880,0 days 00:00:00.001515,8.0,sqrt,5,100,,PRUNED
77,0.6365367072629983,2026-09-20 23:04:39.319880,2026-09-20 23:04:44.833855,0 days 00:00:05.513975,8.0,0.7,5,300,"{'max_depth': 8, 'max_features': 0.7, 'min_samples_leaf': 5, 'n_estimators': 300}",COMPLETE
78,,2026-09-20 23:04:44.833855,2026-09-20 23:04:44.833855,0 days 00:00:00,,sqrt,5,200,,PRUNED
79,,2026-09-20 23:04:44.833855,2026-09-20 23:04:44.833855,0 days 00:00:00,,sqrt,1,100,,PRUNED
80,,2026-09-20 23:04:44.833855,2026-09-20 23:04:44.833855,0 days 00:00:00,8.0,sqrt,5,200,,PRUNED
81,,2026-09-20 23:04:44.833855,2026-09-20 23:04:44.833855,0 days 00:00:00,8.0,0.7,5,300,,PRUNED
82,,2026-09-20 23:04:44.833855,2026-09-20 23:04:44.833855,0 days 00:00:00,8.0,0.7,5,300,,PRUNED
83,,2026-09-20 23:04:44.833855,2026-09-20 23:04:44.849515,0 days 00:00:00.015660,8.0,0.7,5,300,,PRUNED
84,,2026-09-20 23:04:44.849515,2026-09-20 23:04:44.852416,0 days 00:00:00.002901,8.0,0.7,5,300,,PRUNED
85,,2026-09-20 23:04:44.852416,2026-09-20 23:04:44.852416,0 days 00:00:00,8.0,0.7,5,300,,PRUNED
86,0.6219742318999586,2026-09-20 23:04:44.852416,2026-09-20 23:04:51.195007,0 days 00:00:06.342591,,0.7,5,300,"{'max_depth': None, 'max_features': 0.7, 'min_samples_leaf': 5, 'n_estimators': 300}",COMPLETE
87,,2026-09-20 23:04:51.195007,2026-09-20 23:04:51.199322,0 days 00:00:00.004315,8.0,sqrt,5,100,,PRUNED
88,,2026-09-20 23:04:51.199322,2026-09-20 23:04:51.199322,0 days 00:00:00,8.0,sqrt,1,200,,PRUNED
89,,2026-09-20 23:04:51.199322,2026-09-20 23:04:51.207273,0 days 00:00:00.007951,8.0,sqrt,5,300,,PRUNED
90,,2026-09-20 23:04:51.207273,2026-09-20 23:04:51.209966,0 days 00:00:00.002693,8.0,sqrt,5,100,,PRUNED
91,,2026-09-20 23:04:51.209966,2026-09-20 23:04:51.209966,0 days 00:00:00,8.0,0.7,1,300,,PRUNED
92,,2026-09-20 23:04:51.209966,2026-09-20 23:04:51.214996,0 days 00:00:00.005030,8.0,0.7,1,300,,PRUNED
93,,2026-09-20 23:04:51.214996,2026-09-20 23:04:51.218292,0 days 00:00:00.003296,8.0,0.7,1,300,,PRUNED
94,,2026-09-20 23:04:51.218292,2026-09-20 23:04:51.220939,0 days 00:00:00.002647,8.0,0.7,1,300,,PRUNED
95,0.6367846156550475,2026-09-20 23:04:51.220939,2026-09-20 23:04:53.379413,0 days 00:00:02.158474,8.0,0.7,1,100,"{'max_depth': 8, 'max_features': 0.7, 'min_samples_leaf': 1, 'n_estimators': 100}",COMPLETE
