number,value,datetime_start,datetime_complete,duration,params_learning_rate,params_max_depth,params_n_estimators,params_subsample,state
0,0.5606302462547571,2026-09-20 08:57:10.853584,2026-09-20 08:57:12.536207,0 days 00:00:01.682623,0.07197752815320248,6,300,0.8777039017466828,COMPLETE
1,0.5914896569359299,2026-09-20 08:57:12.536207,2026-09-20 08:57:13.234903,0 days 00:00:00.698696,0.05113766068949408,2,300,0.8502897150778129,COMPLETE
2,0.5589503982312516,2026-09-20 08:57:13.250944,2026-09-20 08:57:13.774060,0 days 00:00:00.523116,0.0431326884600767,2,100,0.9734739180319125,COMPLETE
3,0.5960686670716462,2026-09-20 08:57:13.774060,2026-09-20 08:57:14.469531,0 days 00:00:00.695471,0.044053640395744935,2,300,0.8925148211266262,COMPLETE
4,0.5736683502114542,2026-09-20 08:57:14.469531,2026-09-20 08:57:15.405215,0 days 00:00:00.935684,0.046113134599471056,4,300,0.9830468337843895,COMPLETE
5,0.577985408430953,2026-09-20 08:57:15.405215,2026-09-20 08:57:15.950900,0 days 00:00:00.545685,0.05660668011439518,2,100,0.8990474274479066,COMPLETE
6,0.5474201749590978,2026-09-20 08:57:15.950900,2026-09-20 08:57:16.475164,0 days 00:00:00.524264,0.035065018019301834,2,100,0.8741544082794696,COMPLETE
7,0.5900970825979074,2026-09-20 08:57:16.475164,2026-09-20 08:57:16.980405,0 days 00:00:00.505241,0.07965650412868863,2,100,0.9088879826105758,COMPLETE
8,0.5764389632693084,2026-09-20 08:57:16.980405,2026-09-20 08:57:17.907378,0 days 00:00:00.926973,0.031557896778687866,4,300,0.8003262271003486,COMPLETE
9,0.5630689797550268,2026-09-20 08:57:17.907378,2026-09-20 08:57:18.937671,0 days 00:00:01.030293,0.062354860263054014,6,300,0.9400607794553422,COMPLETE
10,0.5721242357544631,2026-09-20 08:57:18.937671,2026-09-20 08:57:19.857407,0 days 00:00:00.919736,0.037890484658873236,4,300,0.8079533100383461,COMPLETE
11,0.5831015756660172,2026-09-20 08:57:19.857407,2026-09-20 08:57:20.586873,0 days 00:00:00.729466,0.09635835200523593,2,300,0.8467251482702588,COMPLETE
12,0.5910809841424755,2026-09-20 08:57:20.586873,2026-09-20 08:57:21.269794,0 days 00:00:00.682921,0.04594381516549189,2,300,0.8432486897530603,COMPLETE
13,0.5915523702240891,2026-09-20 08:57:21.269794,2026-09-20 08:57:22.001717,0 days 00:00:00.731923,0.05176838898288665,2,300,0.8414600228898395,COMPLETE
14,0.5897058976044264,2026-09-20 08:57:22.001717,2026-09-20 08:57:22.721220,0 days 00:00:00.719503,0.062469496062293385,2,300,0.929985471937821,COMPLETE
15,0.574096639659537,2026-09-20 08:57:22.721220,2026-09-20 08:57:23.827689,0 days 00:00:01.106469,0.039706214543740716,6,300,0.8258026509021744,COMPLETE
16,0.596483343674437,2026-09-20 08:57:23.843676,2026-09-20 08:57:24.550825,0 days 00:00:00.707149,0.052380073771229343,2,300,0.874916684665519,COMPLETE
17,0.590150725011609,2026-09-20 08:57:24.550825,2026-09-20 08:57:25.256892,0 days 00:00:00.706067,0.059339465449998983,2,300,0.8779241305225334,COMPLETE
18,0.5783411375237448,2026-09-20 08:57:25.256892,2026-09-20 08:57:25.805838,0 days 00:00:00.548946,0.07241448119176142,4,100,0.9405528642145532,COMPLETE
19,0.5670751323352324,2026-09-20 08:57:25.805838,2026-09-20 08:57:26.889653,0 days 00:00:01.083815,0.05015501063303645,6,300,0.8997779232734986,COMPLETE
20,0.5907282397728632,2026-09-20 08:57:26.889653,2026-09-20 08:57:27.592478,0 days 00:00:00.702825,0.03051522102132162,2,300,0.9174644129250656,COMPLETE
21,0.5916979004405111,2026-09-20 08:57:27.592478,2026-09-20 08:57:28.295264,0 days 00:00:00.702786,0.05277386152543142,2,300,0.8631900292902863,COMPLETE
22,0.593640425635433,2026-09-20 08:57:28.295264,2026-09-20 08:57:29.002368,0 days 00:00:00.707104,0.041065393474154346,2,300,0.8657594291056352,COMPLETE
23,0.5950998177675514,2026-09-20 08:57:29.002368,2026-09-20 08:57:29.751612,0 days 00:00:00.749244,0.04097765032811632,2,300,0.8874523519130862,COMPLETE
