number,value,datetime_start,datetime_complete,duration,params_learning_rate,params_max_depth,params_n_estimators,params_subsample,state
0,0.6290543407315923,2026-09-20 23:42:05.500406,2026-09-20 23:42:06.688481,0 days 00:00:01.188075,0.03292575752729678,6,300,0.9324969904305744,COMPLETE
1,0.6174303419900523,2026-09-20 23:42:06.688481,2026-09-20 23:42:07.548786,0 days 00:00:00.860305,0.08336285879463812,4,300,0.900074944571095,COMPLETE
2,0.6188877404439548,2026-09-20 23:42:07.548786,2026-09-20 23:42:08.414738,0 days 00:00:00.865952,0.03876371516454216,4,300,0.9711410413791213,COMPLETE
3,0.6274845301073849,2026-09-20 23:42:08.414738,2026-09-20 23:42:09.131809,0 days 00:00:00.717071,0.06487326478658173,2,300,0.902497004668141,COMPLETE
4,0.6212251640874292,2026-09-20 23:42:09.131809,2026-09-20 23:42:09.974214,0 days 00:00:00.842405,0.051663232598130014,4,300,0.9664532683396339,COMPLETE
5,0.6272954117025307,2026-09-20 23:42:09.974214,2026-09-20 23:42:10.710127,0 days 00:00:00.735913,0.0641302982264032,2,300,0.8249522579345304,COMPLETE
6,0.6209715940110093,2026-09-20 23:42:10.710127,2026-09-20 23:42:11.560704,0 days 00:00:00.850577,0.04421737605891519,4,300,0.9906809982364969,COMPLETE
7,0.6236999147485082,2026-09-20 23:42:11.560704,2026-09-20 23:42:12.120034,0 days 00:00:00.559330,0.03574456498401314,4,100,0.9069714488643048,COMPLETE
8,0.6331987217032995,2026-09-20 23:42:12.120034,2026-09-20 23:42:12.819126,0 days 00:00:00.699092,0.030401871072744408,6,100,0.8385834637027494,COMPLETE
9,0.6238630763753313,2026-09-20 23:42:12.819126,2026-09-20 23:42:13.462217,0 days 00:00:00.643091,0.0979240150957933,6,100,0.826566811869257,COMPLETE
10,0.629860238003277,2026-09-20 23:42:13.462217,2026-09-20 23:42:14.157425,0 days 00:00:00.695208,0.03050151178884275,6,100,0.8575964531032799,COMPLETE
11,0.6317607641061874,2026-09-20 23:42:14.157425,2026-09-20 23:42:14.883908,0 days 00:00:00.726483,0.030760614865098374,6,100,0.8567862671093597,COMPLETE
12,0.6247163127807586,2026-09-20 23:42:14.883908,2026-09-20 23:42:15.577047,0 days 00:00:00.693139,0.04211664229110857,6,100,0.8595006761949228,COMPLETE
13,0.6299215642417402,2026-09-20 23:42:15.577047,2026-09-20 23:42:16.277335,0 days 00:00:00.700288,0.03013320745885752,6,100,0.8569862846638916,COMPLETE
14,0.6308576595004342,2026-09-20 23:42:16.277335,2026-09-20 23:42:16.936817,0 days 00:00:00.659482,0.050635157909208424,6,100,0.8044139291082322,COMPLETE
15,0.6297681720593397,2026-09-20 23:42:16.936817,2026-09-20 23:42:17.632520,0 days 00:00:00.695703,0.03668911143399511,6,100,0.8748919968411688,COMPLETE
16,0.6309836452787988,2026-09-20 23:42:17.632520,2026-09-20 23:42:18.355209,0 days 00:00:00.722689,0.044594883447783944,6,100,0.825259441086766,COMPLETE
17,0.6295139388106169,2026-09-20 23:42:18.355209,2026-09-20 23:42:18.846756,0 days 00:00:00.491547,0.06417171653514078,2,100,0.878329410548076,COMPLETE
18,0.6302534356328774,2026-09-20 23:42:18.846756,2026-09-20 23:42:19.588646,0 days 00:00:00.741890,0.03432321616899551,6,100,0.8038038135075022,COMPLETE
19,0.6305183585781301,2026-09-20 23:42:19.588646,2026-09-20 23:42:20.252958,0 days 00:00:00.664312,0.04102899038776212,6,100,0.8414283422788785,COMPLETE
20,0.6305547438991308,2026-09-20 23:42:20.252958,2026-09-20 23:42:20.768566,0 days 00:00:00.515608,0.048675850199229306,2,100,0.929530450346686,COMPLETE
21,0.6255047066111294,2026-09-20 23:42:20.768566,2026-09-20 23:42:21.450591,0 days 00:00:00.682025,0.05755644325432169,6,100,0.8330809684271029,COMPLETE
22,0.6302341581806795,2026-09-20 23:42:21.450591,2026-09-20 23:42:22.142991,0 days 00:00:00.692400,0.032348374257317965,6,100,0.8436367647702129,COMPLETE
23,0.6304933992868152,2026-09-20 23:42:22.142991,2026-09-20 23:42:22.834484,0 days 00:00:00.691493,0.045717773394248956,6,100,0.8748678989211484,COMPLETE
