number,value,datetime_start,datetime_complete,duration,params_C,params_gamma,state
0,0.5965435631524795,2026-09-20 18:51:57.169811,2026-09-20 18:52:05.059073,0 days 00:00:07.889262,61.33739212180436,0.0017439760964290862,COMPLETE
1,0.6243734713663761,2026-09-20 18:52:05.059073,2026-09-20 18:52:13.101631,0 days 00:00:08.042558,0.04114697688879157,0.026335358952753712,COMPLETE
2,0.6127322820088151,2026-09-20 18:52:13.101631,2026-09-20 18:52:20.514352,0 days 00:00:07.412721,0.5103779448742338,0.026722207048592392,COMPLETE
3,0.6262727188315215,2026-09-20 18:52:20.514352,2026-09-20 18:52:28.785118,0 days 00:00:08.270766,0.061203475235098385,0.031820858271154925,COMPLETE
4,0.6122618842081426,2026-09-20 18:52:28.785118,2026-09-20 18:52:36.421093,0 days 00:00:07.635975,44.75138975553702,0.032107066786828835,COMPLETE
5,0.4651193810857676,2026-09-20 18:52:36.421093,2026-09-20 18:52:45.723703,0 days 00:00:09.302610,36.25371147832527,0.9899463957510125,COMPLETE
6,0.6229009509483215,2026-09-20 18:52:45.723703,2026-09-20 18:52:53.209584,0 days 00:00:07.485881,0.09186209563985945,0.050717094965617514,COMPLETE
7,0.6112215582890451,2026-09-20 18:52:53.209584,2026-09-20 18:53:00.115271,0 days 00:00:06.905687,1.1536595249287842,0.029058269134199826,COMPLETE
8,0.13992635455023672,2026-09-20 18:53:00.115271,2026-09-20 18:53:11.517990,0 days 00:00:11.402719,0.011854632044327025,0.0030473311097483726,COMPLETE
9,0.48542126453339796,2026-09-20 18:53:11.517990,2026-09-20 18:53:17.542848,0 days 00:00:06.024858,789.7855594056861,0.26350423671699663,COMPLETE
10,0.6267048597887389,2026-09-20 18:53:17.543849,2026-09-20 18:53:26.338086,0 days 00:00:08.794237,0.179334395818267,0.005995105797812554,COMPLETE
11,0.6263813922738817,2026-09-20 18:53:26.338086,2026-09-20 18:53:34.522752,0 days 00:00:08.184666,0.24074032962342834,0.005968511575115156,COMPLETE
12,0.6251813621779828,2026-09-20 18:53:34.522752,2026-09-20 18:53:42.350478,0 days 00:00:07.827726,0.35689972233601525,0.0058954701417721096,COMPLETE
13,0.6012039366367694,2026-09-20 18:53:42.350478,2026-09-20 18:53:49.287993,0 days 00:00:06.937515,4.766041506858002,0.006927382043525155,COMPLETE
14,0.6013039839629436,2026-09-20 18:53:49.287993,2026-09-20 18:53:56.405181,0 days 00:00:07.117188,4.135248633055085,0.007402124285957914,COMPLETE
15,0.617936402508566,2026-09-20 18:53:56.405181,2026-09-20 18:54:06.198113,0 days 00:00:09.792932,0.19272077122415054,0.001091793138742586,COMPLETE
16,0.6165253315938247,2026-09-20 18:54:06.198113,2026-09-20 18:54:17.555123,0 days 00:00:11.357010,0.013012760277358782,0.01030639975818949,COMPLETE
17,0.6183914893894112,2026-09-20 18:54:17.555123,2026-09-20 18:54:25.067498,0 days 00:00:07.512375,1.3677102518209678,0.003741781414664411,COMPLETE
18,0.6081419159285429,2026-09-20 18:54:25.067498,2026-09-20 18:54:32.350371,0 days 00:00:07.282873,7.544492709194114,0.013149229099637758,COMPLETE
19,0.6222243124409975,2026-09-20 18:54:32.350371,2026-09-20 18:54:40.302689,0 days 00:00:07.952318,0.1440107897610641,0.0992708052399484,COMPLETE
20,0.6260579299754877,2026-09-20 18:54:40.302689,2026-09-20 18:54:48.433336,0 days 00:00:08.130647,0.8216678257754151,0.002369594589704681,COMPLETE
21,0.6214878653828183,2026-09-20 18:54:48.433336,2026-09-20 18:54:57.227318,0 days 00:00:08.793982,0.030440679906266022,0.09880962712851361,COMPLETE
22,0.6253586002211134,2026-09-20 18:54:57.227318,2026-09-20 18:55:06.002354,0 days 00:00:08.775036,0.06113369517233339,0.01611567695819305,COMPLETE
23,0.6190689642962074,2026-09-20 18:55:06.002354,2026-09-20 18:55:13.583711,0 days 00:00:07.581357,0.2874465409920881,0.05613966279417014,COMPLETE
