number,value,datetime_start,datetime_complete,duration,params_learning_rate,params_max_depth,params_n_estimators,params_subsample,state
0,0.568643343471697,2026-09-21 04:55:04.747697,2026-09-21 04:55:05.397875,0 days 00:00:00.650178,0.09394606378496297,6,100,0.8757778622422348,COMPLETE
1,0.560780003443533,2026-09-21 04:55:05.397875,2026-09-21 04:55:06.299049,0 days 00:00:00.901174,0.05849992793502423,2,100,0.8455634026606604,COMPLETE
2,0.5795474837622593,2026-09-21 04:55:06.299049,2026-09-21 04:55:07.008126,0 days 00:00:00.709077,0.049629427827827984,2,300,0.8140671116910695,COMPLETE
3,0.5787634672187999,2026-09-21 04:55:07.008126,2026-09-21 04:55:07.595065,0 days 00:00:00.586939,0.09001979455823325,4,100,0.9057627721325958,COMPLETE
4,0.5699417776167283,2026-09-21 04:55:07.595065,2026-09-21 04:55:08.262014,0 days 00:00:00.666949,0.07770152227450343,6,100,0.9925863725598211,COMPLETE
5,0.5395123552091796,2026-09-21 04:55:08.262014,2026-09-21 04:55:08.773237,0 days 00:00:00.511223,0.04232444547954579,2,100,0.8004384316126552,COMPLETE
6,0.5660266217249544,2026-09-21 04:55:08.773237,2026-09-21 04:55:09.901650,0 days 00:00:01.128413,0.0580866730172099,6,300,0.8048629229060106,COMPLETE
7,0.5750776874185883,2026-09-21 04:55:09.901650,2026-09-21 04:55:10.621765,0 days 00:00:00.720115,0.04133915346741647,2,300,0.8822445842512908,COMPLETE
8,0.5794720445653591,2026-09-21 04:55:10.621765,2026-09-21 04:55:11.504551,0 days 00:00:00.882786,0.030531420431893573,4,300,0.9446445948900336,COMPLETE
9,0.5744209249244489,2026-09-21 04:55:11.504551,2026-09-21 04:55:12.228750,0 days 00:00:00.724199,0.044542335486476764,2,300,0.8368751601520706,COMPLETE
10,0.5706180925092099,2026-09-21 04:55:12.228750,2026-09-21 04:55:12.926293,0 days 00:00:00.697543,0.03152112400182383,2,300,0.9368540996578187,COMPLETE
11,0.5874521945857043,2026-09-21 04:55:12.926293,2026-09-21 04:55:13.842412,0 days 00:00:00.916119,0.03448415889804612,4,300,0.9600916722153584,COMPLETE
12,0.5816884711697047,2026-09-21 04:55:13.842412,2026-09-21 04:55:14.721855,0 days 00:00:00.879443,0.036630491946836215,4,300,0.9982933763788651,COMPLETE
13,0.5817585602979422,2026-09-21 04:55:14.721855,2026-09-21 04:55:15.609512,0 days 00:00:00.887657,0.03325396785592236,4,300,0.9947753898648669,COMPLETE
14,0.5825760746584051,2026-09-21 04:55:15.609512,2026-09-21 04:55:16.487329,0 days 00:00:00.877817,0.03688018854011947,4,300,0.9572475411500626,COMPLETE
15,0.5828271819387599,2026-09-21 04:55:16.487329,2026-09-21 04:55:17.367052,0 days 00:00:00.879723,0.03822806610353511,4,300,0.9581723171518622,COMPLETE
16,0.5868082104236084,2026-09-21 04:55:17.367052,2026-09-21 04:55:18.239199,0 days 00:00:00.872147,0.050835149662195725,4,300,0.9617494562863002,COMPLETE
17,0.5768399146444958,2026-09-21 04:55:18.239199,2026-09-21 04:55:19.128408,0 days 00:00:00.889209,0.06840565953028059,4,300,0.9108640256148061,COMPLETE
18,0.5739322348386451,2026-09-21 04:55:19.128408,2026-09-21 04:55:20.003352,0 days 00:00:00.874944,0.05088876119201153,4,300,0.9700606758559409,COMPLETE
19,0.5770153831001582,2026-09-21 04:55:20.003352,2026-09-21 04:55:20.882328,0 days 00:00:00.878976,0.0660049348785543,4,300,0.9269759419135373,COMPLETE
20,0.5830836678665506,2026-09-21 04:55:20.882328,2026-09-21 04:55:21.755185,0 days 00:00:00.872857,0.04835797513063525,4,300,0.9746690282527406,COMPLETE
21,0.5818522714555285,2026-09-21 04:55:21.755185,2026-09-21 04:55:22.644891,0 days 00:00:00.889706,0.04724303882143269,4,300,0.9664212565624329,COMPLETE
22,0.5779889896774123,2026-09-21 04:55:22.644891,2026-09-21 04:55:23.539654,0 days 00:00:00.894763,0.05308134824399742,4,300,0.9792175705047902,COMPLETE
23,0.5763589246563413,2026-09-21 04:55:23.539654,2026-09-21 04:55:24.408951,0 days 00:00:00.869297,0.06542144444026425,4,300,0.9224788191100882,COMPLETE
