number,value,datetime_start,datetime_complete,duration,params_C,params_gamma,state
0,0.5034025373753878,2026-09-21 01:00:55.353363,2026-09-21 01:00:57.973653,0 days 00:00:02.620290,595.4336845877774,0.11579479670879479,COMPLETE
1,0.4789968779521796,2026-09-21 01:00:57.973653,2026-09-21 01:01:00.151586,0 days 00:00:02.177933,909.0155391718579,0.9203598638178907,COMPLETE
2,0.5190336263935572,2026-09-21 01:01:00.151586,2026-09-21 01:01:02.014376,0 days 00:00:01.862790,10.117925943735754,0.4655981010449633,COMPLETE
3,0.6208670935725996,2026-09-21 01:01:02.014376,2026-09-21 01:01:03.567398,0 days 00:00:01.553022,7.442562642350832,0.0023472199705666303,COMPLETE
4,0.6092418368622335,2026-09-21 01:01:03.567398,2026-09-21 01:01:05.231843,0 days 00:00:01.664445,149.76310543527,0.004707837802363043,COMPLETE
5,0.6153436372653193,2026-09-21 01:01:05.231843,2026-09-21 01:01:06.757945,0 days 00:00:01.526102,3.0462140988997164,0.01006860487441625,COMPLETE
6,0.6044328329639844,2026-09-21 01:01:06.757945,2026-09-21 01:01:09.130965,0 days 00:00:02.373020,0.015657588106362474,0.006341230396878302,COMPLETE
7,0.6156756735472491,2026-09-21 01:01:09.130965,2026-09-21 01:01:11.104551,0 days 00:00:01.973586,0.20520671733226056,0.002739526799011112,COMPLETE
8,0.6126095176440164,2026-09-21 01:01:11.104551,2026-09-21 01:01:12.666961,0 days 00:00:01.562410,6.332031452779816,0.042508513464313814,COMPLETE
9,0.6147282347748207,2026-09-21 01:01:12.666961,2026-09-21 01:01:14.606474,0 days 00:00:01.939513,0.4309290934040368,0.0011291628984614888,COMPLETE
10,0.6088824258808021,2026-09-21 01:01:14.606474,2026-09-21 01:01:16.303204,0 days 00:00:01.696730,47.25331281740238,0.02193412839769887,COMPLETE
11,0.6133027257914369,2026-09-21 01:01:16.303204,2026-09-21 01:01:18.327691,0 days 00:00:02.024487,0.23028277499718774,0.001669509210905455,COMPLETE
12,0.6174418494063166,2026-09-21 01:01:18.327691,2026-09-21 01:01:20.205554,0 days 00:00:01.877863,0.2744571294368437,0.002533596458848264,COMPLETE
13,0.6224962115993938,2026-09-21 01:01:20.205554,2026-09-21 01:01:21.749207,0 days 00:00:01.543653,1.2135965199136352,0.016339414444599187,COMPLETE
14,0.620244767188103,2026-09-21 01:01:21.749207,2026-09-21 01:01:23.297179,0 days 00:00:01.547972,1.317211621172993,0.017957393841942722,COMPLETE
15,0.5928169421410454,2026-09-21 01:01:23.297179,2026-09-21 01:01:25.035248,0 days 00:00:01.738069,26.54509059266472,0.06334887750615652,COMPLETE
16,0.614840314875824,2026-09-21 01:01:25.035248,2026-09-21 01:01:26.606909,0 days 00:00:01.571661,1.2724394247928155,0.14011829809468895,COMPLETE
17,0.6105666227865819,2026-09-21 01:01:26.606909,2026-09-21 01:01:28.606221,0 days 00:00:01.999312,0.03268846686485892,0.012611723492638012,COMPLETE
18,0.6128478715313433,2026-09-21 01:01:28.606221,2026-09-21 01:01:30.653707,0 days 00:00:02.047486,0.06601799478747668,0.005552328923508431,COMPLETE
19,0.6029470220091614,2026-09-21 01:01:30.653707,2026-09-21 01:01:32.383844,0 days 00:00:01.730137,42.993038561858604,0.03412555702214128,COMPLETE
20,0.6198875542617012,2026-09-21 01:01:32.383844,2026-09-21 01:01:34.127388,0 days 00:00:01.743544,1.3353307852175653,0.0010856587366854312,COMPLETE
21,0.6193508535210052,2026-09-21 01:01:34.127388,2026-09-21 01:01:35.682622,0 days 00:00:01.555234,1.334972260563694,0.021139122793924752,COMPLETE
22,0.6067860108363688,2026-09-21 01:01:35.682622,2026-09-21 01:01:37.211247,0 days 00:00:01.528625,9.808167568750537,0.010883739292548081,COMPLETE
23,0.6100387120505218,2026-09-21 01:01:37.211247,2026-09-21 01:01:38.774495,0 days 00:00:01.563248,3.2117542333790614,0.09451730075399215,COMPLETE
