number,value,datetime_start,datetime_complete,duration,params_var_smoothing,state
0,0.6094877012359129,2026-09-21 01:41:51.646519,2026-09-21 01:41:52.066563,0 days 00:00:00.420044,0.000213005937113188,COMPLETE
1,0.6094877012359129,2026-09-21 01:41:52.066563,2026-09-21 01:41:52.492876,0 days 00:00:00.426313,0.00017926818551464334,COMPLETE
2,0.6094877012359129,2026-09-21 01:41:52.492876,2026-09-21 01:41:52.938218,0 days 00:00:00.445342,3.233857353878807e-10,COMPLETE
3,0.6094877012359129,2026-09-21 01:41:52.938218,2026-09-21 01:41:53.361139,0 days 00:00:00.422921,4.611119753889652e-08,COMPLETE
4,0.6094877012359129,2026-09-21 01:41:53.361139,2026-09-21 01:41:53.779607,0 days 00:00:00.418468,1.1254111216770963e-10,COMPLETE
5,0.6094877012359129,2026-09-21 01:41:53.779607,2026-09-21 01:41:54.199942,0 days 00:00:00.420335,2.0047240624540884e-10,COMPLETE
6,0.6094877012359129,2026-09-21 01:41:54.199942,2026-09-21 01:41:54.622068,0 days 00:00:00.422126,7.926991586137539e-07,COMPLETE
7,0.6094877012359129,2026-09-21 01:41:54.622068,2026-09-21 01:41:55.052156,0 days 00:00:00.430088,0.00013758628667372966,COMPLETE
8,0.5958768182092483,2026-09-21 01:41:55.052156,2026-09-21 01:41:55.455612,0 days 00:00:00.403456,0.06921072849341744,COMPLETE
9,0.5977774099145626,2026-09-21 01:41:55.455612,2026-09-21 01:41:55.895807,0 days 00:00:00.440195,0.06475335019192703,COMPLETE
10,0.6094877012359129,2026-09-21 01:41:55.895807,2026-09-21 01:41:56.327235,0 days 00:00:00.431428,0.0001699020213575045,COMPLETE
11,0.6094877012359129,2026-09-21 01:41:56.327235,2026-09-21 01:41:56.770629,0 days 00:00:00.443394,0.0001921898169126604,COMPLETE
12,0.6094877012359129,2026-09-21 01:41:56.770629,2026-09-21 01:41:57.210155,0 days 00:00:00.439526,3.422855297247879e-06,COMPLETE
13,0.6089105984640445,2026-09-21 01:41:57.210155,2026-09-21 01:41:57.623332,0 days 00:00:00.413177,0.0013074872743437443,COMPLETE
14,0.6094877012359129,2026-09-21 01:41:57.623332,2026-09-21 01:41:58.091901,0 days 00:00:00.468569,5.9522605018243345e-06,COMPLETE
15,0.6094877012359129,2026-09-21 01:41:58.091901,2026-09-21 01:41:58.540192,0 days 00:00:00.448291,2.3484889860134114e-08,COMPLETE
16,0.6072225256844775,2026-09-21 01:41:58.540192,2026-09-21 01:41:58.965817,0 days 00:00:00.425625,0.007325330176919533,COMPLETE
17,0.6094877012359129,2026-09-21 01:41:58.965817,2026-09-21 01:41:59.391861,0 days 00:00:00.426044,1.3978122002870227e-12,COMPLETE
18,0.6094877012359129,2026-09-21 01:41:59.391861,2026-09-21 01:41:59.815618,0 days 00:00:00.423757,2.2965291984234772e-05,COMPLETE
19,0.6089105984640445,2026-09-21 01:41:59.815618,2026-09-21 01:42:00.251843,0 days 00:00:00.436225,0.0018302116129839318,COMPLETE
20,0.6094877012359129,2026-09-21 01:42:00.251843,2026-09-21 01:42:00.711505,0 days 00:00:00.459662,7.647158471994767e-08,COMPLETE
21,0.6094877012359129,2026-09-21 01:42:00.711505,2026-09-21 01:42:01.131572,0 days 00:00:00.420067,3.7238613137485264e-09,COMPLETE
22,0.6094877012359129,2026-09-21 01:42:01.131572,2026-09-21 01:42:01.549013,0 days 00:00:00.417441,1.6578526770012275e-11,COMPLETE
23,0.6094877012359129,2026-09-21 01:42:01.549013,2026-09-21 01:42:01.972599,0 days 00:00:00.423586,1.6984247590622538e-09,COMPLETE
