number,value,datetime_start,datetime_complete,duration,params_var_smoothing,state
0,0.6002462216447607,2026-09-21 01:42:03.770812,2026-09-21 01:42:04.202343,0 days 00:00:00.431531,3.0233515449949993e-09,COMPLETE
1,0.597462502886481,2026-09-21 01:42:04.202343,2026-09-21 01:42:04.630188,0 days 00:00:00.427845,0.029532572820903852,COMPLETE
2,0.5998781457074993,2026-09-21 01:42:04.630188,2026-09-21 01:42:05.061769,0 days 00:00:00.431581,0.0015070312181197955,COMPLETE
3,0.6002462216447607,2026-09-21 01:42:05.061769,2026-09-21 01:42:05.484209,0 days 00:00:00.422440,2.852769762940858e-07,COMPLETE
4,0.6002462216447607,2026-09-21 01:42:05.484209,2026-09-21 01:42:05.900710,0 days 00:00:00.416501,6.504090983613548e-12,COMPLETE
5,0.6006001114088027,2026-09-21 01:42:05.900710,2026-09-21 01:42:06.304495,0 days 00:00:00.403785,0.010612296738389227,COMPLETE
6,0.6002462216447607,2026-09-21 01:42:06.304495,2026-09-21 01:42:06.723111,0 days 00:00:00.418616,2.7423603560594053e-11,COMPLETE
7,0.6002462216447607,2026-09-21 01:42:06.723111,2026-09-21 01:42:07.153927,0 days 00:00:00.430816,8.092881167378874e-08,COMPLETE
8,0.6002462216447607,2026-09-21 01:42:07.153927,2026-09-21 01:42:07.582731,0 days 00:00:00.428804,0.0002689437558209913,COMPLETE
9,0.6002462216447607,2026-09-21 01:42:07.582731,2026-09-21 01:42:07.999108,0 days 00:00:00.416377,5.700670030671797e-05,COMPLETE
10,0.5922493807963515,2026-09-21 01:42:07.999108,2026-09-21 01:42:08.456869,0 days 00:00:00.457761,0.08660103156102507,COMPLETE
11,0.6002462216447607,2026-09-21 01:42:08.456869,2026-09-21 01:42:08.884408,0 days 00:00:00.427539,1.7947575197044902e-09,COMPLETE
12,0.6002462216447607,2026-09-21 01:42:08.884408,2026-09-21 01:42:09.308022,0 days 00:00:00.423614,2.6818538820080754e-09,COMPLETE
13,0.6002462216447607,2026-09-21 01:42:09.308022,2026-09-21 01:42:09.708878,0 days 00:00:00.400856,5.678552789916825e-06,COMPLETE
14,0.6002462216447607,2026-09-21 01:42:09.708878,2026-09-21 01:42:10.148585,0 days 00:00:00.439707,1.2401371023982387e-09,COMPLETE
15,0.6002462216447607,2026-09-21 01:42:10.148585,2026-09-21 01:42:10.585726,0 days 00:00:00.437141,3.4105355769061636e-06,COMPLETE
16,0.6002462216447607,2026-09-21 01:42:10.585726,2026-09-21 01:42:11.007843,0 days 00:00:00.422117,1.2187542960704464e-08,COMPLETE
17,0.6002462216447607,2026-09-21 01:42:11.007843,2026-09-21 01:42:11.425949,0 days 00:00:00.418106,1.4033755447783293e-10,COMPLETE
18,0.6004911093574328,2026-09-21 01:42:11.425949,2026-09-21 01:42:11.868338,0 days 00:00:00.442389,0.003338540076969947,COMPLETE
19,0.600304835505066,2026-09-21 01:42:11.868338,2026-09-21 01:42:12.309816,0 days 00:00:00.441478,0.004287050722548029,COMPLETE
20,0.6002462216447607,2026-09-21 01:42:12.309816,2026-09-21 01:42:12.741499,0 days 00:00:00.431683,3.2601097764161135e-05,COMPLETE
21,0.6003631082062454,2026-09-21 01:42:12.741499,2026-09-21 01:42:13.156226,0 days 00:00:00.414727,0.0046012969416207765,COMPLETE
22,0.6005395700253017,2026-09-21 01:42:13.171975,2026-09-21 01:42:13.595673,0 days 00:00:00.423698,0.008066657120784762,COMPLETE
23,0.6004331882864601,2026-09-21 01:42:13.595673,2026-09-21 01:42:14.028569,0 days 00:00:00.432896,0.0006812965153607016,COMPLETE
