number,value,datetime_start,datetime_complete,duration,params_var_smoothing,state
0,0.6126294156190139,2026-09-20 20:09:32.277027,2026-09-20 20:09:32.700711,0 days 00:00:00.423684,0.0007699062974961136,COMPLETE
1,0.6131538782187872,2026-09-20 20:09:32.700711,2026-09-20 20:09:33.132453,0 days 00:00:00.431742,3.865884627768573e-08,COMPLETE
2,0.6131538782187872,2026-09-20 20:09:33.132453,2026-09-20 20:09:33.551213,0 days 00:00:00.418760,1.1424185876661312e-07,COMPLETE
3,0.6131538782187872,2026-09-20 20:09:33.551213,2026-09-20 20:09:33.996511,0 days 00:00:00.445298,2.720675610598143e-09,COMPLETE
4,0.6131538782187872,2026-09-20 20:09:33.996511,2026-09-20 20:09:34.417241,0 days 00:00:00.420730,1.3944527098768922e-08,COMPLETE
5,0.6131538782187872,2026-09-20 20:09:34.417241,2026-09-20 20:09:34.830248,0 days 00:00:00.413007,1.4315133649722177e-05,COMPLETE
6,0.6131538782187872,2026-09-20 20:09:34.830248,2026-09-20 20:09:35.242373,0 days 00:00:00.412125,2.548367855609465e-06,COMPLETE
7,0.6131538782187872,2026-09-20 20:09:35.242373,2026-09-20 20:09:35.656421,0 days 00:00:00.414048,9.965339719204941e-06,COMPLETE
8,0.6131538782187872,2026-09-20 20:09:35.656421,2026-09-20 20:09:36.084005,0 days 00:00:00.427584,9.12577216706531e-12,COMPLETE
9,0.6030712701989197,2026-09-20 20:09:36.084005,2026-09-20 20:09:36.497634,0 days 00:00:00.413629,0.03412724505225457,COMPLETE
10,0.6131538782187872,2026-09-20 20:09:36.497634,2026-09-20 20:09:36.924850,0 days 00:00:00.427216,3.711287232035069e-11,COMPLETE
11,0.6131538782187872,2026-09-20 20:09:36.924850,2026-09-20 20:09:37.336558,0 days 00:00:00.411708,1.4503251231560451e-08,COMPLETE
12,0.6131538782187872,2026-09-20 20:09:37.336558,2026-09-20 20:09:37.769047,0 days 00:00:00.432489,8.783114091540357e-08,COMPLETE
13,0.6131538782187872,2026-09-20 20:09:37.769047,2026-09-20 20:09:38.181832,0 days 00:00:00.412785,2.7239944321261745e-10,COMPLETE
14,0.6131538782187872,2026-09-20 20:09:38.181832,2026-09-20 20:09:38.600493,0 days 00:00:00.418661,4.1417278194674465e-07,COMPLETE
15,0.6127690446388129,2026-09-20 20:09:38.600493,2026-09-20 20:09:39.021986,0 days 00:00:00.421493,0.0001660900452510225,COMPLETE
16,0.6131538782187872,2026-09-20 20:09:39.021986,2026-09-20 20:09:39.433188,0 days 00:00:00.411202,2.5926306524911935e-10,COMPLETE
17,0.6131538782187872,2026-09-20 20:09:39.433188,2026-09-20 20:09:39.873683,0 days 00:00:00.440495,2.0425206075996254e-12,COMPLETE
18,0.6131538782187872,2026-09-20 20:09:39.873683,2026-09-20 20:09:40.306441,0 days 00:00:00.432758,3.331094331044223e-07,COMPLETE
19,0.6131538782187872,2026-09-20 20:09:40.306441,2026-09-20 20:09:40.721555,0 days 00:00:00.415114,2.3773065180378773e-09,COMPLETE
20,0.6125749816641943,2026-09-20 20:09:40.721555,2026-09-20 20:09:41.150493,0 days 00:00:00.428938,0.0003662418373680238,COMPLETE
21,0.6131538782187872,2026-09-20 20:09:41.150493,2026-09-20 20:09:41.559737,0 days 00:00:00.409244,2.2339108595552886e-09,COMPLETE
22,0.6131538782187872,2026-09-20 20:09:41.559737,2026-09-20 20:09:41.962258,0 days 00:00:00.402521,2.212530099087988e-08,COMPLETE
23,0.6131538782187872,2026-09-20 20:09:41.962258,2026-09-20 20:09:42.417200,0 days 00:00:00.454942,7.918413734512201e-10,COMPLETE
