number,value,datetime_start,datetime_complete,duration,params_max_depth,params_max_features,params_min_samples_leaf,params_n_estimators,system_attrs_fixed_params,state
0,0.5631921795757794,2026-09-20 21:14:53.278770,2026-09-20 21:14:55.446302,0 days 00:00:02.167532,8.0,0.7,5,100,,COMPLETE
1,0.5663117472508291,2026-09-20 21:14:55.446302,2026-09-20 21:14:56.615805,0 days 00:00:01.169503,8.0,sqrt,1,100,,COMPLETE
2,0.5628891093811695,2026-09-20 21:14:56.615805,2026-09-20 21:14:59.334539,0 days 00:00:02.718734,8.0,sqrt,5,300,,COMPLETE
3,0.5557190158073338,2026-09-20 21:14:59.334539,2026-09-20 21:15:04.168843,0 days 00:00:04.834304,,0.7,1,200,,COMPLETE
4,0.5619654584253567,2026-09-20 21:15:04.168843,2026-09-20 21:15:07.777847,0 days 00:00:03.609004,,sqrt,1,300,,COMPLETE
5,,2026-09-20 21:15:07.777847,2026-09-20 21:15:07.777847,0 days 00:00:00,8.0,sqrt,1,100,,PRUNED
6,0.5561128995240742,2026-09-20 21:15:07.777847,2026-09-20 21:15:14.868189,0 days 00:00:07.090342,,0.7,1,300,,COMPLETE
7,,2026-09-20 21:15:14.868189,2026-09-20 21:15:14.868189,0 days 00:00:00,,sqrt,1,300,,PRUNED
8,0.5650204648577613,2026-09-20 21:15:14.868189,2026-09-20 21:15:16.050747,0 days 00:00:01.182558,8.0,sqrt,5,100,,COMPLETE
9,0.5595854909479557,2026-09-20 21:15:16.050747,2026-09-20 21:15:17.992801,0 days 00:00:01.942054,8.0,sqrt,1,200,,COMPLETE
10,,2026-09-20 21:15:17.992801,2026-09-20 21:15:17.992801,0 days 00:00:00,8.0,0.7,5,100,,PRUNED
11,,2026-09-20 21:15:17.992801,2026-09-20 21:15:17.995835,0 days 00:00:00.003034,8.0,sqrt,5,100,,PRUNED
12,,2026-09-20 21:15:17.995835,2026-09-20 21:15:17.995835,0 days 00:00:00,8.0,sqrt,5,100,,PRUNED
13,,2026-09-20 21:15:17.995835,2026-09-20 21:15:17.995835,0 days 00:00:00,8.0,sqrt,5,100,,PRUNED
14,,2026-09-20 21:15:17.995835,2026-09-20 21:15:17.995835,0 days 00:00:00,8.0,sqrt,1,100,,PRUNED
15,,2026-09-20 21:15:17.995835,2026-09-20 21:15:17.995835,0 days 00:00:00,8.0,sqrt,5,100,,PRUNED
16,0.5623280511661422,2026-09-20 21:15:17.995835,2026-09-20 21:15:19.904869,0 days 00:00:01.909034,8.0,sqrt,5,200,,COMPLETE
17,,2026-09-20 21:15:19.904869,2026-09-20 21:15:19.919622,0 days 00:00:00.014753,8.0,sqrt,1,100,,PRUNED
18,0.5725199873580048,2026-09-20 21:15:19.919622,2026-09-20 21:15:22.284522,0 days 00:00:02.364900,,0.7,5,100,,COMPLETE
19,,2026-09-20 21:15:22.284522,2026-09-20 21:15:22.284522,0 days 00:00:00,,0.7,1,200,,PRUNED
20,0.5575131360050073,2026-09-20 21:15:22.284522,2026-09-20 21:15:24.862347,0 days 00:00:02.577825,,0.7,1,100,,COMPLETE
21,,2026-09-20 21:15:24.862347,2026-09-20 21:15:24.862347,0 days 00:00:00,,0.7,5,100,,PRUNED
22,,2026-09-20 21:15:24.862347,2026-09-20 21:15:24.869176,0 days 00:00:00.006829,,0.7,5,100,,PRUNED
23,,2026-09-20 21:15:24.869176,2026-09-20 21:15:24.869176,0 days 00:00:00,,0.7,5,100,,PRUNED
24,,2026-09-20 21:15:24.869176,2026-09-20 21:15:24.869176,0 days 00:00:00,8.0,sqrt,5,100,,PRUNED
25,,2026-09-20 21:15:24.869176,2026-09-20 21:15:24.869176,0 days 00:00:00,8.0,sqrt,5,100,,PRUNED
26,,2026-09-20 21:15:24.869176,2026-09-20 21:15:24.878185,0 days 00:00:00.009009,,0.7,5,100,,PRUNED
27,,2026-09-20 21:15:24.878185,2026-09-20 21:15:24.878185,0 days 00:00:00,8.0,sqrt,5,100,,PRUNED
28,,2026-09-20 21:15:24.878185,2026-09-20 21:15:24.878185,0 days 00:00:00,,0.7,1,200,,PRUNED
29,0.5609777634637602,2026-09-20 21:15:24.878185,2026-09-20 21:15:27.350745,0 days 00:00:02.472560,,sqrt,1,200,"{'max_depth': None, 'max_features': 'sqrt', 'min_samples_leaf': 1, 'n_estimators': 200}",COMPLETE
30,0.5623037742211069,2026-09-20 21:15:27.350745,2026-09-20 21:15:32.966184,0 days 00:00:05.615439,8.0,0.7,5,300,,COMPLETE
31,,2026-09-20 21:15:32.966184,2026-09-20 21:15:32.966184,0 days 00:00:00,8.0,0.7,5,100,,PRUNED
32,,2026-09-20 21:15:32.966184,2026-09-20 21:15:32.974173,0 days 00:00:00.007989,8.0,0.7,5,100,,PRUNED
33,,2026-09-20 21:15:32.974173,2026-09-20 21:15:32.974173,0 days 00:00:00,8.0,0.7,5,100,,PRUNED
34,,2026-09-20 21:15:32.974173,2026-09-20 21:15:32.974173,0 days 00:00:00,8.0,0.7,5,300,,PRUNED
35,,2026-09-20 21:15:32.974173,2026-09-20 21:15:32.981873,0 days 00:00:00.007700,8.0,0.7,5,100,,PRUNED
36,0.5595885806579725,2026-09-20 21:15:32.981873,2026-09-20 21:15:35.774228,0 days 00:00:02.792355,8.0,sqrt,1,300,,COMPLETE
37,0.5686329843852344,2026-09-20 21:15:35.774228,2026-09-20 21:15:37.018372,0 days 00:00:01.244144,,sqrt,5,100,,COMPLETE
38,,2026-09-20 21:15:37.018372,2026-09-20 21:15:37.024492,0 days 00:00:00.006120,,sqrt,5,100,,PRUNED
39,0.5597078039694132,2026-09-20 21:15:37.024492,2026-09-20 21:15:38.474855,0 days 00:00:01.450363,,sqrt,1,100,,COMPLETE
40,,2026-09-20 21:15:38.474855,2026-09-20 21:15:38.477131,0 days 00:00:00.002276,,sqrt,5,100,,PRUNED
41,,2026-09-20 21:15:38.477131,2026-09-20 21:15:38.478463,0 days 00:00:00.001332,,sqrt,5,100,,PRUNED
42,,2026-09-20 21:15:38.478463,2026-09-20 21:15:38.482327,0 days 00:00:00.003864,,sqrt,5,100,,PRUNED
43,,2026-09-20 21:15:38.482327,2026-09-20 21:15:38.482327,0 days 00:00:00,8.0,sqrt,5,100,,PRUNED
44,,2026-09-20 21:15:38.482327,2026-09-20 21:15:38.487979,0 days 00:00:00.005652,8.0,sqrt,5,300,,PRUNED
45,,2026-09-20 21:15:38.487979,2026-09-20 21:15:38.489724,0 days 00:00:00.001745,,0.7,1,100,,PRUNED
46,,2026-09-20 21:15:38.489724,2026-09-20 21:15:38.491727,0 days 00:00:00.002003,8.0,sqrt,5,100,,PRUNED
47,,2026-09-20 21:15:38.491727,2026-09-20 21:15:38.493230,0 days 00:00:00.001503,8.0,sqrt,1,200,,PRUNED
48,0.5614485710587199,2026-09-20 21:15:38.495234,2026-09-20 21:15:40.655771,0 days 00:00:02.160537,8.0,0.7,1,100,"{'max_depth': 8, 'max_features': 0.7, 'min_samples_leaf': 1, 'n_estimators': 100}",COMPLETE
49,,2026-09-20 21:15:40.655771,2026-09-20 21:15:40.655771,0 days 00:00:00,,sqrt,5,100,,PRUNED
50,,2026-09-20 21:15:40.655771,2026-09-20 21:15:40.655771,0 days 00:00:00,,0.7,5,100,,PRUNED
51,,2026-09-20 21:15:40.655771,2026-09-20 21:15:40.655771,0 days 00:00:00,8.0,sqrt,5,300,,PRUNED
52,,2026-09-20 21:15:40.655771,2026-09-20 21:15:40.655771,0 days 00:00:00,8.0,sqrt,5,300,,PRUNED
53,,2026-09-20 21:15:40.655771,2026-09-20 21:15:40.671566,0 days 00:00:00.015795,8.0,sqrt,5,300,,PRUNED
54,,2026-09-20 21:15:40.671566,2026-09-20 21:15:40.671566,0 days 00:00:00,8.0,sqrt,5,300,,PRUNED
55,,2026-09-20 21:15:40.671566,2026-09-20 21:15:40.671566,0 days 00:00:00,8.0,sqrt,5,100,,PRUNED
56,,2026-09-20 21:15:40.671566,2026-09-20 21:15:40.671566,0 days 00:00:00,8.0,sqrt,1,200,,PRUNED
57,0.5655128810919812,2026-09-20 21:15:40.671566,2026-09-20 21:15:47.083118,0 days 00:00:06.411552,,0.7,5,300,"{'max_depth': None, 'max_features': 0.7, 'min_samples_leaf': 5, 'n_estimators': 300}",COMPLETE
58,,2026-09-20 21:15:47.083118,2026-09-20 21:15:47.089436,0 days 00:00:00.006318,,0.7,5,300,,PRUNED
59,,2026-09-20 21:15:47.089436,2026-09-20 21:15:47.092427,0 days 00:00:00.002991,,0.7,5,100,,PRUNED
60,,2026-09-20 21:15:47.092427,2026-09-20 21:15:47.095091,0 days 00:00:00.002664,,0.7,5,100,,PRUNED
61,,2026-09-20 21:15:47.095091,2026-09-20 21:15:47.097535,0 days 00:00:00.002444,,0.7,5,300,,PRUNED
62,,2026-09-20 21:15:47.097535,2026-09-20 21:15:47.099042,0 days 00:00:00.001507,,0.7,5,300,,PRUNED
63,,2026-09-20 21:15:47.099042,2026-09-20 21:15:47.102670,0 days 00:00:00.003628,8.0,0.7,5,300,,PRUNED
64,0.5723126405117879,2026-09-20 21:15:47.102670,2026-09-20 21:15:50.090621,0 days 00:00:02.987951,,sqrt,5,300,,COMPLETE
65,,2026-09-20 21:15:50.090621,2026-09-20 21:15:50.093533,0 days 00:00:00.002912,,sqrt,5,300,,PRUNED
66,,2026-09-20 21:15:50.093533,2026-09-20 21:15:50.093533,0 days 00:00:00,,0.7,1,100,,PRUNED
67,,2026-09-20 21:15:50.093533,2026-09-20 21:15:50.093533,0 days 00:00:00,,sqrt,5,100,,PRUNED
68,0.5657460685150643,2026-09-20 21:15:50.093533,2026-09-20 21:15:54.508604,0 days 00:00:04.415071,,0.7,5,200,,COMPLETE
69,,2026-09-20 21:15:54.508604,2026-09-20 21:15:54.513492,0 days 00:00:00.004888,,0.7,5,200,,PRUNED
70,0.5720249776493299,2026-09-20 21:15:54.513492,2026-09-20 21:15:56.635411,0 days 00:00:02.121919,,sqrt,5,200,,COMPLETE
71,,2026-09-20 21:15:56.635411,2026-09-20 21:15:56.639105,0 days 00:00:00.003694,,sqrt,5,200,,PRUNED
72,,2026-09-20 21:15:56.639105,2026-09-20 21:15:56.641367,0 days 00:00:00.002262,,sqrt,5,200,,PRUNED
73,,2026-09-20 21:15:56.641367,2026-09-20 21:15:56.644372,0 days 00:00:00.003005,,sqrt,5,200,,PRUNED
74,,2026-09-20 21:15:56.644372,2026-09-20 21:15:56.646373,0 days 00:00:00.002001,,sqrt,5,200,,PRUNED
75,,2026-09-20 21:15:56.646373,2026-09-20 21:15:56.649372,0 days 00:00:00.002999,,sqrt,5,200,,PRUNED
76,,2026-09-20 21:15:56.649372,2026-09-20 21:15:56.649372,0 days 00:00:00,,sqrt,5,200,,PRUNED
77,,2026-09-20 21:15:56.649372,2026-09-20 21:15:56.655094,0 days 00:00:00.005722,,0.7,1,200,,PRUNED
78,,2026-09-20 21:15:56.655094,2026-09-20 21:15:56.657784,0 days 00:00:00.002690,,sqrt,5,200,,PRUNED
79,0.5615707379336059,2026-09-20 21:15:56.657784,2026-09-20 21:16:00.593611,0 days 00:00:03.935827,8.0,0.7,1,200,"{'max_depth': 8, 'max_features': 0.7, 'min_samples_leaf': 1, 'n_estimators': 200}",COMPLETE
80,,2026-09-20 21:16:00.593611,2026-09-20 21:16:00.604974,0 days 00:00:00.011363,,sqrt,5,300,,PRUNED
81,,2026-09-20 21:16:00.604974,2026-09-20 21:16:00.609852,0 days 00:00:00.004878,,0.7,5,100,,PRUNED
82,,2026-09-20 21:16:00.609852,2026-09-20 21:16:00.609852,0 days 00:00:00,,0.7,5,100,,PRUNED
83,,2026-09-20 21:16:00.609852,2026-09-20 21:16:00.609852,0 days 00:00:00,,0.7,5,100,,PRUNED
84,,2026-09-20 21:16:00.609852,2026-09-20 21:16:00.609852,0 days 00:00:00,,0.7,5,100,,PRUNED
85,,2026-09-20 21:16:00.609852,2026-09-20 21:16:00.609852,0 days 00:00:00,,0.7,5,100,,PRUNED
86,,2026-09-20 21:16:00.609852,2026-09-20 21:16:00.609852,0 days 00:00:00,8.0,sqrt,5,300,,PRUNED
87,,2026-09-20 21:16:00.609852,2026-09-20 21:16:00.625389,0 days 00:00:00.015537,,0.7,5,100,,PRUNED
88,0.5641677686230632,2026-09-20 21:16:00.625389,2026-09-20 21:16:04.526350,0 days 00:00:03.900961,8.0,0.7,5,200,"{'max_depth': 8, 'max_features': 0.7, 'min_samples_leaf': 5, 'n_estimators': 200}",COMPLETE
89,,2026-09-20 21:16:04.526350,2026-09-20 21:16:04.529203,0 days 00:00:00.002853,,sqrt,1,200,,PRUNED
90,,2026-09-20 21:16:04.529203,2026-09-20 21:16:04.532238,0 days 00:00:00.003035,8.0,sqrt,5,200,,PRUNED
91,,2026-09-20 21:16:04.532238,2026-09-20 21:16:04.532238,0 days 00:00:00,8.0,0.7,5,200,,PRUNED
92,,2026-09-20 21:16:04.532238,2026-09-20 21:16:04.538077,0 days 00:00:00.005839,8.0,0.7,5,200,,PRUNED
93,,2026-09-20 21:16:04.538077,2026-09-20 21:16:04.540703,0 days 00:00:00.002626,8.0,0.7,5,100,,PRUNED
94,,2026-09-20 21:16:04.540703,2026-09-20 21:16:04.544428,0 days 00:00:00.003725,8.0,0.7,5,300,,PRUNED
95,,2026-09-20 21:16:04.544428,2026-09-20 21:16:04.546175,0 days 00:00:00.001747,8.0,0.7,5,100,,PRUNED
96,,2026-09-20 21:16:04.546175,2026-09-20 21:16:04.548894,0 days 00:00:00.002719,8.0,sqrt,5,200,,PRUNED
97,0.561788107790831,2026-09-20 21:16:04.548894,2026-09-20 21:16:10.461206,0 days 00:00:05.912312,8.0,0.7,1,300,"{'max_depth': 8, 'max_features': 0.7, 'min_samples_leaf': 1, 'n_estimators': 300}",COMPLETE
