number,value,datetime_start,datetime_complete,duration,params_learning_rate,params_max_depth,params_n_estimators,params_subsample,state
0,0.5545312642853096,2026-09-21 04:54:48.019344,2026-09-21 04:54:49.149056,0 days 00:00:01.129712,0.06881937387472215,6,300,0.9432539506450309,COMPLETE
1,0.592105757092552,2026-09-21 04:54:49.149056,2026-09-21 04:54:49.864680,0 days 00:00:00.715624,0.03919808493727999,2,300,0.858095978100789,COMPLETE
2,0.589262295990057,2026-09-21 04:54:49.864680,2026-09-21 04:54:50.564833,0 days 00:00:00.700153,0.03244901916096847,6,100,0.8416986242752436,COMPLETE
3,0.5813685748056693,2026-09-21 04:54:50.564833,2026-09-21 04:54:51.156217,0 days 00:00:00.591384,0.03344649176273369,4,100,0.9168497586174819,COMPLETE
4,0.592762358466164,2026-09-21 04:54:51.156217,2026-09-21 04:54:51.678305,0 days 00:00:00.522088,0.09398915689071008,2,100,0.8130949281062199,COMPLETE
5,0.588903478268933,2026-09-21 04:54:51.691577,2026-09-21 04:54:52.398233,0 days 00:00:00.706656,0.052953022728009426,2,300,0.8138101096221906,COMPLETE
6,0.5919071646175608,2026-09-21 04:54:52.398233,2026-09-21 04:54:52.955070,0 days 00:00:00.556837,0.05339607847871669,4,100,0.8586905964494198,COMPLETE
7,0.5774696510119219,2026-09-21 04:54:52.955070,2026-09-21 04:54:53.479426,0 days 00:00:00.524356,0.06799427508850477,2,100,0.8949639417168381,COMPLETE
8,0.5789210095441543,2026-09-21 04:54:53.479426,2026-09-21 04:54:53.988986,0 days 00:00:00.509560,0.09630656913485605,2,100,0.9911058650497965,COMPLETE
9,0.5940701831787537,2026-09-21 04:54:53.988986,2026-09-21 04:54:54.497586,0 days 00:00:00.508600,0.09984240911189293,2,100,0.8073170933228172,COMPLETE
10,0.5642855380518274,2026-09-21 04:54:54.497586,2026-09-21 04:54:55.357951,0 days 00:00:00.860365,0.07554750093497273,4,300,0.9875739317115183,COMPLETE
11,0.5954801295467301,2026-09-21 04:54:55.357951,2026-09-21 04:54:55.874977,0 days 00:00:00.517026,0.09581407077903985,2,100,0.8054271421192728,COMPLETE
12,0.585957782595466,2026-09-21 04:54:55.874977,2026-09-21 04:54:56.413032,0 days 00:00:00.538055,0.08391187345795131,2,100,0.8061500517171852,COMPLETE
13,0.5946794224691221,2026-09-21 04:54:56.413032,2026-09-21 04:54:56.933707,0 days 00:00:00.520675,0.09815136948413843,2,100,0.8353764832202251,COMPLETE
14,0.5774338784607299,2026-09-21 04:54:56.933707,2026-09-21 04:54:57.463413,0 days 00:00:00.529706,0.06057879386805501,2,100,0.8396197332071398,COMPLETE
15,0.5825959366092238,2026-09-21 04:54:57.463413,2026-09-21 04:54:58.118457,0 days 00:00:00.655044,0.04434387886539057,6,100,0.8904311360010643,COMPLETE
16,0.5887869297284808,2026-09-21 04:54:58.118457,2026-09-21 04:54:58.629952,0 days 00:00:00.511495,0.08303215040794482,2,100,0.8429371622612827,COMPLETE
17,0.5920085476751904,2026-09-21 04:54:58.629952,2026-09-21 04:54:59.167491,0 days 00:00:00.537539,0.08168264115438964,2,100,0.8299815050773907,COMPLETE
18,0.5696659960517528,2026-09-21 04:54:59.167491,2026-09-21 04:55:00.046265,0 days 00:00:00.878774,0.06561898532644732,4,300,0.8754056232324726,COMPLETE
19,0.5877428094308526,2026-09-21 04:55:00.046265,2026-09-21 04:55:00.735129,0 days 00:00:00.688864,0.04711367023236925,6,100,0.930802324260496,COMPLETE
20,0.5885754092650645,2026-09-21 04:55:00.735129,2026-09-21 04:55:01.248278,0 days 00:00:00.513149,0.0898532886974377,2,100,0.8689959390245059,COMPLETE
21,0.5956217984808482,2026-09-21 04:55:01.248278,2026-09-21 04:55:01.764501,0 days 00:00:00.516223,0.09963654310460147,2,100,0.8043120642528121,COMPLETE
22,0.5891107082525454,2026-09-21 04:55:01.764501,2026-09-21 04:55:02.282153,0 days 00:00:00.517652,0.07470318383935015,2,100,0.8234460352478052,COMPLETE
23,0.5941018715005211,2026-09-21 04:55:02.282153,2026-09-21 04:55:02.812514,0 days 00:00:00.530361,0.09986544994340954,2,100,0.8265948881594752,COMPLETE
