number,value,datetime_start,datetime_complete,duration,params_learning_rate,params_max_depth,params_n_estimators,params_subsample,state
0,0.6302955366485742,2026-09-20 23:24:59.734805,2026-09-20 23:25:00.666427,0 days 00:00:00.931622,0.07000589092778546,2,300,0.8409806047938488,COMPLETE
1,0.6091947075281715,2026-09-20 23:25:00.666427,2026-09-20 23:25:02.955813,0 days 00:00:02.289386,0.03929818096424845,6,300,0.9016424047786313,COMPLETE
2,0.6171751156984157,2026-09-20 23:25:02.955813,2026-09-20 23:25:04.032402,0 days 00:00:01.076589,0.05899026116561378,6,100,0.8596848134719909,COMPLETE
3,0.6131913933400738,2026-09-20 23:25:04.032402,2026-09-20 23:25:05.383321,0 days 00:00:01.350919,0.06874930679122085,4,300,0.8955551189534598,COMPLETE
4,0.6320719192441803,2026-09-20 23:25:05.383321,2026-09-20 23:25:06.330450,0 days 00:00:00.947129,0.056720932601662756,2,300,0.9834509160748732,COMPLETE
5,0.6392077476606758,2026-09-20 23:25:06.330450,2026-09-20 23:25:07.106849,0 days 00:00:00.776399,0.041492635467165036,4,100,0.8562496921764797,COMPLETE
6,0.6339491192423654,2026-09-20 23:25:07.106849,2026-09-20 23:25:08.094233,0 days 00:00:00.987384,0.050904336579580635,2,300,0.8580622754426016,COMPLETE
7,0.6317723734999402,2026-09-20 23:25:08.094233,2026-09-20 23:25:09.029359,0 days 00:00:00.935126,0.06042810820283649,2,300,0.9653636085555775,COMPLETE
8,0.6393576469440095,2026-09-20 23:25:09.029359,2026-09-20 23:25:09.868413,0 days 00:00:00.839054,0.033930960319823886,4,100,0.8019013253158381,COMPLETE
9,0.6372968647020699,2026-09-20 23:25:09.868413,2026-09-20 23:25:10.634081,0 days 00:00:00.765668,0.030248060716685118,4,100,0.8015404805702533,COMPLETE
10,0.6297919968124799,2026-09-20 23:25:10.634081,2026-09-20 23:25:11.413580,0 days 00:00:00.779499,0.09429381705719028,4,100,0.8002276564206605,COMPLETE
11,0.6405815986045088,2026-09-20 23:25:11.413580,2026-09-20 23:25:12.170781,0 days 00:00:00.757201,0.0370611490506367,4,100,0.8341915410073547,COMPLETE
12,0.6388139399506877,2026-09-20 23:25:12.170781,2026-09-20 23:25:12.965655,0 days 00:00:00.794874,0.031436352601608035,4,100,0.8239358916121673,COMPLETE
13,0.6402195287974367,2026-09-20 23:25:12.965655,2026-09-20 23:25:13.744252,0 days 00:00:00.778597,0.038343564087406204,4,100,0.8975421444907565,COMPLETE
14,0.6404378868968311,2026-09-20 23:25:13.744252,2026-09-20 23:25:14.507594,0 days 00:00:00.763342,0.04145910455554784,4,100,0.9275947176048176,COMPLETE
15,0.6368223538518845,2026-09-20 23:25:14.507594,2026-09-20 23:25:15.290846,0 days 00:00:00.783252,0.04696565002970029,4,100,0.93756216214262,COMPLETE
16,0.6281938843635123,2026-09-20 23:25:15.290846,2026-09-20 23:25:16.413321,0 days 00:00:01.122475,0.0446546640329151,6,100,0.9329009542681672,COMPLETE
17,0.6414744071109023,2026-09-20 23:25:16.413321,2026-09-20 23:25:17.177721,0 days 00:00:00.764400,0.037366268774384245,4,100,0.924128441019169,COMPLETE
18,0.6412022717328214,2026-09-20 23:25:17.177721,2026-09-20 23:25:18.016648,0 days 00:00:00.838927,0.035270455664162766,4,100,0.8817494423862942,COMPLETE
19,0.6320952136293205,2026-09-20 23:25:18.016648,2026-09-20 23:25:19.151600,0 days 00:00:01.134952,0.03523074497697923,6,100,0.8766265725552339,COMPLETE
20,0.6422913139397671,2026-09-20 23:25:19.151600,2026-09-20 23:25:19.903315,0 days 00:00:00.751715,0.04795844205504049,4,100,0.9541922732201324,COMPLETE
21,0.6416015143119913,2026-09-20 23:25:19.903315,2026-09-20 23:25:20.680667,0 days 00:00:00.777352,0.046496151331896586,4,100,0.9522166194512477,COMPLETE
22,0.6375332414997105,2026-09-20 23:25:20.680667,2026-09-20 23:25:21.452689,0 days 00:00:00.772022,0.04895475235746635,4,100,0.9571010565080094,COMPLETE
23,0.6423281174813497,2026-09-20 23:25:21.452689,2026-09-20 23:25:22.234654,0 days 00:00:00.781965,0.043233630086550345,4,100,0.986176889203627,COMPLETE
