number,value,datetime_start,datetime_complete,duration,params_var_smoothing,state
0,0.6217640366812901,2026-09-20 20:00:58.247367,2026-09-20 20:00:58.618197,0 days 00:00:00.370830,1.5772032312063733e-06,COMPLETE
1,0.6215236643456902,2026-09-20 20:00:58.618197,2026-09-20 20:00:58.972785,0 days 00:00:00.354588,0.0005945244226260104,COMPLETE
2,0.6217640366812901,2026-09-20 20:00:58.972785,2026-09-20 20:00:59.312952,0 days 00:00:00.340167,6.00950516266175e-09,COMPLETE
3,0.621711840717822,2026-09-20 20:00:59.312952,2026-09-20 20:00:59.674296,0 days 00:00:00.361344,0.0038752189318029136,COMPLETE
4,0.6226584897925332,2026-09-20 20:00:59.674296,2026-09-20 20:01:00.039481,0 days 00:00:00.365185,0.03557168462599782,COMPLETE
5,0.6195436763669363,2026-09-20 20:01:00.039481,2026-09-20 20:01:00.400847,0 days 00:00:00.361366,0.06557575998151817,COMPLETE
6,0.6222388003120981,2026-09-20 20:01:00.400847,2026-09-20 20:01:00.774075,0 days 00:00:00.373228,0.028820311033202765,COMPLETE
7,0.6231314134392586,2026-09-20 20:01:00.774075,2026-09-20 20:01:01.147894,0 days 00:00:00.373819,0.023129146456489835,COMPLETE
8,0.6217640366812901,2026-09-20 20:01:01.147894,2026-09-20 20:01:01.505284,0 days 00:00:00.357390,5.2488396288726025e-11,COMPLETE
9,0.6217640366812901,2026-09-20 20:01:01.505284,2026-09-20 20:01:01.869577,0 days 00:00:00.364293,3.4270311377676284e-06,COMPLETE
10,0.6217640366812901,2026-09-20 20:01:01.869577,2026-09-20 20:01:02.235671,0 days 00:00:00.366094,9.682048124365506e-05,COMPLETE
11,0.6217640366812901,2026-09-20 20:01:02.235671,2026-09-20 20:01:02.606357,0 days 00:00:00.370686,9.273655306680767e-05,COMPLETE
12,0.6217640366812901,2026-09-20 20:01:02.606357,2026-09-20 20:01:03.004747,0 days 00:00:00.398390,1.4905282011523282e-08,COMPLETE
13,0.6232595087006301,2026-09-20 20:01:03.004747,2026-09-20 20:01:03.378278,0 days 00:00:00.373531,0.09306270648591392,COMPLETE
14,0.6217640366812901,2026-09-20 20:01:03.378278,2026-09-20 20:01:03.732646,0 days 00:00:00.354368,4.7533201841938454e-12,COMPLETE
15,0.6217640366812901,2026-09-20 20:01:03.732646,2026-09-20 20:01:04.108677,0 days 00:00:00.376031,2.2051265558295073e-05,COMPLETE
16,0.6213044393729347,2026-09-20 20:01:04.108677,2026-09-20 20:01:04.489141,0 days 00:00:00.380464,0.0016033519631102322,COMPLETE
17,0.6217640366812901,2026-09-20 20:01:04.489141,2026-09-20 20:01:04.853710,0 days 00:00:00.364569,1.766837921476891e-08,COMPLETE
18,0.621711840717822,2026-09-20 20:01:04.853710,2026-09-20 20:01:05.210560,0 days 00:00:00.356850,0.0033420963891329764,COMPLETE
19,0.6217640366812901,2026-09-20 20:01:05.210560,2026-09-20 20:01:05.571934,0 days 00:00:00.361374,5.80383208430162e-10,COMPLETE
20,0.6217640366812901,2026-09-20 20:01:05.571934,2026-09-20 20:01:05.942433,0 days 00:00:00.370499,1.0262021403764401e-07,COMPLETE
21,0.6221977547818232,2026-09-20 20:01:05.942433,2026-09-20 20:01:06.306988,0 days 00:00:00.364555,0.07987399382716188,COMPLETE
22,0.6205887828382517,2026-09-20 20:01:06.306988,2026-09-20 20:01:06.679942,0 days 00:00:00.372954,0.009317435492860977,COMPLETE
23,0.6228620314897069,2026-09-20 20:01:06.679942,2026-09-20 20:01:07.060233,0 days 00:00:00.380291,0.08621460627030648,COMPLETE
