number,value,datetime_start,datetime_complete,duration,params_max_depth,params_max_features,params_min_samples_leaf,params_n_estimators,system_attrs_fixed_params,state
0,0.6348895191265523,2026-09-20 23:00:52.703975,2026-09-20 23:00:55.106044,0 days 00:00:02.402069,8.0,0.7,1,100,,COMPLETE
1,0.6357758809410156,2026-09-20 23:00:55.106044,2026-09-20 23:00:57.000735,0 days 00:00:01.894691,8.0,sqrt,5,200,,COMPLETE
2,0.5474729730100006,2026-09-20 23:00:57.000735,2026-09-20 23:00:59.556942,0 days 00:00:02.556207,,sqrt,1,200,,COMPLETE
3,0.6395013630610608,2026-09-20 23:00:59.556942,2026-09-20 23:01:05.004819,0 days 00:00:05.447877,8.0,0.7,5,300,,COMPLETE
4,0.6340637751266526,2026-09-20 23:01:05.004819,2026-09-20 23:01:06.984195,0 days 00:00:01.979376,8.0,sqrt,1,200,,COMPLETE
5,,2026-09-20 23:01:06.984195,2026-09-20 23:01:06.984195,0 days 00:00:00,8.0,sqrt,5,200,,PRUNED
6,0.639567802606621,2026-09-20 23:01:06.984195,2026-09-20 23:01:10.748561,0 days 00:00:03.764366,8.0,0.7,5,200,,COMPLETE
7,0.5459808052920377,2026-09-20 23:01:10.748561,2026-09-20 23:01:17.935925,0 days 00:00:07.187364,,0.7,1,300,,COMPLETE
8,0.623140583959943,2026-09-20 23:01:17.935925,2026-09-20 23:01:20.323007,0 days 00:00:02.387082,,0.7,5,100,,COMPLETE
9,,2026-09-20 23:01:20.323007,2026-09-20 23:01:20.333233,0 days 00:00:00.010226,8.0,0.7,5,200,,PRUNED
10,,2026-09-20 23:01:20.333233,2026-09-20 23:01:20.333233,0 days 00:00:00,,0.7,5,100,,PRUNED
11,,2026-09-20 23:01:20.333233,2026-09-20 23:01:20.333233,0 days 00:00:00,8.0,0.7,5,300,,PRUNED
12,,2026-09-20 23:01:20.333233,2026-09-20 23:01:20.341201,0 days 00:00:00.007968,8.0,0.7,5,300,,PRUNED
13,,2026-09-20 23:01:20.341201,2026-09-20 23:01:20.342934,0 days 00:00:00.001733,8.0,0.7,5,300,,PRUNED
14,,2026-09-20 23:01:20.342934,2026-09-20 23:01:20.344992,0 days 00:00:00.002058,8.0,0.7,5,300,,PRUNED
15,,2026-09-20 23:01:20.344992,2026-09-20 23:01:20.344992,0 days 00:00:00,8.0,0.7,5,200,,PRUNED
16,,2026-09-20 23:01:20.344992,2026-09-20 23:01:20.344992,0 days 00:00:00,8.0,0.7,5,300,,PRUNED
17,0.5528098623316761,2026-09-20 23:01:20.344992,2026-09-20 23:01:23.976028,0 days 00:00:03.631036,,sqrt,1,300,"{'max_depth': None, 'max_features': 'sqrt', 'min_samples_leaf': 1, 'n_estimators': 300}",COMPLETE
18,,2026-09-20 23:01:23.976028,2026-09-20 23:01:23.978031,0 days 00:00:00.002003,8.0,0.7,5,200,,PRUNED
19,0.639177947927449,2026-09-20 23:01:23.978031,2026-09-20 23:01:26.061880,0 days 00:00:02.083849,8.0,0.7,5,100,,COMPLETE
20,,2026-09-20 23:01:26.061880,2026-09-20 23:01:26.061880,0 days 00:00:00,8.0,0.7,5,300,,PRUNED
21,,2026-09-20 23:01:26.061880,2026-09-20 23:01:26.070530,0 days 00:00:00.008650,8.0,0.7,5,100,,PRUNED
22,,2026-09-20 23:01:26.070530,2026-09-20 23:01:26.070530,0 days 00:00:00,8.0,0.7,5,100,,PRUNED
23,,2026-09-20 23:01:26.070530,2026-09-20 23:01:26.070530,0 days 00:00:00,8.0,0.7,5,100,,PRUNED
24,,2026-09-20 23:01:26.070530,2026-09-20 23:01:26.070530,0 days 00:00:00,8.0,0.7,5,100,,PRUNED
25,,2026-09-20 23:01:26.070530,2026-09-20 23:01:26.070530,0 days 00:00:00,8.0,0.7,5,100,,PRUNED
26,,2026-09-20 23:01:26.070530,2026-09-20 23:01:26.070530,0 days 00:00:00,,sqrt,1,200,,PRUNED
27,,2026-09-20 23:01:26.070530,2026-09-20 23:01:26.070530,0 days 00:00:00,8.0,0.7,5,200,,PRUNED
28,0.6261861453196439,2026-09-20 23:01:26.070530,2026-09-20 23:01:32.476845,0 days 00:00:06.406315,,0.7,5,300,"{'max_depth': None, 'max_features': 0.7, 'min_samples_leaf': 5, 'n_estimators': 300}",COMPLETE
29,,2026-09-20 23:01:32.476845,2026-09-20 23:01:32.478527,0 days 00:00:00.001682,8.0,0.7,1,100,,PRUNED
30,,2026-09-20 23:01:32.478527,2026-09-20 23:01:32.480557,0 days 00:00:00.002030,8.0,0.7,5,100,,PRUNED
31,,2026-09-20 23:01:32.480557,2026-09-20 23:01:32.483718,0 days 00:00:00.003161,8.0,sqrt,5,200,,PRUNED
32,,2026-09-20 23:01:32.483718,2026-09-20 23:01:32.483718,0 days 00:00:00,8.0,sqrt,5,200,,PRUNED
33,,2026-09-20 23:01:32.483718,2026-09-20 23:01:32.488675,0 days 00:00:00.004957,8.0,sqrt,5,200,,PRUNED
34,,2026-09-20 23:01:32.488675,2026-09-20 23:01:32.488675,0 days 00:00:00,8.0,sqrt,1,200,,PRUNED
35,,2026-09-20 23:01:32.488675,2026-09-20 23:01:32.493542,0 days 00:00:00.004867,8.0,sqrt,5,200,,PRUNED
36,,2026-09-20 23:01:32.493542,2026-09-20 23:01:32.495818,0 days 00:00:00.002276,8.0,sqrt,1,200,,PRUNED
37,0.6344959473197447,2026-09-20 23:01:32.495818,2026-09-20 23:01:33.636414,0 days 00:00:01.140596,8.0,sqrt,5,100,"{'max_depth': 8, 'max_features': 'sqrt', 'min_samples_leaf': 5, 'n_estimators': 100}",COMPLETE
38,0.6331044179956637,2026-09-20 23:01:33.636414,2026-09-20 23:01:35.770223,0 days 00:00:02.133809,,sqrt,5,200,,COMPLETE
39,,2026-09-20 23:01:35.770223,2026-09-20 23:01:35.772231,0 days 00:00:00.002008,8.0,0.7,5,200,,PRUNED
40,,2026-09-20 23:01:35.772231,2026-09-20 23:01:35.772231,0 days 00:00:00,,0.7,1,300,,PRUNED
41,,2026-09-20 23:01:35.772231,2026-09-20 23:01:35.778213,0 days 00:00:00.005982,8.0,0.7,1,100,,PRUNED
42,,2026-09-20 23:01:35.778213,2026-09-20 23:01:35.780279,0 days 00:00:00.002066,8.0,0.7,1,100,,PRUNED
43,,2026-09-20 23:01:35.780279,2026-09-20 23:01:35.780279,0 days 00:00:00,8.0,0.7,1,100,,PRUNED
44,0.6382501670627484,2026-09-20 23:01:35.780279,2026-09-20 23:01:41.429664,0 days 00:00:05.649385,8.0,0.7,1,300,,COMPLETE
45,,2026-09-20 23:01:41.429664,2026-09-20 23:01:41.433759,0 days 00:00:00.004095,8.0,0.7,1,300,,PRUNED
46,,2026-09-20 23:01:41.433759,2026-09-20 23:01:41.436514,0 days 00:00:00.002755,8.0,0.7,5,300,,PRUNED
47,,2026-09-20 23:01:41.436514,2026-09-20 23:01:41.438254,0 days 00:00:00.001740,8.0,0.7,5,300,,PRUNED
48,,2026-09-20 23:01:41.438254,2026-09-20 23:01:41.438254,0 days 00:00:00,8.0,0.7,5,300,,PRUNED
49,0.6353404825901664,2026-09-20 23:01:41.438254,2026-09-20 23:01:44.153868,0 days 00:00:02.715614,8.0,sqrt,1,300,,COMPLETE
50,,2026-09-20 23:01:44.153868,2026-09-20 23:01:44.153868,0 days 00:00:00,,0.7,5,300,,PRUNED
51,,2026-09-20 23:01:44.153868,2026-09-20 23:01:44.166403,0 days 00:00:00.012535,8.0,sqrt,1,300,,PRUNED
52,,2026-09-20 23:01:44.166403,2026-09-20 23:01:44.167909,0 days 00:00:00.001506,8.0,sqrt,1,300,,PRUNED
53,,2026-09-20 23:01:44.167909,2026-09-20 23:01:44.167909,0 days 00:00:00,8.0,sqrt,1,300,,PRUNED
54,,2026-09-20 23:01:44.167909,2026-09-20 23:01:44.167909,0 days 00:00:00,8.0,sqrt,1,300,,PRUNED
55,,2026-09-20 23:01:44.167909,2026-09-20 23:01:44.177355,0 days 00:00:00.009446,8.0,sqrt,1,300,,PRUNED
56,,2026-09-20 23:01:44.177355,2026-09-20 23:01:44.179767,0 days 00:00:00.002412,8.0,0.7,5,200,,PRUNED
57,,2026-09-20 23:01:44.179767,2026-09-20 23:01:44.182260,0 days 00:00:00.002493,8.0,0.7,5,300,,PRUNED
58,0.6247217206663893,2026-09-20 23:01:44.182260,2026-09-20 23:01:48.553717,0 days 00:00:04.371457,,0.7,5,200,"{'max_depth': None, 'max_features': 0.7, 'min_samples_leaf': 5, 'n_estimators': 200}",COMPLETE
59,,2026-09-20 23:01:48.553717,2026-09-20 23:01:48.562703,0 days 00:00:00.008986,8.0,sqrt,1,300,,PRUNED
60,,2026-09-20 23:01:48.562703,2026-09-20 23:01:48.562703,0 days 00:00:00,8.0,0.7,5,300,,PRUNED
61,,2026-09-20 23:01:48.562703,2026-09-20 23:01:48.562703,0 days 00:00:00,8.0,0.7,1,100,,PRUNED
62,,2026-09-20 23:01:48.562703,2026-09-20 23:01:48.562703,0 days 00:00:00,8.0,0.7,1,100,,PRUNED
63,,2026-09-20 23:01:48.562703,2026-09-20 23:01:48.562703,0 days 00:00:00,8.0,0.7,1,100,,PRUNED
64,,2026-09-20 23:01:48.562703,2026-09-20 23:01:48.562703,0 days 00:00:00,8.0,0.7,1,100,,PRUNED
65,,2026-09-20 23:01:48.562703,2026-09-20 23:01:48.578404,0 days 00:00:00.015701,8.0,0.7,5,200,,PRUNED
66,0.6401383975387459,2026-09-20 23:01:48.578404,2026-09-20 23:01:49.754611,0 days 00:00:01.176207,8.0,sqrt,1,100,,COMPLETE
67,,2026-09-20 23:01:49.754611,2026-09-20 23:01:49.757238,0 days 00:00:00.002627,8.0,sqrt,1,100,,PRUNED
68,,2026-09-20 23:01:49.757238,2026-09-20 23:01:49.760244,0 days 00:00:00.003006,8.0,sqrt,5,200,,PRUNED
69,0.6370940559544759,2026-09-20 23:01:49.760244,2026-09-20 23:01:52.420978,0 days 00:00:02.660734,8.0,sqrt,5,300,,COMPLETE
70,,2026-09-20 23:01:52.420978,2026-09-20 23:01:52.437030,0 days 00:00:00.016052,8.0,sqrt,5,200,,PRUNED
71,,2026-09-20 23:01:52.437030,2026-09-20 23:01:52.437030,0 days 00:00:00,8.0,sqrt,5,300,,PRUNED
72,,2026-09-20 23:01:52.437030,2026-09-20 23:01:52.437030,0 days 00:00:00,8.0,sqrt,5,300,,PRUNED
73,,2026-09-20 23:01:52.437030,2026-09-20 23:01:52.437030,0 days 00:00:00,8.0,sqrt,5,300,,PRUNED
74,,2026-09-20 23:01:52.437030,2026-09-20 23:01:52.437030,0 days 00:00:00,8.0,sqrt,5,300,,PRUNED
75,,2026-09-20 23:01:52.437030,2026-09-20 23:01:52.452829,0 days 00:00:00.015799,8.0,sqrt,5,300,,PRUNED
76,,2026-09-20 23:01:52.452829,2026-09-20 23:01:52.452829,0 days 00:00:00,8.0,sqrt,1,100,,PRUNED
77,,2026-09-20 23:01:52.452829,2026-09-20 23:01:52.452829,0 days 00:00:00,,sqrt,5,200,,PRUNED
78,0.5488523767716041,2026-09-20 23:01:52.452829,2026-09-20 23:01:57.293967,0 days 00:00:04.841138,,0.7,1,200,"{'max_depth': None, 'max_features': 0.7, 'min_samples_leaf': 1, 'n_estimators': 200}",COMPLETE
79,,2026-09-20 23:01:57.293967,2026-09-20 23:01:57.297349,0 days 00:00:00.003382,8.0,sqrt,5,300,,PRUNED
80,,2026-09-20 23:01:57.297349,2026-09-20 23:01:57.299359,0 days 00:00:00.002010,8.0,sqrt,5,100,,PRUNED
81,,2026-09-20 23:01:57.299359,2026-09-20 23:01:57.302359,0 days 00:00:00.003000,8.0,0.7,1,100,,PRUNED
82,,2026-09-20 23:01:57.302359,2026-09-20 23:01:57.305124,0 days 00:00:00.002765,8.0,0.7,1,100,,PRUNED
83,,2026-09-20 23:01:57.305124,2026-09-20 23:01:57.309055,0 days 00:00:00.003931,8.0,0.7,1,100,,PRUNED
84,,2026-09-20 23:01:57.309055,2026-09-20 23:01:57.311054,0 days 00:00:00.001999,8.0,0.7,1,100,,PRUNED
85,,2026-09-20 23:01:57.311054,2026-09-20 23:01:57.314286,0 days 00:00:00.003232,8.0,sqrt,1,300,,PRUNED
86,,2026-09-20 23:01:57.314286,2026-09-20 23:01:57.316428,0 days 00:00:00.002142,8.0,0.7,5,100,,PRUNED
87,0.544770122234911,2026-09-20 23:01:57.316428,2026-09-20 23:01:59.969665,0 days 00:00:02.653237,,0.7,1,100,"{'max_depth': None, 'max_features': 0.7, 'min_samples_leaf': 1, 'n_estimators': 100}",COMPLETE
88,,2026-09-20 23:01:59.969665,2026-09-20 23:01:59.971648,0 days 00:00:00.001983,8.0,sqrt,5,300,,PRUNED
89,0.6365144837509674,2026-09-20 23:01:59.971648,2026-09-20 23:02:03.856080,0 days 00:00:03.884432,8.0,0.7,1,200,,COMPLETE
90,,2026-09-20 23:02:03.856080,2026-09-20 23:02:03.856080,0 days 00:00:00,8.0,0.7,1,200,,PRUNED
91,,2026-09-20 23:02:03.856080,2026-09-20 23:02:03.862273,0 days 00:00:00.006193,8.0,0.7,1,200,,PRUNED
92,,2026-09-20 23:02:03.862273,2026-09-20 23:02:03.865408,0 days 00:00:00.003135,8.0,0.7,1,200,,PRUNED
93,,2026-09-20 23:02:03.865408,2026-09-20 23:02:03.867998,0 days 00:00:00.002590,8.0,0.7,1,200,,PRUNED
94,,2026-09-20 23:02:03.867998,2026-09-20 23:02:03.870638,0 days 00:00:00.002640,8.0,0.7,1,200,,PRUNED
95,,2026-09-20 23:02:03.870638,2026-09-20 23:02:03.874550,0 days 00:00:00.003912,8.0,0.7,5,300,,PRUNED
96,,2026-09-20 23:02:03.874550,2026-09-20 23:02:03.878273,0 days 00:00:00.003723,8.0,sqrt,1,200,,PRUNED
97,,2026-09-20 23:02:03.878273,2026-09-20 23:02:03.880239,0 days 00:00:00.001966,8.0,0.7,5,300,,PRUNED
98,0.5502214286964588,2026-09-20 23:02:03.880239,2026-09-20 23:02:05.312093,0 days 00:00:01.431854,,sqrt,1,100,"{'max_depth': None, 'max_features': 'sqrt', 'min_samples_leaf': 1, 'n_estimators': 100}",COMPLETE
99,,2026-09-20 23:02:05.312093,2026-09-20 23:02:05.322657,0 days 00:00:00.010564,8.0,0.7,5,300,,PRUNED
100,,2026-09-20 23:02:05.322657,2026-09-20 23:02:05.325262,0 days 00:00:00.002605,8.0,0.7,1,200,,PRUNED
101,,2026-09-20 23:02:05.325262,2026-09-20 23:02:05.325262,0 days 00:00:00,8.0,sqrt,5,100,,PRUNED
102,,2026-09-20 23:02:05.325262,2026-09-20 23:02:05.325262,0 days 00:00:00,8.0,sqrt,5,100,,PRUNED
103,,2026-09-20 23:02:05.325262,2026-09-20 23:02:05.325262,0 days 00:00:00,8.0,sqrt,5,100,,PRUNED
104,,2026-09-20 23:02:05.325262,2026-09-20 23:02:05.339059,0 days 00:00:00.013797,8.0,sqrt,5,100,,PRUNED
105,,2026-09-20 23:02:05.339059,2026-09-20 23:02:05.339059,0 days 00:00:00,8.0,sqrt,5,100,,PRUNED
106,,2026-09-20 23:02:05.339059,2026-09-20 23:02:05.339059,0 days 00:00:00,8.0,sqrt,5,300,,PRUNED
107,0.6375502985227238,2026-09-20 23:02:05.339059,2026-09-20 23:02:06.568796,0 days 00:00:01.229737,,sqrt,5,100,"{'max_depth': None, 'max_features': 'sqrt', 'min_samples_leaf': 5, 'n_estimators': 100}",COMPLETE
108,,2026-09-20 23:02:06.568796,2026-09-20 23:02:06.577318,0 days 00:00:00.008522,,0.7,1,200,,PRUNED
109,0.6353607526698547,2026-09-20 23:02:06.577318,2026-09-20 23:02:09.558864,0 days 00:00:02.981546,,sqrt,5,300,,COMPLETE
