number,value,datetime_start,datetime_complete,duration,params_learning_rate,params_max_depth,params_n_estimators,params_subsample,state
0,0.5989106055589524,2026-09-20 10:31:11.036941,2026-09-20 10:31:12.755459,0 days 00:00:01.718518,0.08576835360745708,4,300,0.8437805772072361,COMPLETE
1,0.6238864838864839,2026-09-20 10:31:12.755459,2026-09-20 10:31:13.845990,0 days 00:00:01.090531,0.07104787151082272,6,100,0.8247266646567728,COMPLETE
2,0.605535080869337,2026-09-20 10:31:13.845990,2026-09-20 10:31:16.172399,0 days 00:00:02.326409,0.04258390808987937,6,300,0.9151764044914207,COMPLETE
3,0.5632554351788853,2026-09-20 10:31:16.172399,2026-09-20 10:31:18.326917,0 days 00:00:02.154518,0.09923510767788828,6,300,0.8653886254598259,COMPLETE
4,0.6338667356231308,2026-09-20 10:31:18.326917,2026-09-20 10:31:18.937905,0 days 00:00:00.610988,0.07694971557795893,2,100,0.9061583333097213,COMPLETE
5,0.6247328165640854,2026-09-20 10:31:18.937905,2026-09-20 10:31:19.887597,0 days 00:00:00.949692,0.08316278398207644,2,300,0.9507703649811158,COMPLETE
6,0.6234935887627384,2026-09-20 10:31:19.887597,2026-09-20 10:31:20.989899,0 days 00:00:01.102302,0.07142033788169544,6,100,0.813455377261564,COMPLETE
7,0.6299711463984717,2026-09-20 10:31:20.989899,2026-09-20 10:31:21.929795,0 days 00:00:00.939896,0.043867554551437093,2,300,0.9185805513993007,COMPLETE
8,0.6292862286721282,2026-09-20 10:31:21.929795,2026-09-20 10:31:22.569244,0 days 00:00:00.639449,0.0327578898993307,2,100,0.9885394617965949,COMPLETE
9,0.6323863897832821,2026-09-20 10:31:22.569244,2026-09-20 10:31:23.343870,0 days 00:00:00.774626,0.058775704314131066,4,100,0.8845069745743891,COMPLETE
10,0.6285820916595759,2026-09-20 10:31:23.343870,2026-09-20 10:31:23.943379,0 days 00:00:00.599509,0.057170420704780026,2,100,0.9586489416255277,COMPLETE
11,0.6308695830038009,2026-09-20 10:31:23.943379,2026-09-20 10:31:24.729129,0 days 00:00:00.785750,0.05868084711076058,4,100,0.8804114447916581,COMPLETE
12,0.6294558237586724,2026-09-20 10:31:24.729129,2026-09-20 10:31:25.502357,0 days 00:00:00.773228,0.06753465518621499,4,100,0.8902329428549369,COMPLETE
13,0.6351321533319692,2026-09-20 10:31:25.502357,2026-09-20 10:31:26.269003,0 days 00:00:00.766646,0.04703897608650478,4,100,0.9323573799634447,COMPLETE
14,0.6336110498713262,2026-09-20 10:31:26.269003,2026-09-20 10:31:26.871527,0 days 00:00:00.602524,0.04498067950302302,2,100,0.9250380005967619,COMPLETE
15,0.6300737644456725,2026-09-20 10:31:26.871527,2026-09-20 10:31:27.653245,0 days 00:00:00.781718,0.03529646636351805,4,100,0.9496536995902126,COMPLETE
16,0.6329376449066317,2026-09-20 10:31:27.653245,2026-09-20 10:31:28.429230,0 days 00:00:00.775985,0.04821434993546504,4,100,0.9902602489208261,COMPLETE
17,0.6309250932835447,2026-09-20 10:31:28.429230,2026-09-20 10:31:29.036787,0 days 00:00:00.607557,0.038529592960160695,2,100,0.936035951715964,COMPLETE
18,0.6304705238498692,2026-09-20 10:31:29.036787,2026-09-20 10:31:29.825793,0 days 00:00:00.789006,0.030059501037674928,4,100,0.9732903401388794,COMPLETE
19,0.631042088486098,2026-09-20 10:31:29.825793,2026-09-20 10:31:30.438437,0 days 00:00:00.612644,0.051259792757820694,2,100,0.9054877151857373,COMPLETE
20,0.6300289380917158,2026-09-20 10:31:30.438437,2026-09-20 10:31:31.034665,0 days 00:00:00.596228,0.06418062975605808,2,100,0.8393219130957612,COMPLETE
21,0.632432010264184,2026-09-20 10:31:31.034665,2026-09-20 10:31:31.632864,0 days 00:00:00.598199,0.04652899042054413,2,100,0.9358457217379365,COMPLETE
22,0.6317710331360947,2026-09-20 10:31:31.632864,2026-09-20 10:31:32.237954,0 days 00:00:00.605090,0.039461437928485006,2,100,0.9277483655324105,COMPLETE
23,0.6310953249813473,2026-09-20 10:31:32.237954,2026-09-20 10:31:32.838671,0 days 00:00:00.600717,0.04983356815152532,2,100,0.9033088486979366,COMPLETE
