number,value,datetime_start,datetime_complete,duration,params_var_smoothing,state
0,0.6094409758402782,2026-09-21 01:45:55.977567,2026-09-21 01:45:56.387631,0 days 00:00:00.410064,7.273571125997088e-11,COMPLETE
1,0.6098484753775074,2026-09-21 01:45:56.387631,2026-09-21 01:45:56.753021,0 days 00:00:00.365390,0.0043035752378116285,COMPLETE
2,0.6094409758402782,2026-09-21 01:45:56.753021,2026-09-21 01:45:57.147407,0 days 00:00:00.394386,1.143204910561688e-11,COMPLETE
3,0.6094409758402782,2026-09-21 01:45:57.147407,2026-09-21 01:45:57.546266,0 days 00:00:00.398859,2.0074113310412185e-12,COMPLETE
4,0.6094409758402782,2026-09-21 01:45:57.546266,2026-09-21 01:45:57.927005,0 days 00:00:00.380739,2.050516746457271e-05,COMPLETE
5,0.6093035661532579,2026-09-21 01:45:57.927005,2026-09-21 01:45:58.309328,0 days 00:00:00.382323,0.009394108127265419,COMPLETE
6,0.6013966312350018,2026-09-21 01:45:58.309328,2026-09-21 01:45:58.674453,0 days 00:00:00.365125,0.0916692179205425,COMPLETE
7,0.6094409758402782,2026-09-21 01:45:58.674453,2026-09-21 01:45:59.045989,0 days 00:00:00.371536,5.049757575765179e-12,COMPLETE
8,0.6094409758402782,2026-09-21 01:45:59.045989,2026-09-21 01:45:59.440160,0 days 00:00:00.394171,1.1656927253495841e-06,COMPLETE
9,0.6094409758402782,2026-09-21 01:45:59.440160,2026-09-21 01:45:59.817351,0 days 00:00:00.377191,0.0003907981570044914,COMPLETE
10,0.6094409758402782,2026-09-21 01:45:59.817351,2026-09-21 01:46:00.221757,0 days 00:00:00.404406,8.357984131474928e-09,COMPLETE
11,0.6094409758402782,2026-09-21 01:46:00.221757,2026-09-21 01:46:00.662798,0 days 00:00:00.441041,5.992036989343947e-09,COMPLETE
12,0.6094409758402782,2026-09-21 01:46:00.662798,2026-09-21 01:46:01.085219,0 days 00:00:00.422421,3.052899930385838e-09,COMPLETE
13,0.6094409758402782,2026-09-21 01:46:01.085219,2026-09-21 01:46:01.470624,0 days 00:00:00.385405,1.97286896172279e-10,COMPLETE
14,0.6094409758402782,2026-09-21 01:46:01.470624,2026-09-21 01:46:01.857028,0 days 00:00:00.386404,3.225499984891469e-07,COMPLETE
15,0.6094409758402782,2026-09-21 01:46:01.857028,2026-09-21 01:46:02.240467,0 days 00:00:00.383439,5.62539008851244e-05,COMPLETE
16,0.609055653317717,2026-09-21 01:46:02.240467,2026-09-21 01:46:02.614265,0 days 00:00:00.373798,0.001594742976009756,COMPLETE
17,0.6094409758402782,2026-09-21 01:46:02.614265,2026-09-21 01:46:03.015975,0 days 00:00:00.401710,7.36819701440351e-06,COMPLETE
18,0.6094409758402782,2026-09-21 01:46:03.015975,2026-09-21 01:46:03.387597,0 days 00:00:00.371622,9.339101240307515e-11,COMPLETE
19,0.6094409758402782,2026-09-21 01:46:03.387597,2026-09-21 01:46:03.765976,0 days 00:00:00.378379,3.527645101085881e-08,COMPLETE
20,0.6094409758402782,2026-09-21 01:46:03.765976,2026-09-21 01:46:04.139646,0 days 00:00:00.373670,5.969192961207576e-10,COMPLETE
21,0.6094409758402782,2026-09-21 01:46:04.139646,2026-09-21 01:46:04.514496,0 days 00:00:00.374850,1.542284865366168e-11,COMPLETE
22,0.6094409758402782,2026-09-21 01:46:04.514496,2026-09-21 01:46:04.916381,0 days 00:00:00.401885,1.3278679737210947e-12,COMPLETE
23,0.6094409758402782,2026-09-21 01:46:04.916381,2026-09-21 01:46:05.283006,0 days 00:00:00.366625,3.782871569214587e-11,COMPLETE
