number,value,datetime_start,datetime_complete,duration,params_max_depth,params_max_features,params_min_samples_leaf,params_n_estimators,system_attrs_fixed_params,state
0,0.5704752781723599,2026-09-20 21:12:01.329637,2026-09-20 21:12:04.065814,0 days 00:00:02.736177,8.0,sqrt,5,300,,COMPLETE
1,0.5774182010361958,2026-09-20 21:12:04.065814,2026-09-20 21:12:08.409482,0 days 00:00:04.343668,,0.7,5,200,,COMPLETE
2,0.5572079718533832,2026-09-20 21:12:08.409482,2026-09-20 21:12:12.012112,0 days 00:00:03.602630,,sqrt,1,300,,COMPLETE
3,0.5751202681942568,2026-09-20 21:12:12.012112,2026-09-20 21:12:15.828798,0 days 00:00:03.816686,8.0,0.7,5,200,,COMPLETE
4,0.5719868779202465,2026-09-20 21:12:15.828798,2026-09-20 21:12:17.012404,0 days 00:00:01.183606,8.0,sqrt,1,100,,COMPLETE
5,,2026-09-20 21:12:17.012404,2026-09-20 21:12:17.012404,0 days 00:00:00,8.0,0.7,5,200,,PRUNED
6,,2026-09-20 21:12:17.012404,2026-09-20 21:12:17.012404,0 days 00:00:00,8.0,sqrt,5,300,,PRUNED
7,,2026-09-20 21:12:17.012404,2026-09-20 21:12:17.012404,0 days 00:00:00,8.0,0.7,5,200,,PRUNED
8,0.555674461197717,2026-09-20 21:12:17.012404,2026-09-20 21:12:19.586531,0 days 00:00:02.574127,,0.7,1,100,,COMPLETE
9,,2026-09-20 21:12:19.586531,2026-09-20 21:12:19.586531,0 days 00:00:00,,0.7,5,200,,PRUNED
10,0.5639554045501837,2026-09-20 21:12:19.586531,2026-09-20 21:12:24.438439,0 days 00:00:04.851908,,0.7,1,200,,COMPLETE
11,,2026-09-20 21:12:24.438439,2026-09-20 21:12:24.438439,0 days 00:00:00,,0.7,5,200,,PRUNED
12,,2026-09-20 21:12:24.438439,2026-09-20 21:12:24.438439,0 days 00:00:00,,0.7,5,200,,PRUNED
13,,2026-09-20 21:12:24.438439,2026-09-20 21:12:24.438439,0 days 00:00:00,8.0,0.7,5,200,,PRUNED
14,,2026-09-20 21:12:24.438439,2026-09-20 21:12:24.450108,0 days 00:00:00.011669,8.0,0.7,5,200,,PRUNED
15,0.5785364053525178,2026-09-20 21:12:24.450108,2026-09-20 21:12:26.820221,0 days 00:00:02.370113,,0.7,5,100,,COMPLETE
16,,2026-09-20 21:12:26.820221,2026-09-20 21:12:26.820221,0 days 00:00:00,,0.7,5,100,,PRUNED
17,,2026-09-20 21:12:26.820221,2026-09-20 21:12:26.826958,0 days 00:00:00.006737,,0.7,5,100,,PRUNED
18,0.5507824132509557,2026-09-20 21:12:26.826958,2026-09-20 21:12:28.269902,0 days 00:00:01.442944,,sqrt,1,100,,COMPLETE
19,,2026-09-20 21:12:28.269902,2026-09-20 21:12:28.279622,0 days 00:00:00.009720,,0.7,5,100,,PRUNED
20,,2026-09-20 21:12:28.279622,2026-09-20 21:12:28.282096,0 days 00:00:00.002474,,0.7,5,100,,PRUNED
21,,2026-09-20 21:12:28.282096,2026-09-20 21:12:28.284521,0 days 00:00:00.002425,8.0,0.7,5,200,,PRUNED
22,,2026-09-20 21:12:28.284521,2026-09-20 21:12:28.286030,0 days 00:00:00.001509,,0.7,5,200,,PRUNED
23,0.5760315762619469,2026-09-20 21:12:28.286030,2026-09-20 21:12:33.882005,0 days 00:00:05.595975,8.0,0.7,5,300,,COMPLETE
24,0.5771424621339675,2026-09-20 21:12:33.882005,2026-09-20 21:12:40.169529,0 days 00:00:06.287524,,0.7,5,300,,COMPLETE
25,,2026-09-20 21:12:40.169529,2026-09-20 21:12:40.174791,0 days 00:00:00.005262,,0.7,5,300,,PRUNED
26,,2026-09-20 21:12:40.174791,2026-09-20 21:12:40.176536,0 days 00:00:00.001745,,sqrt,1,300,,PRUNED
27,,2026-09-20 21:12:40.176536,2026-09-20 21:12:40.178797,0 days 00:00:00.002261,,0.7,5,300,,PRUNED
28,,2026-09-20 21:12:40.178797,2026-09-20 21:12:40.181084,0 days 00:00:00.002287,,0.7,5,300,,PRUNED
29,0.5761777549722974,2026-09-20 21:12:40.181084,2026-09-20 21:12:41.435947,0 days 00:00:01.254863,,sqrt,5,100,,COMPLETE
30,,2026-09-20 21:12:41.435947,2026-09-20 21:12:41.435947,0 days 00:00:00,,0.7,5,300,,PRUNED
31,,2026-09-20 21:12:41.435947,2026-09-20 21:12:41.435947,0 days 00:00:00,,sqrt,5,100,,PRUNED
32,,2026-09-20 21:12:41.435947,2026-09-20 21:12:41.449650,0 days 00:00:00.013703,,sqrt,5,100,,PRUNED
33,,2026-09-20 21:12:41.449650,2026-09-20 21:12:41.449650,0 days 00:00:00,,sqrt,5,100,,PRUNED
34,,2026-09-20 21:12:41.449650,2026-09-20 21:12:41.454361,0 days 00:00:00.004711,,sqrt,1,100,,PRUNED
35,,2026-09-20 21:12:41.454361,2026-09-20 21:12:41.454361,0 days 00:00:00,,sqrt,5,100,,PRUNED
36,0.5682509132939764,2026-09-20 21:12:41.454361,2026-09-20 21:12:44.434196,0 days 00:00:02.979835,,sqrt,5,300,,COMPLETE
37,,2026-09-20 21:12:44.434196,2026-09-20 21:12:44.450450,0 days 00:00:00.016254,,sqrt,5,100,,PRUNED
38,0.5627436516229619,2026-09-20 21:12:44.450450,2026-09-20 21:12:51.328274,0 days 00:00:06.877824,,0.7,1,300,,COMPLETE
39,,2026-09-20 21:12:51.328274,2026-09-20 21:12:51.328274,0 days 00:00:00,,sqrt,5,100,,PRUNED
40,,2026-09-20 21:12:51.328274,2026-09-20 21:12:51.328274,0 days 00:00:00,,0.7,5,300,,PRUNED
41,,2026-09-20 21:12:51.328274,2026-09-20 21:12:51.337761,0 days 00:00:00.009487,8.0,0.7,5,300,,PRUNED
42,,2026-09-20 21:12:51.337761,2026-09-20 21:12:51.339958,0 days 00:00:00.002197,8.0,0.7,5,300,,PRUNED
43,,2026-09-20 21:12:51.339958,2026-09-20 21:12:51.342129,0 days 00:00:00.002171,8.0,0.7,5,300,,PRUNED
44,,2026-09-20 21:12:51.342129,2026-09-20 21:12:51.344698,0 days 00:00:00.002569,8.0,0.7,5,300,,PRUNED
45,,2026-09-20 21:12:51.344698,2026-09-20 21:12:51.347090,0 days 00:00:00.002392,8.0,0.7,5,200,,PRUNED
46,0.5706335785589808,2026-09-20 21:12:51.347090,2026-09-20 21:12:55.242256,0 days 00:00:03.895166,8.0,0.7,1,200,,COMPLETE
47,,2026-09-20 21:12:55.242256,2026-09-20 21:12:55.242256,0 days 00:00:00,8.0,0.7,5,300,,PRUNED
48,,2026-09-20 21:12:55.242256,2026-09-20 21:12:55.242256,0 days 00:00:00,,0.7,5,100,,PRUNED
49,,2026-09-20 21:12:55.242256,2026-09-20 21:12:55.242256,0 days 00:00:00,,0.7,5,200,,PRUNED
50,0.5728545052933561,2026-09-20 21:12:55.242256,2026-09-20 21:12:56.405187,0 days 00:00:01.162931,8.0,sqrt,5,100,,COMPLETE
51,,2026-09-20 21:12:56.405187,2026-09-20 21:12:56.405187,0 days 00:00:00,8.0,0.7,5,200,,PRUNED
52,,2026-09-20 21:12:56.405187,2026-09-20 21:12:56.405187,0 days 00:00:00,8.0,0.7,5,200,,PRUNED
53,,2026-09-20 21:12:56.405187,2026-09-20 21:12:56.405187,0 days 00:00:00,8.0,0.7,5,200,,PRUNED
54,,2026-09-20 21:12:56.405187,2026-09-20 21:12:56.405187,0 days 00:00:00,8.0,0.7,5,200,,PRUNED
55,,2026-09-20 21:12:56.405187,2026-09-20 21:12:56.418922,0 days 00:00:00.013735,,0.7,5,200,,PRUNED
56,,2026-09-20 21:12:56.418922,2026-09-20 21:12:56.422544,0 days 00:00:00.003622,,0.7,1,200,,PRUNED
57,0.5773493690549583,2026-09-20 21:12:56.422544,2026-09-20 21:12:58.498220,0 days 00:00:02.075676,8.0,0.7,5,100,,COMPLETE
58,,2026-09-20 21:12:58.498220,2026-09-20 21:12:58.498220,0 days 00:00:00,8.0,0.7,5,100,,PRUNED
59,,2026-09-20 21:12:58.498220,2026-09-20 21:12:58.498220,0 days 00:00:00,,0.7,5,100,,PRUNED
60,,2026-09-20 21:12:58.498220,2026-09-20 21:12:58.510044,0 days 00:00:00.011824,,0.7,5,100,,PRUNED
61,,2026-09-20 21:12:58.510044,2026-09-20 21:12:58.512051,0 days 00:00:00.002007,8.0,0.7,5,100,,PRUNED
62,,2026-09-20 21:12:58.512051,2026-09-20 21:12:58.515152,0 days 00:00:00.003101,8.0,0.7,5,100,,PRUNED
63,,2026-09-20 21:12:58.515152,2026-09-20 21:12:58.517677,0 days 00:00:00.002525,8.0,0.7,5,300,,PRUNED
64,,2026-09-20 21:12:58.517677,2026-09-20 21:12:58.520120,0 days 00:00:00.002443,8.0,0.7,5,100,,PRUNED
65,0.5705992509363297,2026-09-20 21:12:58.520120,2026-09-20 21:13:00.623845,0 days 00:00:02.103725,,sqrt,5,200,,COMPLETE
66,,2026-09-20 21:13:00.623845,2026-09-20 21:13:00.623845,0 days 00:00:00,8.0,0.7,5,300,,PRUNED
67,,2026-09-20 21:13:00.623845,2026-09-20 21:13:00.623845,0 days 00:00:00,,0.7,1,100,,PRUNED
68,,2026-09-20 21:13:00.623845,2026-09-20 21:13:00.623845,0 days 00:00:00,,sqrt,5,100,,PRUNED
69,,2026-09-20 21:13:00.623845,2026-09-20 21:13:00.637459,0 days 00:00:00.013614,,0.7,5,300,,PRUNED
70,0.5780776267389357,2026-09-20 21:13:00.637459,2026-09-20 21:13:02.561876,0 days 00:00:01.924417,8.0,sqrt,5,200,,COMPLETE
71,,2026-09-20 21:13:02.561876,2026-09-20 21:13:02.572379,0 days 00:00:00.010503,8.0,sqrt,5,200,,PRUNED
72,,2026-09-20 21:13:02.572379,2026-09-20 21:13:02.577810,0 days 00:00:00.005431,8.0,sqrt,5,200,,PRUNED
73,,2026-09-20 21:13:02.577810,2026-09-20 21:13:02.580649,0 days 00:00:00.002839,8.0,sqrt,5,200,,PRUNED
74,,2026-09-20 21:13:02.580649,2026-09-20 21:13:02.584661,0 days 00:00:00.004012,8.0,sqrt,5,200,,PRUNED
75,,2026-09-20 21:13:02.584661,2026-09-20 21:13:02.586667,0 days 00:00:00.002006,8.0,sqrt,5,200,,PRUNED
76,,2026-09-20 21:13:02.586667,2026-09-20 21:13:02.589235,0 days 00:00:00.002568,,0.7,5,300,,PRUNED
77,,2026-09-20 21:13:02.589235,2026-09-20 21:13:02.591240,0 days 00:00:00.002005,8.0,sqrt,5,100,,PRUNED
78,,2026-09-20 21:13:02.591240,2026-09-20 21:13:02.593246,0 days 00:00:00.002006,,0.7,1,200,,PRUNED
79,0.5691271160829642,2026-09-20 21:13:02.593246,2026-09-20 21:13:05.384938,0 days 00:00:02.791692,8.0,sqrt,1,300,"{'max_depth': 8, 'max_features': 'sqrt', 'min_samples_leaf': 1, 'n_estimators': 300}",COMPLETE
80,,2026-09-20 21:13:05.384938,2026-09-20 21:13:05.384938,0 days 00:00:00,,0.7,5,100,,PRUNED
81,,2026-09-20 21:13:05.384938,2026-09-20 21:13:05.400879,0 days 00:00:00.015941,8.0,sqrt,5,100,,PRUNED
82,,2026-09-20 21:13:05.400879,2026-09-20 21:13:05.400879,0 days 00:00:00,8.0,sqrt,5,100,,PRUNED
83,,2026-09-20 21:13:05.400879,2026-09-20 21:13:05.400879,0 days 00:00:00,8.0,sqrt,5,100,,PRUNED
84,,2026-09-20 21:13:05.400879,2026-09-20 21:13:05.400879,0 days 00:00:00,8.0,sqrt,5,100,,PRUNED
85,,2026-09-20 21:13:05.400879,2026-09-20 21:13:05.400879,0 days 00:00:00,8.0,sqrt,5,100,,PRUNED
86,,2026-09-20 21:13:05.400879,2026-09-20 21:13:05.416674,0 days 00:00:00.015795,,0.7,5,200,,PRUNED
87,,2026-09-20 21:13:05.416674,2026-09-20 21:13:05.416674,0 days 00:00:00,8.0,0.7,5,300,,PRUNED
88,0.5583185098857061,2026-09-20 21:13:05.416674,2026-09-20 21:13:07.918071,0 days 00:00:02.501397,,sqrt,1,200,"{'max_depth': None, 'max_features': 'sqrt', 'min_samples_leaf': 1, 'n_estimators': 200}",COMPLETE
89,,2026-09-20 21:13:07.918071,2026-09-20 21:13:07.918071,0 days 00:00:00,8.0,0.7,5,100,,PRUNED
90,,2026-09-20 21:13:07.918071,2026-09-20 21:13:07.918071,0 days 00:00:00,,0.7,5,100,,PRUNED
91,,2026-09-20 21:13:07.918071,2026-09-20 21:13:07.928302,0 days 00:00:00.010231,8.0,sqrt,1,100,,PRUNED
92,,2026-09-20 21:13:07.928302,2026-09-20 21:13:07.928302,0 days 00:00:00,8.0,sqrt,1,100,,PRUNED
93,,2026-09-20 21:13:07.928302,2026-09-20 21:13:07.928302,0 days 00:00:00,8.0,sqrt,1,100,,PRUNED
94,,2026-09-20 21:13:07.928302,2026-09-20 21:13:07.928302,0 days 00:00:00,8.0,sqrt,5,100,,PRUNED
95,,2026-09-20 21:13:07.928302,2026-09-20 21:13:07.928302,0 days 00:00:00,8.0,0.7,5,300,,PRUNED
96,,2026-09-20 21:13:07.928302,2026-09-20 21:13:07.928302,0 days 00:00:00,,sqrt,5,100,,PRUNED
97,0.5746685088790352,2026-09-20 21:13:07.928302,2026-09-20 21:13:13.567606,0 days 00:00:05.639304,8.0,0.7,1,300,"{'max_depth': 8, 'max_features': 0.7, 'min_samples_leaf': 1, 'n_estimators': 300}",COMPLETE
98,,2026-09-20 21:13:13.567606,2026-09-20 21:13:13.567606,0 days 00:00:00,8.0,0.7,5,300,,PRUNED
99,,2026-09-20 21:13:13.567606,2026-09-20 21:13:13.573873,0 days 00:00:00.006267,,0.7,1,300,,PRUNED
100,,2026-09-20 21:13:13.573873,2026-09-20 21:13:13.576911,0 days 00:00:00.003038,8.0,0.7,5,300,,PRUNED
101,,2026-09-20 21:13:13.576911,2026-09-20 21:13:13.579607,0 days 00:00:00.002696,8.0,0.7,1,300,,PRUNED
102,,2026-09-20 21:13:13.579607,2026-09-20 21:13:13.582229,0 days 00:00:00.002622,8.0,0.7,1,200,,PRUNED
103,,2026-09-20 21:13:13.582229,2026-09-20 21:13:13.583735,0 days 00:00:00.001506,8.0,0.7,1,300,,PRUNED
104,0.5742858186837906,2026-09-20 21:13:13.583735,2026-09-20 21:13:15.799403,0 days 00:00:02.215668,8.0,0.7,1,100,,COMPLETE
105,,2026-09-20 21:13:15.799403,2026-09-20 21:13:15.799403,0 days 00:00:00,8.0,0.7,1,100,,PRUNED
106,,2026-09-20 21:13:15.799403,2026-09-20 21:13:15.799403,0 days 00:00:00,8.0,0.7,5,200,,PRUNED
107,,2026-09-20 21:13:15.799403,2026-09-20 21:13:15.811217,0 days 00:00:00.011814,,0.7,5,300,,PRUNED
108,,2026-09-20 21:13:15.811217,2026-09-20 21:13:15.811217,0 days 00:00:00,8.0,0.7,1,100,,PRUNED
109,,2026-09-20 21:13:15.811217,2026-09-20 21:13:15.811217,0 days 00:00:00,,0.7,5,200,,PRUNED
110,,2026-09-20 21:13:15.811217,2026-09-20 21:13:15.820771,0 days 00:00:00.009554,8.0,0.7,5,100,,PRUNED
111,,2026-09-20 21:13:15.820771,2026-09-20 21:13:15.823446,0 days 00:00:00.002675,8.0,sqrt,1,100,,PRUNED
112,,2026-09-20 21:13:15.823446,2026-09-20 21:13:15.827082,0 days 00:00:00.003636,8.0,0.7,1,100,,PRUNED
113,0.5706649464026513,2026-09-20 21:13:15.827082,2026-09-20 21:13:17.797791,0 days 00:00:01.970709,8.0,sqrt,1,200,"{'max_depth': 8, 'max_features': 'sqrt', 'min_samples_leaf': 1, 'n_estimators': 200}",COMPLETE
