number,value,datetime_start,datetime_complete,duration,params_max_depth,params_max_features,params_min_samples_leaf,params_n_estimators,system_attrs_fixed_params,state
0,0.6329428632690828,2026-09-20 07:29:08.380073,2026-09-20 07:29:12.118680,0 days 00:00:03.738607,8.0,0.7,1,200,,COMPLETE
1,0.6336373813407317,2026-09-20 07:29:12.118680,2026-09-20 07:29:14.138381,0 days 00:00:02.019701,8.0,0.7,5,100,,COMPLETE
2,0.6265108509857655,2026-09-20 07:29:14.138381,2026-09-20 07:29:18.388427,0 days 00:00:04.250046,,0.7,5,200,,COMPLETE
3,0.6373426226920961,2026-09-20 07:29:18.388427,2026-09-20 07:29:20.416319,0 days 00:00:02.027892,,sqrt,5,200,,COMPLETE
4,0.5435184869381906,2026-09-20 07:29:20.416319,2026-09-20 07:29:22.795211,0 days 00:00:02.378892,,sqrt,1,200,,COMPLETE
5,0.5337913734349792,2026-09-20 07:29:22.795211,2026-09-20 07:29:25.288216,0 days 00:00:02.493005,,0.7,1,100,,COMPLETE
6,,2026-09-20 07:29:25.288216,2026-09-20 07:29:25.288216,0 days 00:00:00,8.0,0.7,1,200,,PRUNED
7,0.6266992420522896,2026-09-20 07:29:25.288216,2026-09-20 07:29:31.415960,0 days 00:00:06.127744,,0.7,5,300,,COMPLETE
8,0.6397719055699126,2026-09-20 07:29:31.415960,2026-09-20 07:29:34.282161,0 days 00:00:02.866201,,sqrt,5,300,,COMPLETE
9,,2026-09-20 07:29:34.282161,2026-09-20 07:29:34.282161,0 days 00:00:00,,sqrt,5,300,,PRUNED
10,0.6420947193061732,2026-09-20 07:29:34.282161,2026-09-20 07:29:36.864744,0 days 00:00:02.582583,8.0,sqrt,5,300,,COMPLETE
11,,2026-09-20 07:29:36.864744,2026-09-20 07:29:36.864744,0 days 00:00:00,8.0,sqrt,5,300,,PRUNED
12,,2026-09-20 07:29:36.864744,2026-09-20 07:29:36.868908,0 days 00:00:00.004164,8.0,sqrt,5,300,,PRUNED
13,,2026-09-20 07:29:36.868908,2026-09-20 07:29:36.870915,0 days 00:00:00.002007,8.0,sqrt,5,300,,PRUNED
14,,2026-09-20 07:29:36.870915,2026-09-20 07:29:36.872921,0 days 00:00:00.002006,,sqrt,5,300,,PRUNED
15,,2026-09-20 07:29:36.872921,2026-09-20 07:29:36.874928,0 days 00:00:00.002007,8.0,sqrt,5,300,,PRUNED
16,0.63498080984147,2026-09-20 07:29:36.874928,2026-09-20 07:29:38.083566,0 days 00:00:01.208638,,sqrt,5,100,,COMPLETE
17,,2026-09-20 07:29:38.083566,2026-09-20 07:29:38.083566,0 days 00:00:00,8.0,sqrt,5,300,,PRUNED
18,0.5546220847723964,2026-09-20 07:29:38.083566,2026-09-20 07:29:41.577174,0 days 00:00:03.493608,,sqrt,1,300,,COMPLETE
19,,2026-09-20 07:29:41.577174,2026-09-20 07:29:41.577174,0 days 00:00:00,8.0,sqrt,5,300,,PRUNED
20,,2026-09-20 07:29:41.577174,2026-09-20 07:29:41.593193,0 days 00:00:00.016019,,sqrt,5,100,,PRUNED
21,,2026-09-20 07:29:41.593193,2026-09-20 07:29:41.593193,0 days 00:00:00,,sqrt,5,200,,PRUNED
22,,2026-09-20 07:29:41.593193,2026-09-20 07:29:41.593193,0 days 00:00:00,,sqrt,5,200,,PRUNED
23,,2026-09-20 07:29:41.593193,2026-09-20 07:29:41.593193,0 days 00:00:00,,sqrt,5,200,,PRUNED
24,,2026-09-20 07:29:41.593193,2026-09-20 07:29:41.593193,0 days 00:00:00,,sqrt,5,300,,PRUNED
25,,2026-09-20 07:29:41.593193,2026-09-20 07:29:41.593193,0 days 00:00:00,,sqrt,5,200,,PRUNED
26,0.6405727076901107,2026-09-20 07:29:41.593193,2026-09-20 07:29:44.248268,0 days 00:00:02.655075,8.0,sqrt,1,300,,COMPLETE
27,,2026-09-20 07:29:44.248268,2026-09-20 07:29:44.248268,0 days 00:00:00,8.0,sqrt,1,300,,PRUNED
28,,2026-09-20 07:29:44.248268,2026-09-20 07:29:44.248268,0 days 00:00:00,8.0,sqrt,1,300,,PRUNED
29,0.6310489703852831,2026-09-20 07:29:44.248268,2026-09-20 07:29:49.644647,0 days 00:00:05.396379,8.0,0.7,1,300,,COMPLETE
30,,2026-09-20 07:29:49.644647,2026-09-20 07:29:49.644647,0 days 00:00:00,8.0,sqrt,1,300,,PRUNED
31,0.6410939844177941,2026-09-20 07:29:49.644647,2026-09-20 07:29:51.566509,0 days 00:00:01.921862,8.0,sqrt,1,200,,COMPLETE
32,0.641541434938666,2026-09-20 07:29:51.566509,2026-09-20 07:29:52.676862,0 days 00:00:01.110353,8.0,sqrt,1,100,,COMPLETE
33,,2026-09-20 07:29:52.676862,2026-09-20 07:29:52.676862,0 days 00:00:00,8.0,sqrt,1,100,,PRUNED
34,0.6340681040484476,2026-09-20 07:29:52.676862,2026-09-20 07:29:54.725591,0 days 00:00:02.048729,8.0,0.7,1,100,,COMPLETE
35,,2026-09-20 07:29:54.725591,2026-09-20 07:29:54.741499,0 days 00:00:00.015908,8.0,sqrt,1,100,,PRUNED
36,,2026-09-20 07:29:54.741499,2026-09-20 07:29:54.741499,0 days 00:00:00,8.0,sqrt,1,100,,PRUNED
37,,2026-09-20 07:29:54.741499,2026-09-20 07:29:54.741499,0 days 00:00:00,8.0,0.7,1,200,,PRUNED
38,,2026-09-20 07:29:54.741499,2026-09-20 07:29:54.741499,0 days 00:00:00,8.0,sqrt,1,100,,PRUNED
39,,2026-09-20 07:29:54.741499,2026-09-20 07:29:54.741499,0 days 00:00:00,8.0,0.7,1,200,,PRUNED
40,,2026-09-20 07:29:54.741499,2026-09-20 07:29:54.741499,0 days 00:00:00,8.0,sqrt,1,200,,PRUNED
41,,2026-09-20 07:29:54.741499,2026-09-20 07:29:54.757288,0 days 00:00:00.015789,8.0,sqrt,1,300,,PRUNED
42,,2026-09-20 07:29:54.757288,2026-09-20 07:29:54.757288,0 days 00:00:00,8.0,sqrt,1,100,,PRUNED
43,0.540273592960299,2026-09-20 07:29:54.757288,2026-09-20 07:29:56.131150,0 days 00:00:01.373862,,sqrt,1,100,"{'max_depth': None, 'max_features': 'sqrt', 'min_samples_leaf': 1, 'n_estimators': 100}",COMPLETE
44,,2026-09-20 07:29:56.131150,2026-09-20 07:29:56.131150,0 days 00:00:00,8.0,sqrt,1,300,,PRUNED
45,,2026-09-20 07:29:56.131150,2026-09-20 07:29:56.147229,0 days 00:00:00.016079,8.0,sqrt,1,300,,PRUNED
46,,2026-09-20 07:29:56.147229,2026-09-20 07:29:56.147229,0 days 00:00:00,8.0,sqrt,5,300,,PRUNED
47,,2026-09-20 07:29:56.147229,2026-09-20 07:29:56.147229,0 days 00:00:00,8.0,0.7,1,200,,PRUNED
48,,2026-09-20 07:29:56.147229,2026-09-20 07:29:56.147229,0 days 00:00:00,8.0,sqrt,5,300,,PRUNED
49,,2026-09-20 07:29:56.147229,2026-09-20 07:29:56.147229,0 days 00:00:00,8.0,sqrt,5,300,,PRUNED
50,,2026-09-20 07:29:56.147229,2026-09-20 07:29:56.147229,0 days 00:00:00,8.0,sqrt,1,300,,PRUNED
51,,2026-09-20 07:29:56.147229,2026-09-20 07:29:56.163197,0 days 00:00:00.015968,,sqrt,5,200,,PRUNED
52,0.5349548337142717,2026-09-20 07:29:56.163197,2026-09-20 07:30:00.844324,0 days 00:00:04.681127,,0.7,1,200,"{'max_depth': None, 'max_features': 0.7, 'min_samples_leaf': 1, 'n_estimators': 200}",COMPLETE
53,,2026-09-20 07:30:00.844324,2026-09-20 07:30:00.847321,0 days 00:00:00.002997,,sqrt,5,200,,PRUNED
54,,2026-09-20 07:30:00.847321,2026-09-20 07:30:00.850153,0 days 00:00:00.002832,,sqrt,5,200,,PRUNED
55,,2026-09-20 07:30:00.850153,2026-09-20 07:30:00.852185,0 days 00:00:00.002032,,sqrt,5,200,,PRUNED
56,,2026-09-20 07:30:00.852185,2026-09-20 07:30:00.855184,0 days 00:00:00.002999,,sqrt,5,300,,PRUNED
57,,2026-09-20 07:30:00.855184,2026-09-20 07:30:00.857185,0 days 00:00:00.002001,,sqrt,5,100,,PRUNED
58,0.6395324261926301,2026-09-20 07:30:00.857185,2026-09-20 07:30:02.715505,0 days 00:00:01.858320,8.0,sqrt,5,200,,COMPLETE
59,,2026-09-20 07:30:02.715505,2026-09-20 07:30:02.715505,0 days 00:00:00,8.0,sqrt,5,200,,PRUNED
60,,2026-09-20 07:30:02.715505,2026-09-20 07:30:02.731329,0 days 00:00:00.015824,8.0,sqrt,5,300,,PRUNED
61,,2026-09-20 07:30:02.731329,2026-09-20 07:30:02.731329,0 days 00:00:00,8.0,sqrt,5,200,,PRUNED
62,,2026-09-20 07:30:02.731329,2026-09-20 07:30:02.731329,0 days 00:00:00,8.0,sqrt,5,200,,PRUNED
63,,2026-09-20 07:30:02.731329,2026-09-20 07:30:02.731329,0 days 00:00:00,8.0,sqrt,5,200,,PRUNED
64,,2026-09-20 07:30:02.731329,2026-09-20 07:30:02.731329,0 days 00:00:00,,sqrt,5,200,,PRUNED
65,,2026-09-20 07:30:02.731329,2026-09-20 07:30:02.731329,0 days 00:00:00,8.0,sqrt,5,300,,PRUNED
66,,2026-09-20 07:30:02.731329,2026-09-20 07:30:02.731329,0 days 00:00:00,8.0,sqrt,5,200,,PRUNED
67,0.6314200891023222,2026-09-20 07:30:02.731329,2026-09-20 07:30:06.446629,0 days 00:00:03.715300,8.0,0.7,5,200,"{'max_depth': 8, 'max_features': 0.7, 'min_samples_leaf': 5, 'n_estimators': 200}",COMPLETE
68,,2026-09-20 07:30:06.446629,2026-09-20 07:30:06.446629,0 days 00:00:00,,sqrt,1,100,,PRUNED
69,,2026-09-20 07:30:06.446629,2026-09-20 07:30:06.446629,0 days 00:00:00,8.0,sqrt,1,300,,PRUNED
70,,2026-09-20 07:30:06.446629,2026-09-20 07:30:06.460618,0 days 00:00:00.013989,,sqrt,5,300,,PRUNED
71,,2026-09-20 07:30:06.460618,2026-09-20 07:30:06.460618,0 days 00:00:00,,sqrt,5,100,,PRUNED
72,,2026-09-20 07:30:06.460618,2026-09-20 07:30:06.460618,0 days 00:00:00,,sqrt,5,100,,PRUNED
73,,2026-09-20 07:30:06.460618,2026-09-20 07:30:06.460618,0 days 00:00:00,,sqrt,5,100,,PRUNED
74,,2026-09-20 07:30:06.460618,2026-09-20 07:30:06.460618,0 days 00:00:00,,sqrt,5,100,,PRUNED
75,,2026-09-20 07:30:06.460618,2026-09-20 07:30:06.460618,0 days 00:00:00,8.0,sqrt,1,100,,PRUNED
76,0.6378416499950527,2026-09-20 07:30:06.460618,2026-09-20 07:30:07.588443,0 days 00:00:01.127825,8.0,sqrt,5,100,"{'max_depth': 8, 'max_features': 'sqrt', 'min_samples_leaf': 5, 'n_estimators': 100}",COMPLETE
77,,2026-09-20 07:30:07.588443,2026-09-20 07:30:07.588443,0 days 00:00:00,8.0,sqrt,1,300,,PRUNED
78,,2026-09-20 07:30:07.588443,2026-09-20 07:30:07.588443,0 days 00:00:00,8.0,sqrt,5,100,,PRUNED
79,,2026-09-20 07:30:07.588443,2026-09-20 07:30:07.588443,0 days 00:00:00,8.0,sqrt,1,200,,PRUNED
80,,2026-09-20 07:30:07.588443,2026-09-20 07:30:07.604212,0 days 00:00:00.015769,8.0,sqrt,5,300,,PRUNED
81,,2026-09-20 07:30:07.604212,2026-09-20 07:30:07.604212,0 days 00:00:00,8.0,sqrt,5,100,,PRUNED
82,,2026-09-20 07:30:07.604212,2026-09-20 07:30:07.604212,0 days 00:00:00,,sqrt,5,100,,PRUNED
83,,2026-09-20 07:30:07.604212,2026-09-20 07:30:07.604212,0 days 00:00:00,8.0,sqrt,5,100,,PRUNED
84,,2026-09-20 07:30:07.604212,2026-09-20 07:30:07.604212,0 days 00:00:00,8.0,sqrt,5,100,,PRUNED
85,0.6348891082411635,2026-09-20 07:30:07.604212,2026-09-20 07:30:12.928672,0 days 00:00:05.324460,8.0,0.7,5,300,"{'max_depth': 8, 'max_features': 0.7, 'min_samples_leaf': 5, 'n_estimators': 300}",COMPLETE
86,,2026-09-20 07:30:12.928672,2026-09-20 07:30:12.931802,0 days 00:00:00.003130,,sqrt,1,100,,PRUNED
87,,2026-09-20 07:30:12.931802,2026-09-20 07:30:12.931802,0 days 00:00:00,8.0,sqrt,1,200,,PRUNED
88,,2026-09-20 07:30:12.931802,2026-09-20 07:30:12.938334,0 days 00:00:00.006532,,sqrt,5,300,,PRUNED
89,,2026-09-20 07:30:12.938334,2026-09-20 07:30:12.940831,0 days 00:00:00.002497,8.0,sqrt,1,100,,PRUNED
90,,2026-09-20 07:30:12.940831,2026-09-20 07:30:12.943318,0 days 00:00:00.002487,,sqrt,5,200,,PRUNED
91,,2026-09-20 07:30:12.943318,2026-09-20 07:30:12.944323,0 days 00:00:00.001005,8.0,0.7,5,300,,PRUNED
92,,2026-09-20 07:30:12.944323,2026-09-20 07:30:12.948378,0 days 00:00:00.004055,8.0,0.7,5,300,,PRUNED
93,,2026-09-20 07:30:12.948378,2026-09-20 07:30:12.948378,0 days 00:00:00,8.0,0.7,5,300,,PRUNED
94,0.533716811494272,2026-09-20 07:30:12.948378,2026-09-20 07:30:19.762885,0 days 00:00:06.814507,,0.7,1,300,"{'max_depth': None, 'max_features': 0.7, 'min_samples_leaf': 1, 'n_estimators': 300}",COMPLETE
95,,2026-09-20 07:30:19.762885,2026-09-20 07:30:19.762885,0 days 00:00:00,8.0,0.7,5,300,,PRUNED
96,,2026-09-20 07:30:19.762885,2026-09-20 07:30:19.762885,0 days 00:00:00,8.0,sqrt,5,300,,PRUNED
97,,2026-09-20 07:30:19.762885,2026-09-20 07:30:19.762885,0 days 00:00:00,8.0,0.7,5,200,,PRUNED
98,,2026-09-20 07:30:19.762885,2026-09-20 07:30:19.762885,0 days 00:00:00,8.0,sqrt,5,300,,PRUNED
99,,2026-09-20 07:30:19.762885,2026-09-20 07:30:19.778731,0 days 00:00:00.015846,8.0,sqrt,5,200,,PRUNED
100,,2026-09-20 07:30:19.778731,2026-09-20 07:30:19.778731,0 days 00:00:00,8.0,0.7,1,100,,PRUNED
101,,2026-09-20 07:30:19.778731,2026-09-20 07:30:19.778731,0 days 00:00:00,8.0,0.7,1,100,,PRUNED
102,,2026-09-20 07:30:19.778731,2026-09-20 07:30:19.778731,0 days 00:00:00,8.0,0.7,1,100,,PRUNED
103,0.6197305556121812,2026-09-20 07:30:19.778731,2026-09-20 07:30:22.046875,0 days 00:00:02.268144,,0.7,5,100,"{'max_depth': None, 'max_features': 0.7, 'min_samples_leaf': 5, 'n_estimators': 100}",COMPLETE
