number,value,datetime_start,datetime_complete,duration,params_learning_rate,params_max_depth,params_n_estimators,params_subsample,state
0,0.6192626068587687,2026-09-20 23:34:19.257595,2026-09-20 23:34:20.453834,0 days 00:00:01.196239,0.04874357447589675,6,100,0.8639828952608944,COMPLETE
1,0.6311482570988814,2026-09-20 23:34:20.453834,2026-09-20 23:34:21.306420,0 days 00:00:00.852586,0.03312509998632689,4,100,0.9196909585839045,COMPLETE
2,0.6107950697484927,2026-09-20 23:34:21.306420,2026-09-20 23:34:22.788662,0 days 00:00:01.482242,0.08277894300430327,4,300,0.9878628281345108,COMPLETE
3,0.6314537380133332,2026-09-20 23:34:22.788662,2026-09-20 23:34:23.422340,0 days 00:00:00.633678,0.0997593579924345,2,100,0.9630488925928292,COMPLETE
4,0.629916715535013,2026-09-20 23:34:23.422340,2026-09-20 23:34:24.647522,0 days 00:00:01.225182,0.03178294839894628,6,100,0.8522050460957341,COMPLETE
5,0.6270469016498309,2026-09-20 23:34:24.647522,2026-09-20 23:34:25.699461,0 days 00:00:01.051939,0.04422203616864967,4,100,0.8195273459689323,COMPLETE
6,0.623909660450627,2026-09-20 23:34:25.699461,2026-09-20 23:34:26.361550,0 days 00:00:00.662089,0.03493173206953959,2,100,0.9810480062833167,COMPLETE
7,0.6173223847059749,2026-09-20 23:34:26.361550,2026-09-20 23:34:27.847247,0 days 00:00:01.485697,0.04547125756853285,4,300,0.8234720249001448,COMPLETE
8,0.6235860416313022,2026-09-20 23:34:27.863117,2026-09-20 23:34:28.835817,0 days 00:00:00.972700,0.09896894263874519,2,300,0.9267922992882495,COMPLETE
9,0.6278187653427004,2026-09-20 23:34:28.835817,2026-09-20 23:34:29.514103,0 days 00:00:00.678286,0.06624100721571623,2,100,0.9469529754361657,COMPLETE
10,0.6260576124633469,2026-09-20 23:34:29.514103,2026-09-20 23:34:30.538994,0 days 00:00:01.024891,0.06454209079203001,2,300,0.950840701982789,COMPLETE
11,0.6331448377704274,2026-09-20 23:34:30.538994,2026-09-20 23:34:31.360050,0 days 00:00:00.821056,0.037865322163345316,4,100,0.9165655118256598,COMPLETE
12,0.6279807208630389,2026-09-20 23:34:31.360050,2026-09-20 23:34:32.185166,0 days 00:00:00.825116,0.06119057645538331,4,100,0.8926357697518176,COMPLETE
13,0.6216814799763363,2026-09-20 23:34:32.185166,2026-09-20 23:34:32.834462,0 days 00:00:00.649296,0.038991477378468704,2,100,0.8927878428564493,COMPLETE
14,0.6172319794181998,2026-09-20 23:34:32.834462,2026-09-20 23:34:34.014888,0 days 00:00:01.180426,0.0769521301098453,6,100,0.9651236875484008,COMPLETE
15,0.6282423805978476,2026-09-20 23:34:34.014888,2026-09-20 23:34:34.834661,0 days 00:00:00.819773,0.05390952871052811,4,100,0.9206520671100354,COMPLETE
16,0.6314286957903269,2026-09-20 23:34:34.834661,2026-09-20 23:34:35.472709,0 days 00:00:00.638048,0.09841983464469373,2,100,0.9482596582167486,COMPLETE
17,0.626685261502864,2026-09-20 23:34:35.472709,2026-09-20 23:34:36.298825,0 days 00:00:00.826116,0.04029615315342111,4,100,0.8668933813909729,COMPLETE
18,0.6299431359415252,2026-09-20 23:34:36.298825,2026-09-20 23:34:37.284846,0 days 00:00:00.986021,0.07817880354958487,2,300,0.9974041008313602,COMPLETE
19,0.6216741614807655,2026-09-20 23:34:37.284846,2026-09-20 23:34:38.503197,0 days 00:00:01.218351,0.056780017928717716,6,100,0.9096225520978931,COMPLETE
20,0.6219975067004156,2026-09-20 23:34:38.503197,2026-09-20 23:34:39.137949,0 days 00:00:00.634752,0.038775066257331965,2,100,0.967211867858826,COMPLETE
21,0.6303908815156744,2026-09-20 23:34:39.137949,2026-09-20 23:34:39.782476,0 days 00:00:00.644527,0.09716037411547031,2,100,0.9446019614045483,COMPLETE
22,0.6271470367818172,2026-09-20 23:34:39.782476,2026-09-20 23:34:40.453442,0 days 00:00:00.670966,0.08741185824244412,2,100,0.9368077245712206,COMPLETE
23,0.6328695355189803,2026-09-20 23:34:40.453442,2026-09-20 23:34:41.081543,0 days 00:00:00.628101,0.07067716113310266,2,100,0.9570342220580091,COMPLETE
