number,value,datetime_start,datetime_complete,duration,params_var_smoothing,state
0,0.6094409758402782,2026-09-20 20:13:02.058249,2026-09-20 20:13:02.465179,0 days 00:00:00.406930,7.320166845569991e-05,COMPLETE
1,0.6094409758402782,2026-09-20 20:13:02.465179,2026-09-20 20:13:02.830120,0 days 00:00:00.364941,3.0248177738360585e-07,COMPLETE
2,0.6094409758402782,2026-09-20 20:13:02.830120,2026-09-20 20:13:03.189944,0 days 00:00:00.359824,1.998993006354421e-05,COMPLETE
3,0.6094409758402782,2026-09-20 20:13:03.189944,2026-09-20 20:13:03.561371,0 days 00:00:00.371427,2.766037446203378e-08,COMPLETE
4,0.6094409758402782,2026-09-20 20:13:03.561371,2026-09-20 20:13:03.943811,0 days 00:00:00.382440,9.854334044209434e-06,COMPLETE
5,0.6094409758402782,2026-09-20 20:13:03.944321,2026-09-20 20:13:04.350116,0 days 00:00:00.405795,1.2425017928730098e-11,COMPLETE
6,0.6098484753775074,2026-09-20 20:13:04.350116,2026-09-20 20:13:04.720809,0 days 00:00:00.370693,0.0045100675324118485,COMPLETE
7,0.6094409758402782,2026-09-20 20:13:04.720809,2026-09-20 20:13:05.082515,0 days 00:00:00.361706,4.726642752739108e-09,COMPLETE
8,0.602985147723973,2026-09-20 20:13:05.082515,2026-09-20 20:13:05.444570,0 days 00:00:00.362055,0.07468759679030194,COMPLETE
9,0.601030266760688,2026-09-20 20:13:05.444570,2026-09-20 20:13:05.825477,0 days 00:00:00.380907,0.09366996443118958,COMPLETE
10,0.609244970328759,2026-09-20 20:13:05.825477,2026-09-20 20:13:06.209921,0 days 00:00:00.384444,0.0012051244513197115,COMPLETE
11,0.6094409758402782,2026-09-20 20:13:06.209921,2026-09-20 20:13:06.593592,0 days 00:00:00.383671,0.00023595594358918862,COMPLETE
12,0.609055653317717,2026-09-20 20:13:06.593592,2026-09-20 20:13:06.966141,0 days 00:00:00.372549,0.0016581882244265057,COMPLETE
13,0.6094409758402782,2026-09-20 20:13:06.966141,2026-09-20 20:13:07.332581,0 days 00:00:00.366440,8.718191361000519e-06,COMPLETE
14,0.6094409758402782,2026-09-20 20:13:07.333596,2026-09-20 20:13:07.722875,0 days 00:00:00.389279,0.0002982189098921112,COMPLETE
15,0.6096377080998012,2026-09-20 20:13:07.722875,2026-09-20 20:13:08.114318,0 days 00:00:00.391443,0.007513928330844726,COMPLETE
16,0.6096859106870977,2026-09-20 20:13:08.114318,2026-09-20 20:13:08.512281,0 days 00:00:00.397963,0.00875777859881355,COMPLETE
17,0.6094409758402782,2026-09-20 20:13:08.512281,2026-09-20 20:13:08.904818,0 days 00:00:00.392537,1.987435937979614e-12,COMPLETE
18,0.6094409758402782,2026-09-20 20:13:08.904818,2026-09-20 20:13:09.272077,0 days 00:00:00.367259,2.4306340242715e-10,COMPLETE
19,0.6094409758402782,2026-09-20 20:13:09.272077,2026-09-20 20:13:09.636187,0 days 00:00:00.364110,9.594373603107358e-07,COMPLETE
20,0.6106087444016035,2026-09-20 20:13:09.636187,2026-09-20 20:13:10.004337,0 days 00:00:00.368150,0.006378590303769394,COMPLETE
21,0.6087729883201269,2026-09-20 20:13:10.004337,2026-09-20 20:13:10.366438,0 days 00:00:00.362101,0.012257220490413752,COMPLETE
22,0.6087244777086386,2026-09-20 20:13:10.366438,2026-09-20 20:13:10.746673,0 days 00:00:00.380235,0.009922558533711818,COMPLETE
23,0.6093209677865445,2026-09-20 20:13:10.746673,2026-09-20 20:13:11.128188,0 days 00:00:00.381515,0.0027748117943648025,COMPLETE
