number,value,datetime_start,datetime_complete,duration,params_learning_rate,params_max_depth,params_n_estimators,params_subsample,state
0,0.5872137697863838,2026-09-21 04:53:59.315973,2026-09-21 04:53:59.842168,0 days 00:00:00.526195,0.07565025786448311,2,100,0.8113678517800098,COMPLETE
1,0.573860116904128,2026-09-21 04:53:59.842168,2026-09-21 04:54:00.527445,0 days 00:00:00.685277,0.045496930292227594,6,100,0.9337181573585857,COMPLETE
2,0.568820396599561,2026-09-21 04:54:00.527445,2026-09-21 04:54:01.182099,0 days 00:00:00.654654,0.0831178799438483,6,100,0.8897226133257358,COMPLETE
3,0.5737202433492755,2026-09-21 04:54:01.182099,2026-09-21 04:54:02.074906,0 days 00:00:00.892807,0.04955158749654714,4,300,0.8094862890072493,COMPLETE
4,0.5423821245377497,2026-09-21 04:54:02.074906,2026-09-21 04:54:02.595918,0 days 00:00:00.521012,0.034771956578127275,2,100,0.8652709672618348,COMPLETE
5,0.5721347368776467,2026-09-21 04:54:02.595918,2026-09-21 04:54:03.473125,0 days 00:00:00.877207,0.03500203081924207,4,300,0.9797639352382346,COMPLETE
6,0.5813960365013758,2026-09-21 04:54:03.473125,2026-09-21 04:54:04.042419,0 days 00:00:00.569294,0.061792081301112786,4,100,0.8902317809583822,COMPLETE
7,0.5866803965193319,2026-09-21 04:54:04.042419,2026-09-21 04:54:04.754787,0 days 00:00:00.712368,0.09174442908406855,2,300,0.9195640073140534,COMPLETE
8,0.5858767759018306,2026-09-21 04:54:04.754787,2026-09-21 04:54:05.287373,0 days 00:00:00.532586,0.06846953777945189,2,100,0.8005104970931741,COMPLETE
9,0.5843732868710321,2026-09-21 04:54:05.287373,2026-09-21 04:54:05.792292,0 days 00:00:00.504919,0.07655281408841036,2,100,0.8506872565023993,COMPLETE
10,0.583300426147355,2026-09-21 04:54:05.792292,2026-09-21 04:54:06.523829,0 days 00:00:00.731537,0.0992438330086513,2,300,0.8290024961734531,COMPLETE
11,0.5846995871690622,2026-09-21 04:54:06.523829,2026-09-21 04:54:07.243167,0 days 00:00:00.719338,0.099464900174098,2,300,0.9330681365370458,COMPLETE
12,0.5847471296691623,2026-09-21 04:54:07.243167,2026-09-21 04:54:07.959988,0 days 00:00:00.716821,0.08187023604647144,2,300,0.9363925483469243,COMPLETE
13,0.585231877780337,2026-09-21 04:54:07.959988,2026-09-21 04:54:08.661960,0 days 00:00:00.701972,0.05832009867563722,2,300,0.9996715029801951,COMPLETE
14,0.58373496106834,2026-09-21 04:54:08.661960,2026-09-21 04:54:09.189562,0 days 00:00:00.527602,0.07143872926858368,2,100,0.9153960015205913,COMPLETE
15,0.5570034575401159,2026-09-21 04:54:09.189562,2026-09-21 04:54:10.276927,0 days 00:00:01.087365,0.08906740473267664,6,300,0.9642450613307028,COMPLETE
16,0.5822660744856606,2026-09-21 04:54:10.276927,2026-09-21 04:54:10.801147,0 days 00:00:00.524220,0.06427803499041305,2,100,0.8628667793489672,COMPLETE
17,0.5944370720490124,2026-09-21 04:54:10.801147,2026-09-21 04:54:11.516211,0 days 00:00:00.715064,0.04988444512443132,2,300,0.9034340637310843,COMPLETE
18,0.5741016453095217,2026-09-21 04:54:11.516211,2026-09-21 04:54:12.189274,0 days 00:00:00.673063,0.04188595398840269,6,100,0.8352113559022795,COMPLETE
19,0.5641298176605468,2026-09-21 04:54:12.189274,2026-09-21 04:54:13.106170,0 days 00:00:00.916896,0.05334965183332626,4,300,0.8786541331061722,COMPLETE
20,0.5642169383209016,2026-09-21 04:54:13.106170,2026-09-21 04:54:13.629234,0 days 00:00:00.523064,0.042450916838792124,2,100,0.9045552984508567,COMPLETE
21,0.5743559632292392,2026-09-21 04:54:13.629234,2026-09-21 04:54:14.342679,0 days 00:00:00.713445,0.09014514789803571,2,300,0.9096202738616956,COMPLETE
22,0.5893910020114864,2026-09-21 04:54:14.342679,2026-09-21 04:54:15.083464,0 days 00:00:00.740785,0.05451187715506555,2,300,0.9523948534573197,COMPLETE
23,0.5883575882138777,2026-09-21 04:54:15.083464,2026-09-21 04:54:15.824068,0 days 00:00:00.740604,0.053185290075053265,2,300,0.9598012462795724,COMPLETE
