number,value,datetime_start,datetime_complete,duration,params_learning_rate,params_max_depth,params_n_estimators,params_subsample,state
0,0.6279655150794001,2026-09-21 05:23:11.710016,2026-09-21 05:23:12.281846,0 days 00:00:00.571830,0.03726356980005977,4,100,0.8826110446470534,COMPLETE
1,0.6330746699539272,2026-09-21 05:23:12.281846,2026-09-21 05:23:13.133604,0 days 00:00:00.851758,0.04566956093945944,4,300,0.9595954899182475,COMPLETE
2,0.6232569214978302,2026-09-21 05:23:13.133604,2026-09-21 05:23:13.808765,0 days 00:00:00.675161,0.0762993366362622,6,100,0.9389223891953399,COMPLETE
3,0.6312794730544591,2026-09-21 05:23:13.808765,2026-09-21 05:23:15.456877,0 days 00:00:01.648112,0.03603247492897675,6,300,0.8188088015641638,COMPLETE
4,0.6245982546390151,2026-09-21 05:23:15.456877,2026-09-21 05:23:16.807897,0 days 00:00:01.351020,0.057822237574336674,6,300,0.8690992605548375,COMPLETE
5,0.6268400447254782,2026-09-21 05:23:16.807897,2026-09-21 05:23:17.537172,0 days 00:00:00.729275,0.08676250639746572,2,300,0.9931752397620576,COMPLETE
6,0.6257796724596738,2026-09-21 05:23:17.537172,2026-09-21 05:23:18.438409,0 days 00:00:00.901237,0.03341815689115098,4,300,0.9897070096100368,COMPLETE
7,0.6232143057386371,2026-09-21 05:23:18.438409,2026-09-21 05:23:19.287929,0 days 00:00:00.849520,0.08373327685074698,4,300,0.8804643919982205,COMPLETE
8,0.634309577038418,2026-09-21 05:23:19.287929,2026-09-21 05:23:20.531487,0 days 00:00:01.243558,0.04905058949701602,2,100,0.940026331883615,COMPLETE
9,0.6369748673836412,2026-09-21 05:23:20.531487,2026-09-21 05:23:21.141815,0 days 00:00:00.610328,0.06037307120915856,2,100,0.9242547618916711,COMPLETE
10,0.635859752024374,2026-09-21 05:23:21.141815,2026-09-21 05:23:21.752698,0 days 00:00:00.610883,0.06565608998880977,2,100,0.828181742640173,COMPLETE
11,0.6331249749636995,2026-09-21 05:23:21.752698,2026-09-21 05:23:22.280940,0 days 00:00:00.528242,0.06441041920385589,2,100,0.8242556061087934,COMPLETE
12,0.6366278868273872,2026-09-21 05:23:22.280940,2026-09-21 05:23:22.808025,0 days 00:00:00.527085,0.06783340491774568,2,100,0.8501539053296793,COMPLETE
13,0.6350323462902603,2026-09-21 05:23:22.808025,2026-09-21 05:23:23.340341,0 days 00:00:00.532316,0.07088479007590956,2,100,0.9116538907947488,COMPLETE
14,0.6328693508960718,2026-09-21 05:23:23.340341,2026-09-21 05:23:23.876020,0 days 00:00:00.535679,0.053764781026087206,2,100,0.9083266462657424,COMPLETE
15,0.6329174908254673,2026-09-21 05:23:23.876020,2026-09-21 05:23:24.421019,0 days 00:00:00.544999,0.09937873531884024,2,100,0.8516957604216303,COMPLETE
16,0.6347955910908023,2026-09-21 05:23:24.421019,2026-09-21 05:23:25.017373,0 days 00:00:00.596354,0.043048803326919405,2,100,0.845362569072918,COMPLETE
17,0.6369162586020032,2026-09-21 05:23:25.017373,2026-09-21 05:23:25.576588,0 days 00:00:00.559215,0.05829247294600598,2,100,0.8020472058469088,COMPLETE
18,0.6332963756368339,2026-09-21 05:23:25.577674,2026-09-21 05:23:26.083690,0 days 00:00:00.506016,0.055774535538744674,2,100,0.9309567568420002,COMPLETE
19,0.6352849633802434,2026-09-21 05:23:26.083690,2026-09-21 05:23:26.776067,0 days 00:00:00.692377,0.04280989436786777,6,100,0.801004359604534,COMPLETE
20,0.6334460432795573,2026-09-21 05:23:26.776067,2026-09-21 05:23:27.311037,0 days 00:00:00.534970,0.060941757098779685,2,100,0.9616367149903801,COMPLETE
21,0.6360161128829941,2026-09-21 05:23:27.311037,2026-09-21 05:23:27.841684,0 days 00:00:00.530647,0.07178663777380047,2,100,0.851305834854724,COMPLETE
22,0.6353065265216713,2026-09-21 05:23:27.841684,2026-09-21 05:23:28.393605,0 days 00:00:00.551921,0.05015388044265581,2,100,0.8084825429331451,COMPLETE
23,0.6377045189661764,2026-09-21 05:23:28.393605,2026-09-21 05:23:28.926637,0 days 00:00:00.533032,0.06645598902666809,2,100,0.895865410548102,COMPLETE
