number,value,datetime_start,datetime_complete,duration,params_learning_rate,params_max_depth,params_n_estimators,params_subsample,state
0,0.6297214493287276,2026-09-20 23:41:39.046852,2026-09-20 23:41:39.543475,0 days 00:00:00.496623,0.031935085473580774,2,100,0.9534456913328538,COMPLETE
1,0.6278496332278515,2026-09-20 23:41:39.543475,2026-09-20 23:41:40.396763,0 days 00:00:00.853288,0.09212218230221832,4,300,0.9598187191849272,COMPLETE
2,0.628690324909629,2026-09-20 23:41:40.396763,2026-09-20 23:41:40.958713,0 days 00:00:00.561950,0.040914901498736486,4,100,0.9570077485402978,COMPLETE
3,0.6342863859568219,2026-09-20 23:41:40.958713,2026-09-20 23:41:41.609400,0 days 00:00:00.650687,0.07196781767988353,6,100,0.8252814731306763,COMPLETE
4,0.6262166137709554,2026-09-20 23:41:41.609400,2026-09-20 23:41:42.474394,0 days 00:00:00.864994,0.04098874081094585,4,300,0.966901059261128,COMPLETE
5,0.630545878467433,2026-09-20 23:41:42.474394,2026-09-20 23:41:43.194996,0 days 00:00:00.720602,0.0535149650916126,2,300,0.8979475855454612,COMPLETE
6,0.633293607179117,2026-09-20 23:41:43.194996,2026-09-20 23:41:43.913944,0 days 00:00:00.718948,0.03479798351040693,2,300,0.9350775429293346,COMPLETE
7,0.6335943390350972,2026-09-20 23:41:43.913944,2026-09-20 23:41:44.635143,0 days 00:00:00.721199,0.09663595939174521,2,300,0.8544745253508405,COMPLETE
8,0.6303706856050165,2026-09-20 23:41:44.635143,2026-09-20 23:41:45.320757,0 days 00:00:00.685614,0.06943658521456181,6,100,0.8029421352624654,COMPLETE
9,0.6283111829834399,2026-09-20 23:41:45.320757,2026-09-20 23:41:45.984906,0 days 00:00:00.664149,0.06831650452624026,6,100,0.8034425870429291,COMPLETE
10,0.6299143584649931,2026-09-20 23:41:45.984906,2026-09-20 23:41:46.680957,0 days 00:00:00.696051,0.06807767904884371,6,100,0.8596222055386021,COMPLETE
11,0.6325569252275448,2026-09-20 23:41:46.680957,2026-09-20 23:41:47.395164,0 days 00:00:00.714207,0.09783653727395511,2,300,0.8503664982305097,COMPLETE
12,0.6289992998500707,2026-09-20 23:41:47.395164,2026-09-20 23:41:48.063897,0 days 00:00:00.668733,0.08137394242221706,6,100,0.8479909101379105,COMPLETE
13,0.6022984878085464,2026-09-20 23:41:48.063897,2026-09-20 23:41:49.153089,0 days 00:00:01.089192,0.08217563287467397,6,300,0.8852508866243743,COMPLETE
14,0.636328725235,2026-09-20 23:41:49.153089,2026-09-20 23:41:49.874948,0 days 00:00:00.721859,0.05400491234227037,2,300,0.8282761545479455,COMPLETE
15,0.6311885893735912,2026-09-20 23:41:49.874948,2026-09-20 23:41:50.384590,0 days 00:00:00.509642,0.052357438537782804,2,100,0.9981571449724731,COMPLETE
16,0.6168571768259944,2026-09-20 23:41:50.384590,2026-09-20 23:41:51.490470,0 days 00:00:01.105880,0.06129111652153881,6,300,0.8275439500928673,COMPLETE
17,0.6291994903134169,2026-09-20 23:41:51.490470,2026-09-20 23:41:52.168155,0 days 00:00:00.677685,0.04665926352587007,6,100,0.8293859482953444,COMPLETE
18,0.6340282929223635,2026-09-20 23:41:52.168155,2026-09-20 23:41:52.699542,0 days 00:00:00.531387,0.059508459008231915,2,100,0.8767403884340683,COMPLETE
19,0.6296250497714051,2026-09-20 23:41:52.699542,2026-09-20 23:41:53.545480,0 days 00:00:00.845938,0.07723560653875125,4,300,0.9199930532767668,COMPLETE
20,0.631272093646373,2026-09-20 23:41:53.545480,2026-09-20 23:41:54.228241,0 days 00:00:00.682761,0.047960005564933926,6,100,0.8249851388667538,COMPLETE
21,0.6331063784592519,2026-09-20 23:41:54.228241,2026-09-20 23:41:54.718455,0 days 00:00:00.490214,0.059155053967015224,2,100,0.8747473113319302,COMPLETE
22,0.6341050198478558,2026-09-20 23:41:54.718455,2026-09-20 23:41:55.251700,0 days 00:00:00.533245,0.061408849673983586,2,100,0.8740368151125808,COMPLETE
23,0.6310915883514575,2026-09-20 23:41:55.251700,2026-09-20 23:41:55.769973,0 days 00:00:00.518273,0.07315554106014194,2,100,0.8189995707629993,COMPLETE
