number,value,datetime_start,datetime_complete,duration,params_var_smoothing,state
0,0.6148951762632954,2026-09-20 20:01:33.552215,2026-09-20 20:01:33.921964,0 days 00:00:00.369749,5.696917147742177e-06,COMPLETE
1,0.6148951762632954,2026-09-20 20:01:33.921964,2026-09-20 20:01:34.322035,0 days 00:00:00.400071,1.423254560406989e-06,COMPLETE
2,0.6148951762632954,2026-09-20 20:01:34.322035,2026-09-20 20:01:34.709880,0 days 00:00:00.387845,2.351848232326056e-12,COMPLETE
3,0.6148951762632954,2026-09-20 20:01:34.709880,2026-09-20 20:01:35.072865,0 days 00:00:00.362985,1.0934269252574654e-05,COMPLETE
4,0.6148951762632954,2026-09-20 20:01:35.072865,2026-09-20 20:01:35.426213,0 days 00:00:00.353348,3.1559399910320813e-10,COMPLETE
5,0.6139242669562311,2026-09-20 20:01:35.426213,2026-09-20 20:01:35.796646,0 days 00:00:00.370433,0.09999437366633358,COMPLETE
6,0.6148951762632954,2026-09-20 20:01:35.796646,2026-09-20 20:01:36.159383,0 days 00:00:00.362737,1.8101851878879242e-11,COMPLETE
7,0.6141908910213824,2026-09-20 20:01:36.159383,2026-09-20 20:01:36.512761,0 days 00:00:00.353378,0.09466816504910783,COMPLETE
8,0.6148951762632954,2026-09-20 20:01:36.512761,2026-09-20 20:01:36.876742,0 days 00:00:00.363981,0.0001301637188329219,COMPLETE
9,0.6148951762632954,2026-09-20 20:01:36.876742,2026-09-20 20:01:37.456511,0 days 00:00:00.579769,7.84724085085328e-09,COMPLETE
10,0.6148951762632954,2026-09-20 20:01:37.456511,2026-09-20 20:01:37.817051,0 days 00:00:00.360540,0.00019165540926148556,COMPLETE
11,0.6148951762632954,2026-09-20 20:01:37.817051,2026-09-20 20:01:38.181597,0 days 00:00:00.364546,2.700821318912445e-07,COMPLETE
12,0.6148951762632954,2026-09-20 20:01:38.181597,2026-09-20 20:01:38.545370,0 days 00:00:00.363773,7.074705886812011e-07,COMPLETE
13,0.6148951762632954,2026-09-20 20:01:38.545370,2026-09-20 20:01:38.910540,0 days 00:00:00.365170,4.0001993873923786e-08,COMPLETE
14,0.6150986587763559,2026-09-20 20:01:38.910540,2026-09-20 20:01:39.274452,0 days 00:00:00.363912,0.001381662736493572,COMPLETE
15,0.6150986587763559,2026-09-20 20:01:39.274452,2026-09-20 20:01:39.656906,0 days 00:00:00.382454,0.0011166086957084868,COMPLETE
16,0.6155500551107087,2026-09-20 20:01:39.656906,2026-09-20 20:01:40.007405,0 days 00:00:00.350499,0.001805493907033887,COMPLETE
17,0.6150986587763559,2026-09-20 20:01:40.007405,2026-09-20 20:01:40.369858,0 days 00:00:00.362453,0.0014509334702850663,COMPLETE
18,0.6139796737652984,2026-09-20 20:01:40.369858,2026-09-20 20:01:40.753192,0 days 00:00:00.383334,0.007016980349592451,COMPLETE
19,0.6148951762632954,2026-09-20 20:01:40.753192,2026-09-20 20:01:41.116182,0 days 00:00:00.362990,5.9496411995946996e-05,COMPLETE
20,0.6145432978347136,2026-09-20 20:01:41.116182,2026-09-20 20:01:41.490075,0 days 00:00:00.373893,0.011751469864859133,COMPLETE
21,0.6150986587763559,2026-09-20 20:01:41.490075,2026-09-20 20:01:41.853651,0 days 00:00:00.363576,0.001058434408775045,COMPLETE
22,0.6148827928428248,2026-09-20 20:01:41.853651,2026-09-20 20:01:42.211229,0 days 00:00:00.357578,0.0026546224751614364,COMPLETE
23,0.6148951762632954,2026-09-20 20:01:42.211229,2026-09-20 20:01:42.580170,0 days 00:00:00.368941,2.2850901902567017e-05,COMPLETE
