number,value,datetime_start,datetime_complete,duration,params_max_depth,params_max_features,params_min_samples_leaf,params_n_estimators,system_attrs_fixed_params,state
0,0.5505914882934119,2026-09-20 21:10:32.323228,2026-09-20 21:10:34.482413,0 days 00:00:02.159185,8.0,0.7,1,100,,COMPLETE
1,0.5530866094373104,2026-09-20 21:10:34.482413,2026-09-20 21:10:39.215172,0 days 00:00:04.732759,,0.7,1,200,,COMPLETE
2,,2026-09-20 21:10:39.215172,2026-09-20 21:10:39.215172,0 days 00:00:00,8.0,0.7,1,100,,PRUNED
3,0.5513415706022623,2026-09-20 21:10:39.215172,2026-09-20 21:10:40.451469,0 days 00:00:01.236297,,sqrt,5,100,,COMPLETE
4,0.5530857497080132,2026-09-20 21:10:40.451469,2026-09-20 21:10:46.805982,0 days 00:00:06.354513,,0.7,5,300,,COMPLETE
5,0.5622758992612071,2026-09-20 21:10:46.805982,2026-09-20 21:10:49.307137,0 days 00:00:02.501155,,sqrt,1,200,,COMPLETE
6,0.5504483114042024,2026-09-20 21:10:49.307137,2026-09-20 21:10:52.020430,0 days 00:00:02.713293,8.0,sqrt,5,300,,COMPLETE
7,,2026-09-20 21:10:52.020430,2026-09-20 21:10:52.025016,0 days 00:00:00.004586,,sqrt,5,100,,PRUNED
8,,2026-09-20 21:10:52.025016,2026-09-20 21:10:52.027340,0 days 00:00:00.002324,,sqrt,1,200,,PRUNED
9,,2026-09-20 21:10:52.027340,2026-09-20 21:10:52.029345,0 days 00:00:00.002005,,sqrt,1,200,,PRUNED
10,0.5604016449448502,2026-09-20 21:10:52.029345,2026-09-20 21:10:54.003026,0 days 00:00:01.973681,8.0,sqrt,1,200,,COMPLETE
11,,2026-09-20 21:10:54.003026,2026-09-20 21:10:54.005030,0 days 00:00:00.002004,8.0,sqrt,1,200,,PRUNED
12,,2026-09-20 21:10:54.005030,2026-09-20 21:10:54.005030,0 days 00:00:00,8.0,sqrt,1,200,,PRUNED
13,,2026-09-20 21:10:54.005030,2026-09-20 21:10:54.005030,0 days 00:00:00,8.0,sqrt,1,200,,PRUNED
14,,2026-09-20 21:10:54.005030,2026-09-20 21:10:54.005030,0 days 00:00:00,,sqrt,1,200,,PRUNED
15,,2026-09-20 21:10:54.005030,2026-09-20 21:10:54.018665,0 days 00:00:00.013635,8.0,sqrt,1,200,,PRUNED
16,0.5529460545541287,2026-09-20 21:10:54.018665,2026-09-20 21:10:57.596009,0 days 00:00:03.577344,,sqrt,1,300,,COMPLETE
17,,2026-09-20 21:10:57.596009,2026-09-20 21:10:57.605039,0 days 00:00:00.009030,8.0,sqrt,1,200,,PRUNED
18,0.5505592660138494,2026-09-20 21:10:57.605039,2026-09-20 21:11:01.927606,0 days 00:00:04.322567,,0.7,5,200,,COMPLETE
19,0.5589403237569078,2026-09-20 21:11:01.927606,2026-09-20 21:11:04.721294,0 days 00:00:02.793688,8.0,sqrt,1,300,,COMPLETE
20,,2026-09-20 21:11:04.721294,2026-09-20 21:11:04.722332,0 days 00:00:00.001038,8.0,sqrt,1,200,,PRUNED
21,,2026-09-20 21:11:04.722332,2026-09-20 21:11:04.722332,0 days 00:00:00,8.0,sqrt,1,300,,PRUNED
22,,2026-09-20 21:11:04.722332,2026-09-20 21:11:04.722332,0 days 00:00:00,8.0,sqrt,1,300,,PRUNED
23,,2026-09-20 21:11:04.722332,2026-09-20 21:11:04.722332,0 days 00:00:00,8.0,sqrt,1,300,,PRUNED
24,,2026-09-20 21:11:04.722332,2026-09-20 21:11:04.722332,0 days 00:00:00,8.0,sqrt,1,300,,PRUNED
25,,2026-09-20 21:11:04.722332,2026-09-20 21:11:04.722332,0 days 00:00:00,8.0,sqrt,1,300,,PRUNED
26,,2026-09-20 21:11:04.722332,2026-09-20 21:11:04.738138,0 days 00:00:00.015806,,0.7,5,200,,PRUNED
27,,2026-09-20 21:11:04.738138,2026-09-20 21:11:04.740889,0 days 00:00:00.002751,8.0,sqrt,1,300,,PRUNED
28,0.5579449502235141,2026-09-20 21:11:04.740889,2026-09-20 21:11:07.078833,0 days 00:00:02.337944,,0.7,5,100,"{'max_depth': None, 'max_features': 0.7, 'min_samples_leaf': 5, 'n_estimators': 100}",COMPLETE
29,,2026-09-20 21:11:07.078833,2026-09-20 21:11:07.094461,0 days 00:00:00.015628,8.0,sqrt,1,200,,PRUNED
30,0.5572636650380239,2026-09-20 21:11:07.094461,2026-09-20 21:11:08.264013,0 days 00:00:01.169552,8.0,sqrt,1,100,,COMPLETE
31,,2026-09-20 21:11:08.264013,2026-09-20 21:11:08.268658,0 days 00:00:00.004645,,0.7,5,100,,PRUNED
32,,2026-09-20 21:11:08.268658,2026-09-20 21:11:08.270666,0 days 00:00:00.002008,,0.7,5,100,,PRUNED
33,,2026-09-20 21:11:08.270666,2026-09-20 21:11:08.274048,0 days 00:00:00.003382,,0.7,5,100,,PRUNED
34,,2026-09-20 21:11:08.274048,2026-09-20 21:11:08.276372,0 days 00:00:00.002324,,0.7,5,100,,PRUNED
35,,2026-09-20 21:11:08.276372,2026-09-20 21:11:08.276372,0 days 00:00:00,,0.7,5,100,,PRUNED
36,0.5469108065306489,2026-09-20 21:11:08.276372,2026-09-20 21:11:10.811384,0 days 00:00:02.535012,,0.7,1,100,,COMPLETE
37,,2026-09-20 21:11:10.811384,2026-09-20 21:11:10.828666,0 days 00:00:00.017282,,0.7,5,200,,PRUNED
38,0.5529032645711963,2026-09-20 21:11:10.828666,2026-09-20 21:11:17.758218,0 days 00:00:06.929552,,0.7,1,300,,COMPLETE
39,0.5477563302416207,2026-09-20 21:11:17.758218,2026-09-20 21:11:18.922879,0 days 00:00:01.164661,8.0,sqrt,5,100,,COMPLETE
40,,2026-09-20 21:11:18.922879,2026-09-20 21:11:18.922879,0 days 00:00:00,,sqrt,1,200,,PRUNED
41,,2026-09-20 21:11:18.922879,2026-09-20 21:11:18.922879,0 days 00:00:00,8.0,sqrt,1,100,,PRUNED
42,,2026-09-20 21:11:18.922879,2026-09-20 21:11:18.936208,0 days 00:00:00.013329,8.0,sqrt,1,100,,PRUNED
43,,2026-09-20 21:11:18.936208,2026-09-20 21:11:18.936208,0 days 00:00:00,8.0,sqrt,1,100,,PRUNED
44,,2026-09-20 21:11:18.936208,2026-09-20 21:11:18.936208,0 days 00:00:00,8.0,sqrt,1,100,,PRUNED
45,,2026-09-20 21:11:18.936208,2026-09-20 21:11:18.936208,0 days 00:00:00,8.0,sqrt,1,100,,PRUNED
46,,2026-09-20 21:11:18.936208,2026-09-20 21:11:18.936208,0 days 00:00:00,8.0,sqrt,1,200,,PRUNED
47,,2026-09-20 21:11:18.936208,2026-09-20 21:11:18.936208,0 days 00:00:00,,sqrt,1,200,,PRUNED
48,0.5541011214186425,2026-09-20 21:11:18.936208,2026-09-20 21:11:21.034621,0 days 00:00:02.098413,,sqrt,5,200,"{'max_depth': None, 'max_features': 'sqrt', 'min_samples_leaf': 5, 'n_estimators': 200}",COMPLETE
49,0.5475276864468931,2026-09-20 21:11:21.034621,2026-09-20 21:11:26.698921,0 days 00:00:05.664300,8.0,0.7,1,300,,COMPLETE
50,,2026-09-20 21:11:26.698921,2026-09-20 21:11:26.698921,0 days 00:00:00,8.0,sqrt,1,100,,PRUNED
51,,2026-09-20 21:11:26.698921,2026-09-20 21:11:26.698921,0 days 00:00:00,,sqrt,5,200,,PRUNED
52,,2026-09-20 21:11:26.698921,2026-09-20 21:11:26.708556,0 days 00:00:00.009635,,sqrt,5,200,,PRUNED
53,,2026-09-20 21:11:26.708556,2026-09-20 21:11:26.711708,0 days 00:00:00.003152,,sqrt,5,200,,PRUNED
54,,2026-09-20 21:11:26.711708,2026-09-20 21:11:26.714218,0 days 00:00:00.002510,,sqrt,5,200,,PRUNED
55,,2026-09-20 21:11:26.714218,2026-09-20 21:11:26.716625,0 days 00:00:00.002407,,sqrt,5,200,,PRUNED
56,,2026-09-20 21:11:26.716625,2026-09-20 21:11:26.719527,0 days 00:00:00.002902,8.0,sqrt,1,200,,PRUNED
57,0.5533957326056855,2026-09-20 21:11:26.719527,2026-09-20 21:11:29.699489,0 days 00:00:02.979962,,sqrt,5,300,,COMPLETE
58,,2026-09-20 21:11:29.699489,2026-09-20 21:11:29.702621,0 days 00:00:00.003132,8.0,sqrt,1,200,,PRUNED
59,,2026-09-20 21:11:29.702621,2026-09-20 21:11:29.702621,0 days 00:00:00,,sqrt,1,300,,PRUNED
60,0.5489256231635032,2026-09-20 21:11:29.702621,2026-09-20 21:11:31.651896,0 days 00:00:01.949275,8.0,sqrt,5,200,,COMPLETE
61,,2026-09-20 21:11:31.651896,2026-09-20 21:11:31.654818,0 days 00:00:00.002922,,sqrt,5,300,,PRUNED
62,,2026-09-20 21:11:31.654818,2026-09-20 21:11:31.657186,0 days 00:00:00.002368,,sqrt,5,300,,PRUNED
63,,2026-09-20 21:11:31.657186,2026-09-20 21:11:31.660186,0 days 00:00:00.003000,,sqrt,5,300,,PRUNED
64,,2026-09-20 21:11:31.660186,2026-09-20 21:11:31.662186,0 days 00:00:00.002000,,sqrt,5,300,,PRUNED
65,,2026-09-20 21:11:31.662186,2026-09-20 21:11:31.665181,0 days 00:00:00.002995,,sqrt,5,300,,PRUNED
66,,2026-09-20 21:11:31.665181,2026-09-20 21:11:31.667362,0 days 00:00:00.002181,,0.7,1,300,,PRUNED
67,,2026-09-20 21:11:31.667362,2026-09-20 21:11:31.669372,0 days 00:00:00.002010,8.0,sqrt,5,100,,PRUNED
68,,2026-09-20 21:11:31.669372,2026-09-20 21:11:31.671375,0 days 00:00:00.002003,,0.7,1,200,,PRUNED
69,0.5489652947782532,2026-09-20 21:11:31.671375,2026-09-20 21:11:35.630134,0 days 00:00:03.958759,8.0,0.7,1,200,"{'max_depth': 8, 'max_features': 0.7, 'min_samples_leaf': 1, 'n_estimators': 200}",COMPLETE
70,,2026-09-20 21:11:35.630134,2026-09-20 21:11:35.630134,0 days 00:00:00,,sqrt,5,100,,PRUNED
71,,2026-09-20 21:11:35.630134,2026-09-20 21:11:35.630134,0 days 00:00:00,,0.7,1,200,,PRUNED
72,,2026-09-20 21:11:35.630134,2026-09-20 21:11:35.630134,0 days 00:00:00,,0.7,1,200,,PRUNED
73,,2026-09-20 21:11:35.630134,2026-09-20 21:11:35.642395,0 days 00:00:00.012261,,0.7,1,200,,PRUNED
74,,2026-09-20 21:11:35.642395,2026-09-20 21:11:35.644930,0 days 00:00:00.002535,,0.7,1,300,,PRUNED
75,,2026-09-20 21:11:35.644930,2026-09-20 21:11:35.645936,0 days 00:00:00.001006,,sqrt,1,200,,PRUNED
76,,2026-09-20 21:11:35.645936,2026-09-20 21:11:35.650347,0 days 00:00:00.004411,8.0,sqrt,1,100,,PRUNED
77,,2026-09-20 21:11:35.650347,2026-09-20 21:11:35.652910,0 days 00:00:00.002563,,0.7,5,200,,PRUNED
78,0.5457382658084292,2026-09-20 21:11:35.652910,2026-09-20 21:11:41.235123,0 days 00:00:05.582213,8.0,0.7,5,300,"{'max_depth': 8, 'max_features': 0.7, 'min_samples_leaf': 5, 'n_estimators': 300}",COMPLETE
79,0.5593627698318014,2026-09-20 21:11:41.235123,2026-09-20 21:11:42.671811,0 days 00:00:01.436688,,sqrt,1,100,,COMPLETE
80,,2026-09-20 21:11:42.671811,2026-09-20 21:11:42.671811,0 days 00:00:00,,sqrt,1,100,,PRUNED
81,,2026-09-20 21:11:42.671811,2026-09-20 21:11:42.671811,0 days 00:00:00,,sqrt,1,100,,PRUNED
82,,2026-09-20 21:11:42.671811,2026-09-20 21:11:42.687447,0 days 00:00:00.015636,,sqrt,1,100,,PRUNED
83,,2026-09-20 21:11:42.687447,2026-09-20 21:11:42.687447,0 days 00:00:00,,sqrt,1,100,,PRUNED
84,,2026-09-20 21:11:42.687447,2026-09-20 21:11:42.687447,0 days 00:00:00,,sqrt,1,100,,PRUNED
85,,2026-09-20 21:11:42.687447,2026-09-20 21:11:42.687447,0 days 00:00:00,8.0,sqrt,1,200,,PRUNED
86,,2026-09-20 21:11:42.687447,2026-09-20 21:11:42.687447,0 days 00:00:00,,sqrt,1,100,,PRUNED
87,,2026-09-20 21:11:42.687447,2026-09-20 21:11:42.703551,0 days 00:00:00.016104,8.0,sqrt,1,200,,PRUNED
88,0.5477517152782728,2026-09-20 21:11:42.703551,2026-09-20 21:11:46.562291,0 days 00:00:03.858740,8.0,0.7,5,200,"{'max_depth': 8, 'max_features': 0.7, 'min_samples_leaf': 5, 'n_estimators': 200}",COMPLETE
89,,2026-09-20 21:11:46.562291,2026-09-20 21:11:46.566169,0 days 00:00:00.003878,,sqrt,1,300,,PRUNED
90,,2026-09-20 21:11:46.566169,2026-09-20 21:11:46.569356,0 days 00:00:00.003187,,sqrt,1,100,,PRUNED
91,,2026-09-20 21:11:46.569356,2026-09-20 21:11:46.569356,0 days 00:00:00,,0.7,5,300,,PRUNED
92,,2026-09-20 21:11:46.569356,2026-09-20 21:11:46.575404,0 days 00:00:00.006048,,0.7,5,300,,PRUNED
93,,2026-09-20 21:11:46.575404,2026-09-20 21:11:46.578089,0 days 00:00:00.002685,,0.7,5,300,,PRUNED
94,,2026-09-20 21:11:46.578089,2026-09-20 21:11:46.581175,0 days 00:00:00.003086,,0.7,5,300,,PRUNED
95,,2026-09-20 21:11:46.581175,2026-09-20 21:11:46.583860,0 days 00:00:00.002685,8.0,sqrt,5,300,,PRUNED
96,,2026-09-20 21:11:46.583860,2026-09-20 21:11:46.587516,0 days 00:00:00.003656,,0.7,5,200,,PRUNED
97,0.5510225225831488,2026-09-20 21:11:46.587516,2026-09-20 21:11:48.708000,0 days 00:00:02.120484,8.0,0.7,5,100,"{'max_depth': 8, 'max_features': 0.7, 'min_samples_leaf': 5, 'n_estimators': 100}",COMPLETE
