number,value,datetime_start,datetime_complete,duration,params_max_depth,params_max_features,params_min_samples_leaf,params_n_estimators,system_attrs_fixed_params,state
0,0.6252505340355327,2026-09-20 21:49:28.778761,2026-09-20 21:49:31.438845,0 days 00:00:02.660084,8.0,sqrt,5,200,,COMPLETE
1,0.6243417289970289,2026-09-20 21:49:31.438845,2026-09-20 21:49:34.448582,0 days 00:00:03.009737,8.0,0.7,5,100,,COMPLETE
2,0.628432462628936,2026-09-20 21:49:34.448582,2026-09-20 21:49:35.989009,0 days 00:00:01.540427,8.0,sqrt,1,100,,COMPLETE
3,,2026-09-20 21:49:35.989009,2026-09-20 21:49:35.989009,0 days 00:00:00,8.0,sqrt,1,100,,PRUNED
4,0.5807493255127669,2026-09-20 21:49:35.989009,2026-09-20 21:49:40.060351,0 days 00:00:04.071342,,0.7,1,100,,COMPLETE
5,,2026-09-20 21:49:40.060351,2026-09-20 21:49:40.060351,0 days 00:00:00,8.0,sqrt,5,200,,PRUNED
6,0.621124645144253,2026-09-20 21:49:40.060351,2026-09-20 21:49:48.524788,0 days 00:00:08.464437,8.0,0.7,1,300,,COMPLETE
7,0.6186051726051726,2026-09-20 21:49:48.524788,2026-09-20 21:49:50.266868,0 days 00:00:01.742080,,sqrt,5,100,,COMPLETE
8,0.5938677920234007,2026-09-20 21:49:50.266868,2026-09-20 21:49:55.500577,0 days 00:00:05.233709,,sqrt,1,300,,COMPLETE
9,,2026-09-20 21:49:55.500577,2026-09-20 21:49:55.500577,0 days 00:00:00,8.0,sqrt,1,100,,PRUNED
10,0.585464246623601,2026-09-20 21:49:55.500577,2026-09-20 21:50:03.161781,0 days 00:00:07.661204,,0.7,1,200,,COMPLETE
11,,2026-09-20 21:50:03.161781,2026-09-20 21:50:03.165930,0 days 00:00:00.004149,8.0,sqrt,5,200,,PRUNED
12,,2026-09-20 21:50:03.165930,2026-09-20 21:50:03.168660,0 days 00:00:00.002730,8.0,sqrt,5,200,,PRUNED
13,,2026-09-20 21:50:03.168660,2026-09-20 21:50:03.168660,0 days 00:00:00,8.0,sqrt,5,200,,PRUNED
14,0.6282425282425282,2026-09-20 21:50:03.168660,2026-09-20 21:50:06.927684,0 days 00:00:03.759024,8.0,sqrt,1,300,,COMPLETE
15,,2026-09-20 21:50:06.927684,2026-09-20 21:50:06.942067,0 days 00:00:00.014383,8.0,sqrt,1,300,,PRUNED
16,,2026-09-20 21:50:06.942067,2026-09-20 21:50:06.942067,0 days 00:00:00,8.0,sqrt,1,300,,PRUNED
17,,2026-09-20 21:50:06.942067,2026-09-20 21:50:06.942067,0 days 00:00:00,8.0,sqrt,1,300,,PRUNED
18,0.5905383178844689,2026-09-20 21:50:06.942067,2026-09-20 21:50:18.465048,0 days 00:00:11.522981,,0.7,1,300,,COMPLETE
19,,2026-09-20 21:50:18.465048,2026-09-20 21:50:18.468044,0 days 00:00:00.002996,8.0,sqrt,1,100,,PRUNED
20,,2026-09-20 21:50:18.468044,2026-09-20 21:50:18.471047,0 days 00:00:00.003003,8.0,sqrt,1,300,,PRUNED
21,,2026-09-20 21:50:18.471047,2026-09-20 21:50:18.473045,0 days 00:00:00.001998,8.0,sqrt,5,200,,PRUNED
22,,2026-09-20 21:50:18.473045,2026-09-20 21:50:18.475044,0 days 00:00:00.001999,8.0,sqrt,5,200,,PRUNED
23,0.6269553174626675,2026-09-20 21:50:18.475044,2026-09-20 21:50:19.958362,0 days 00:00:01.483318,8.0,sqrt,5,100,,COMPLETE
24,,2026-09-20 21:50:19.958362,2026-09-20 21:50:19.958362,0 days 00:00:00,8.0,sqrt,1,100,,PRUNED
25,,2026-09-20 21:50:19.958362,2026-09-20 21:50:19.958362,0 days 00:00:00,8.0,sqrt,1,100,,PRUNED
26,0.6096894534660017,2026-09-20 21:50:19.958362,2026-09-20 21:50:23.671420,0 days 00:00:03.713058,,0.7,5,100,,COMPLETE
27,,2026-09-20 21:50:23.671420,2026-09-20 21:50:23.675426,0 days 00:00:00.004006,8.0,sqrt,1,100,,PRUNED
28,,2026-09-20 21:50:23.675426,2026-09-20 21:50:23.677429,0 days 00:00:00.002003,8.0,sqrt,5,100,,PRUNED
29,0.6258284846767245,2026-09-20 21:50:23.677429,2026-09-20 21:50:27.345052,0 days 00:00:03.667623,8.0,sqrt,5,300,,COMPLETE
30,,2026-09-20 21:50:27.345052,2026-09-20 21:50:27.347829,0 days 00:00:00.002777,8.0,sqrt,1,100,,PRUNED
31,,2026-09-20 21:50:27.347829,2026-09-20 21:50:27.351194,0 days 00:00:00.003365,8.0,sqrt,5,300,,PRUNED
32,,2026-09-20 21:50:27.351194,2026-09-20 21:50:27.351194,0 days 00:00:00,8.0,sqrt,5,300,,PRUNED
33,,2026-09-20 21:50:27.351194,2026-09-20 21:50:27.351194,0 days 00:00:00,8.0,sqrt,5,300,,PRUNED
34,0.6215023042934166,2026-09-20 21:50:27.351194,2026-09-20 21:50:35.984028,0 days 00:00:08.632834,8.0,0.7,5,300,,COMPLETE
35,,2026-09-20 21:50:35.984028,2026-09-20 21:50:35.984028,0 days 00:00:00,8.0,sqrt,5,100,,PRUNED
36,,2026-09-20 21:50:35.984028,2026-09-20 21:50:35.984028,0 days 00:00:00,8.0,sqrt,5,300,,PRUNED
37,,2026-09-20 21:50:35.984028,2026-09-20 21:50:35.995457,0 days 00:00:00.011429,,0.7,1,100,,PRUNED
38,,2026-09-20 21:50:35.995457,2026-09-20 21:50:35.995457,0 days 00:00:00,8.0,sqrt,5,300,,PRUNED
39,,2026-09-20 21:50:35.995457,2026-09-20 21:50:35.995457,0 days 00:00:00,8.0,sqrt,1,100,,PRUNED
40,,2026-09-20 21:50:35.995457,2026-09-20 21:50:35.995457,0 days 00:00:00,,sqrt,5,100,,PRUNED
41,,2026-09-20 21:50:35.995457,2026-09-20 21:50:35.995457,0 days 00:00:00,8.0,sqrt,5,200,,PRUNED
42,,2026-09-20 21:50:35.995457,2026-09-20 21:50:35.995457,0 days 00:00:00,8.0,sqrt,5,200,,PRUNED
43,0.5930305169471416,2026-09-20 21:50:35.995457,2026-09-20 21:50:38.325452,0 days 00:00:02.329995,,sqrt,1,100,"{'max_depth': None, 'max_features': 'sqrt', 'min_samples_leaf': 1, 'n_estimators': 100}",COMPLETE
44,0.6226951444468823,2026-09-20 21:50:38.325452,2026-09-20 21:50:46.611878,0 days 00:00:08.286426,8.0,0.7,5,200,,COMPLETE
45,,2026-09-20 21:50:46.611878,2026-09-20 21:50:46.611878,0 days 00:00:00,8.0,sqrt,5,300,,PRUNED
46,,2026-09-20 21:50:46.611878,2026-09-20 21:50:46.611878,0 days 00:00:00,8.0,sqrt,5,200,,PRUNED
47,,2026-09-20 21:50:46.611878,2026-09-20 21:50:46.611878,0 days 00:00:00,8.0,sqrt,1,300,,PRUNED
48,,2026-09-20 21:50:46.611878,2026-09-20 21:50:46.611878,0 days 00:00:00,8.0,sqrt,5,200,,PRUNED
49,,2026-09-20 21:50:46.611878,2026-09-20 21:50:46.611878,0 days 00:00:00,8.0,0.7,1,300,,PRUNED
50,,2026-09-20 21:50:46.611878,2026-09-20 21:50:46.611878,0 days 00:00:00,8.0,sqrt,1,100,,PRUNED
51,,2026-09-20 21:50:46.611878,2026-09-20 21:50:46.627731,0 days 00:00:00.015853,8.0,0.7,5,100,,PRUNED
52,,2026-09-20 21:50:46.627731,2026-09-20 21:50:46.627731,0 days 00:00:00,8.0,0.7,5,100,,PRUNED
53,0.5944263212531389,2026-09-20 21:50:46.627731,2026-09-20 21:50:50.286050,0 days 00:00:03.658319,,sqrt,1,200,"{'max_depth': None, 'max_features': 'sqrt', 'min_samples_leaf': 1, 'n_estimators': 200}",COMPLETE
54,,2026-09-20 21:50:50.286050,2026-09-20 21:50:50.289082,0 days 00:00:00.003032,8.0,0.7,5,100,,PRUNED
55,,2026-09-20 21:50:50.289082,2026-09-20 21:50:50.292088,0 days 00:00:00.003006,8.0,0.7,5,100,,PRUNED
56,,2026-09-20 21:50:50.292088,2026-09-20 21:50:50.295087,0 days 00:00:00.002999,8.0,sqrt,5,300,,PRUNED
57,,2026-09-20 21:50:50.295087,2026-09-20 21:50:50.296915,0 days 00:00:00.001828,8.0,0.7,5,100,,PRUNED
58,,2026-09-20 21:50:50.296915,2026-09-20 21:50:50.299460,0 days 00:00:00.002545,8.0,sqrt,1,100,,PRUNED
59,,2026-09-20 21:50:50.299460,2026-09-20 21:50:50.299460,0 days 00:00:00,8.0,sqrt,5,300,,PRUNED
60,0.6306886498593592,2026-09-20 21:50:50.299460,2026-09-20 21:50:53.020631,0 days 00:00:02.721171,8.0,sqrt,1,200,,COMPLETE
61,,2026-09-20 21:50:53.020631,2026-09-20 21:50:53.025669,0 days 00:00:00.005038,8.0,sqrt,1,200,,PRUNED
62,,2026-09-20 21:50:53.025669,2026-09-20 21:50:53.029352,0 days 00:00:00.003683,8.0,sqrt,1,200,,PRUNED
63,,2026-09-20 21:50:53.029352,2026-09-20 21:50:53.032304,0 days 00:00:00.002952,8.0,sqrt,1,200,,PRUNED
64,,2026-09-20 21:50:53.032304,2026-09-20 21:50:53.035350,0 days 00:00:00.003046,8.0,sqrt,1,200,,PRUNED
65,,2026-09-20 21:50:53.035350,2026-09-20 21:50:53.035350,0 days 00:00:00,8.0,sqrt,1,200,,PRUNED
66,,2026-09-20 21:50:53.035350,2026-09-20 21:50:53.035350,0 days 00:00:00,8.0,sqrt,1,300,,PRUNED
67,,2026-09-20 21:50:53.035350,2026-09-20 21:50:53.041393,0 days 00:00:00.006043,,sqrt,5,100,,PRUNED
68,,2026-09-20 21:50:53.041393,2026-09-20 21:50:53.041393,0 days 00:00:00,8.0,0.7,5,100,,PRUNED
69,0.6223770802533276,2026-09-20 21:50:53.041393,2026-09-20 21:50:58.990620,0 days 00:00:05.949227,8.0,0.7,1,200,"{'max_depth': 8, 'max_features': 0.7, 'min_samples_leaf': 1, 'n_estimators': 200}",COMPLETE
70,,2026-09-20 21:50:58.990620,2026-09-20 21:50:59.000284,0 days 00:00:00.009664,8.0,sqrt,5,300,,PRUNED
71,,2026-09-20 21:50:59.000284,2026-09-20 21:50:59.000284,0 days 00:00:00,8.0,0.7,5,200,,PRUNED
72,,2026-09-20 21:50:59.000284,2026-09-20 21:50:59.000284,0 days 00:00:00,8.0,0.7,5,200,,PRUNED
73,,2026-09-20 21:50:59.000284,2026-09-20 21:50:59.000284,0 days 00:00:00,8.0,0.7,5,200,,PRUNED
74,,2026-09-20 21:50:59.000284,2026-09-20 21:50:59.000284,0 days 00:00:00,8.0,0.7,5,200,,PRUNED
75,,2026-09-20 21:50:59.000284,2026-09-20 21:50:59.017094,0 days 00:00:00.016810,8.0,sqrt,5,200,,PRUNED
76,,2026-09-20 21:50:59.017094,2026-09-20 21:50:59.018934,0 days 00:00:00.001840,8.0,sqrt,5,100,,PRUNED
77,,2026-09-20 21:50:59.018934,2026-09-20 21:50:59.021330,0 days 00:00:00.002396,8.0,0.7,1,300,,PRUNED
78,0.6197713452659929,2026-09-20 21:50:59.021330,2026-09-20 21:51:02.090260,0 days 00:00:03.068930,8.0,0.7,1,100,"{'max_depth': 8, 'max_features': 0.7, 'min_samples_leaf': 1, 'n_estimators': 100}",COMPLETE
79,0.6134787441798418,2026-09-20 21:51:02.090260,2026-09-20 21:51:05.225092,0 days 00:00:03.134832,,sqrt,5,200,,COMPLETE
80,,2026-09-20 21:51:05.225092,2026-09-20 21:51:05.225092,0 days 00:00:00,8.0,sqrt,5,300,,PRUNED
81,,2026-09-20 21:51:05.225092,2026-09-20 21:51:05.240779,0 days 00:00:00.015687,8.0,0.7,1,200,,PRUNED
82,,2026-09-20 21:51:05.240779,2026-09-20 21:51:05.240779,0 days 00:00:00,8.0,0.7,1,200,,PRUNED
83,,2026-09-20 21:51:05.240779,2026-09-20 21:51:05.240779,0 days 00:00:00,8.0,0.7,1,200,,PRUNED
84,,2026-09-20 21:51:05.240779,2026-09-20 21:51:05.240779,0 days 00:00:00,8.0,0.7,1,200,,PRUNED
85,,2026-09-20 21:51:05.240779,2026-09-20 21:51:05.240779,0 days 00:00:00,8.0,0.7,1,200,,PRUNED
86,,2026-09-20 21:51:05.240779,2026-09-20 21:51:05.240779,0 days 00:00:00,8.0,sqrt,1,100,,PRUNED
87,,2026-09-20 21:51:05.240779,2026-09-20 21:51:05.256631,0 days 00:00:00.015852,8.0,sqrt,5,200,,PRUNED
88,0.6178229245403056,2026-09-20 21:51:05.256631,2026-09-20 21:51:09.696246,0 days 00:00:04.439615,,sqrt,5,300,"{'max_depth': None, 'max_features': 'sqrt', 'min_samples_leaf': 5, 'n_estimators': 300}",COMPLETE
89,,2026-09-20 21:51:09.696246,2026-09-20 21:51:09.696246,0 days 00:00:00,8.0,0.7,1,100,,PRUNED
90,,2026-09-20 21:51:09.696246,2026-09-20 21:51:09.696246,0 days 00:00:00,8.0,sqrt,5,200,,PRUNED
91,,2026-09-20 21:51:09.696246,2026-09-20 21:51:09.696246,0 days 00:00:00,8.0,0.7,5,300,,PRUNED
92,,2026-09-20 21:51:09.696246,2026-09-20 21:51:09.712347,0 days 00:00:00.016101,8.0,0.7,5,300,,PRUNED
93,,2026-09-20 21:51:09.712347,2026-09-20 21:51:09.712347,0 days 00:00:00,8.0,0.7,5,300,,PRUNED
94,,2026-09-20 21:51:09.712347,2026-09-20 21:51:09.712347,0 days 00:00:00,8.0,0.7,5,300,,PRUNED
95,,2026-09-20 21:51:09.712347,2026-09-20 21:51:09.712347,0 days 00:00:00,8.0,0.7,5,300,,PRUNED
96,,2026-09-20 21:51:09.712347,2026-09-20 21:51:09.712347,0 days 00:00:00,8.0,sqrt,1,100,,PRUNED
97,0.6087374251523598,2026-09-20 21:51:09.712347,2026-09-20 21:51:20.089849,0 days 00:00:10.377502,,0.7,5,300,"{'max_depth': None, 'max_features': 0.7, 'min_samples_leaf': 5, 'n_estimators': 300}",COMPLETE
98,,2026-09-20 21:51:20.089849,2026-09-20 21:51:20.089849,0 days 00:00:00,8.0,sqrt,1,100,,PRUNED
99,,2026-09-20 21:51:20.089849,2026-09-20 21:51:20.105582,0 days 00:00:00.015733,8.0,sqrt,5,200,,PRUNED
100,,2026-09-20 21:51:20.105582,2026-09-20 21:51:20.109378,0 days 00:00:00.003796,8.0,sqrt,1,300,,PRUNED
101,,2026-09-20 21:51:20.109378,2026-09-20 21:51:20.109378,0 days 00:00:00,8.0,0.7,1,300,,PRUNED
102,,2026-09-20 21:51:20.109378,2026-09-20 21:51:20.109378,0 days 00:00:00,8.0,0.7,1,300,,PRUNED
103,,2026-09-20 21:51:20.109378,2026-09-20 21:51:20.109378,0 days 00:00:00,8.0,0.7,1,300,,PRUNED
104,,2026-09-20 21:51:20.109378,2026-09-20 21:51:20.123567,0 days 00:00:00.014189,8.0,0.7,1,300,,PRUNED
105,,2026-09-20 21:51:20.123567,2026-09-20 21:51:20.123567,0 days 00:00:00,8.0,0.7,5,100,,PRUNED
106,0.607635458657431,2026-09-20 21:51:20.123567,2026-09-20 21:51:27.139577,0 days 00:00:07.016010,,0.7,5,200,"{'max_depth': None, 'max_features': 0.7, 'min_samples_leaf': 5, 'n_estimators': 200}",COMPLETE
