number,value,datetime_start,datetime_complete,duration,params_learning_rate,params_max_depth,params_n_estimators,params_subsample,state
0,0.6187662974130922,2026-09-20 13:39:21.648678,2026-09-20 13:39:22.249676,0 days 00:00:00.600998,0.032551066404955184,2,100,0.9785891037739486,COMPLETE
1,0.624038130679671,2026-09-20 13:39:22.249676,2026-09-20 13:39:23.064475,0 days 00:00:00.814799,0.06358444105859686,2,300,0.8624532949387286,COMPLETE
2,0.6207068083556563,2026-09-20 13:39:23.064475,2026-09-20 13:39:23.610181,0 days 00:00:00.545706,0.09810774259545713,2,100,0.8928432975774246,COMPLETE
3,0.621005395836537,2026-09-20 13:39:23.610181,2026-09-20 13:39:24.367905,0 days 00:00:00.757724,0.03243755328017362,6,100,0.8355245986076816,COMPLETE
4,0.6214518643573619,2026-09-20 13:39:24.367905,2026-09-20 13:39:25.158478,0 days 00:00:00.790573,0.05476113512205368,6,100,0.8284668620755103,COMPLETE
5,0.6269555612361825,2026-09-20 13:39:25.158478,2026-09-20 13:39:25.842278,0 days 00:00:00.683800,0.03103048655697604,4,100,0.8068392430990314,COMPLETE
6,0.6186893935452001,2026-09-20 13:39:25.842278,2026-09-20 13:39:26.921979,0 days 00:00:01.079701,0.036875381532795716,4,300,0.9355331605471823,COMPLETE
7,0.6058526864505461,2026-09-20 13:39:26.921979,2026-09-20 13:39:28.272717,0 days 00:00:01.350738,0.060830011356340766,6,300,0.9653051720689116,COMPLETE
8,0.6255597488728835,2026-09-20 13:39:28.272717,2026-09-20 13:39:28.950890,0 days 00:00:00.678173,0.04582562760121243,4,100,0.8015692222817398,COMPLETE
9,0.6200185744252692,2026-09-20 13:39:28.950890,2026-09-20 13:39:29.668062,0 days 00:00:00.717172,0.08731357711674644,4,100,0.9021715812803507,COMPLETE
10,0.6186606325405479,2026-09-20 13:39:29.668062,2026-09-20 13:39:30.722710,0 days 00:00:01.054648,0.044151911818442545,4,300,0.8002807342001518,COMPLETE
11,0.6244047573459143,2026-09-20 13:39:30.722710,2026-09-20 13:39:31.384413,0 days 00:00:00.661703,0.044398337487412606,4,100,0.8018636812763803,COMPLETE
12,0.6232604084953078,2026-09-20 13:39:31.384413,2026-09-20 13:39:32.039857,0 days 00:00:00.655444,0.04342977926527948,4,100,0.8433044343344421,COMPLETE
13,0.6253738783649053,2026-09-20 13:39:32.039857,2026-09-20 13:39:32.688018,0 days 00:00:00.648161,0.03913899717101232,4,100,0.8694500369894611,COMPLETE
14,0.6253146379936161,2026-09-20 13:39:32.688018,2026-09-20 13:39:33.346285,0 days 00:00:00.658267,0.03038394145887382,4,100,0.8187900232647837,COMPLETE
15,0.6223369186007172,2026-09-20 13:39:33.346285,2026-09-20 13:39:34.019557,0 days 00:00:00.673272,0.05056710265122947,4,100,0.8592202738549807,COMPLETE
16,0.6221969723685881,2026-09-20 13:39:34.019557,2026-09-20 13:39:34.659224,0 days 00:00:00.639667,0.06827788016846843,4,100,0.9084014503578673,COMPLETE
17,0.6197072136836629,2026-09-20 13:39:34.659224,2026-09-20 13:39:35.297712,0 days 00:00:00.638488,0.07504154564823638,4,100,0.8158193298218083,COMPLETE
18,0.6121566123620316,2026-09-20 13:39:35.297712,2026-09-20 13:39:36.577677,0 days 00:00:01.279965,0.0379319593893466,6,300,0.8818592401290346,COMPLETE
19,0.6192778732758657,2026-09-20 13:39:36.577677,2026-09-20 13:39:37.194226,0 days 00:00:00.616549,0.0493663158471693,2,100,0.9288407195611632,COMPLETE
20,0.621613508587256,2026-09-20 13:39:37.194226,2026-09-20 13:39:37.849394,0 days 00:00:00.655168,0.03577614402277901,4,100,0.850897708448585,COMPLETE
21,0.6235153767159726,2026-09-20 13:39:37.849394,2026-09-20 13:39:38.490369,0 days 00:00:00.640975,0.039589815719940316,4,100,0.8791611521113095,COMPLETE
22,0.6235085115128688,2026-09-20 13:39:38.490369,2026-09-20 13:39:39.136016,0 days 00:00:00.645647,0.04029941962371863,4,100,0.8176932317836737,COMPLETE
23,0.6256208387926204,2026-09-20 13:39:39.136016,2026-09-20 13:39:39.816468,0 days 00:00:00.680452,0.03459499275011333,4,100,0.8005313640490282,COMPLETE
