number,value,datetime_start,datetime_complete,duration,params_var_smoothing,state
0,0.6229624388366373,2026-09-20 20:05:31.341254,2026-09-20 20:05:31.723134,0 days 00:00:00.381880,0.00013431700833272232,COMPLETE
1,0.6231694727640709,2026-09-20 20:05:31.723134,2026-09-20 20:05:32.096092,0 days 00:00:00.372958,5.681440582740703e-07,COMPLETE
2,0.6231694727640709,2026-09-20 20:05:32.096092,2026-09-20 20:05:32.475797,0 days 00:00:00.379705,3.185094942120395e-07,COMPLETE
3,0.6231694727640709,2026-09-20 20:05:32.475797,2026-09-20 20:05:32.851425,0 days 00:00:00.375628,3.124186863045648e-11,COMPLETE
4,0.6231694727640709,2026-09-20 20:05:32.851425,2026-09-20 20:05:33.242304,0 days 00:00:00.390879,4.397708943266201e-10,COMPLETE
5,0.6231694727640709,2026-09-20 20:05:33.242304,2026-09-20 20:05:33.626948,0 days 00:00:00.384644,3.7154679700783616e-07,COMPLETE
6,0.6229624388366373,2026-09-20 20:05:33.626948,2026-09-20 20:05:34.018935,0 days 00:00:00.391987,9.07802223807191e-05,COMPLETE
7,0.6231694727640709,2026-09-20 20:05:34.018935,2026-09-20 20:05:34.404424,0 days 00:00:00.385489,5.524405173229703e-08,COMPLETE
8,0.6088615214066639,2026-09-20 20:05:34.404424,2026-09-20 20:05:34.785937,0 days 00:00:00.381513,0.07885517294614683,COMPLETE
9,0.6231694727640709,2026-09-20 20:05:34.785937,2026-09-20 20:05:35.161281,0 days 00:00:00.375344,2.6249637819038997e-12,COMPLETE
10,0.6231694727640709,2026-09-20 20:05:35.161281,2026-09-20 20:05:35.547553,0 days 00:00:00.386272,3.928706886454027e-09,COMPLETE
11,0.6231694727640709,2026-09-20 20:05:35.547553,2026-09-20 20:05:35.944495,0 days 00:00:00.396942,2.285067802960019e-06,COMPLETE
12,0.6231694727640709,2026-09-20 20:05:35.944495,2026-09-20 20:05:36.349993,0 days 00:00:00.405498,2.9671824167401424e-05,COMPLETE
13,0.6204712456842975,2026-09-20 20:05:36.349993,2026-09-20 20:05:36.775176,0 days 00:00:00.425183,0.012574602766196073,COMPLETE
14,0.6231694727640709,2026-09-20 20:05:36.775176,2026-09-20 20:05:37.178208,0 days 00:00:00.403032,1.789872115410799e-08,COMPLETE
15,0.6231694727640709,2026-09-20 20:05:37.178208,2026-09-20 20:05:37.648884,0 days 00:00:00.470676,4.401737934264006e-06,COMPLETE
16,0.6222105303900881,2026-09-20 20:05:37.652317,2026-09-20 20:05:38.112972,0 days 00:00:00.460655,0.003206454618921993,COMPLETE
17,0.6231694727640709,2026-09-20 20:05:38.116002,2026-09-20 20:05:38.525515,0 days 00:00:00.409513,7.780684690523801e-10,COMPLETE
18,0.6231694727640709,2026-09-20 20:05:38.525515,2026-09-20 20:05:38.928271,0 days 00:00:00.402756,3.4389597726238727e-07,COMPLETE
19,0.6232104097875965,2026-09-20 20:05:38.928271,2026-09-20 20:05:39.357356,0 days 00:00:00.429085,0.0007645070336896823,COMPLETE
20,0.6225824983782832,2026-09-20 20:05:39.357356,2026-09-20 20:05:39.794556,0 days 00:00:00.437200,0.002039594632214942,COMPLETE
21,0.6231694727640709,2026-09-20 20:05:39.794556,2026-09-20 20:05:40.185051,0 days 00:00:00.390495,1.0027920231690085e-05,COMPLETE
22,0.622751535328722,2026-09-20 20:05:40.185051,2026-09-20 20:05:40.564276,0 days 00:00:00.379225,0.0003685793309971787,COMPLETE
23,0.6231694727640709,2026-09-20 20:05:40.564276,2026-09-20 20:05:40.957920,0 days 00:00:00.393644,4.771195484368992e-08,COMPLETE
