number,value,datetime_start,datetime_complete,duration,params_var_smoothing,state
0,0.6160497782891085,2026-09-20 20:12:45.574462,2026-09-20 20:12:45.936395,0 days 00:00:00.361933,1.8909998647033087e-10,COMPLETE
1,0.6165860131759578,2026-09-20 20:12:45.936395,2026-09-20 20:12:46.315329,0 days 00:00:00.378934,0.003804636113753717,COMPLETE
2,0.6160497782891085,2026-09-20 20:12:46.315329,2026-09-20 20:12:46.699291,0 days 00:00:00.383962,9.472505056706224e-07,COMPLETE
3,0.6160497782891085,2026-09-20 20:12:46.699291,2026-09-20 20:12:47.085146,0 days 00:00:00.385855,1.7235281091836138e-12,COMPLETE
4,0.6160497782891085,2026-09-20 20:12:47.085146,2026-09-20 20:12:47.461506,0 days 00:00:00.376360,5.464346116287144e-08,COMPLETE
5,0.6160497782891085,2026-09-20 20:12:47.461506,2026-09-20 20:12:47.842863,0 days 00:00:00.381357,5.572795407883595e-11,COMPLETE
6,0.6160497782891085,2026-09-20 20:12:47.842863,2026-09-20 20:12:48.227147,0 days 00:00:00.384284,2.048839763811532e-05,COMPLETE
7,0.6160497782891085,2026-09-20 20:12:48.227147,2026-09-20 20:12:48.588601,0 days 00:00:00.361454,2.6756449012676754e-08,COMPLETE
8,0.6086500641663308,2026-09-20 20:12:48.588601,2026-09-20 20:12:48.951542,0 days 00:00:00.362941,0.09565251331472796,COMPLETE
9,0.6099917079225099,2026-09-20 20:12:48.951542,2026-09-20 20:12:49.350519,0 days 00:00:00.398977,0.06986555693434791,COMPLETE
10,0.6164968091709219,2026-09-20 20:12:49.350519,2026-09-20 20:12:49.720760,0 days 00:00:00.370241,0.00046380756669799116,COMPLETE
11,0.6160497782891085,2026-09-20 20:12:49.720760,2026-09-20 20:12:50.128622,0 days 00:00:00.407862,0.00019500689222817487,COMPLETE
12,0.6164968091709219,2026-09-20 20:12:50.128622,2026-09-20 20:12:50.564346,0 days 00:00:00.435724,0.0012384044771117317,COMPLETE
13,0.616548307388002,2026-09-20 20:12:50.564346,2026-09-20 20:12:50.987786,0 days 00:00:00.423440,0.002175129922424811,COMPLETE
14,0.6164697283618265,2026-09-20 20:12:50.987786,2026-09-20 20:12:51.402194,0 days 00:00:00.414408,0.0076944069497141675,COMPLETE
15,0.6160497782891085,2026-09-20 20:12:51.402194,2026-09-20 20:12:51.784482,0 days 00:00:00.382288,2.3545435521780978e-05,COMPLETE
16,0.6160497782891085,2026-09-20 20:12:51.784482,2026-09-20 20:12:52.163444,0 days 00:00:00.378962,2.3762196592981794e-06,COMPLETE
17,0.6172346178358935,2026-09-20 20:12:52.163444,2026-09-20 20:12:52.742885,0 days 00:00:00.579441,0.004600531463458825,COMPLETE
18,0.6160497782891085,2026-09-20 20:12:52.742885,2026-09-20 20:12:53.479979,0 days 00:00:00.737094,3.826558637417293e-05,COMPLETE
19,0.6169820750916749,2026-09-20 20:12:53.479979,2026-09-20 20:12:54.021058,0 days 00:00:00.541079,0.014982364003867026,COMPLETE
20,0.6160317775300331,2026-09-20 20:12:54.021058,2026-09-20 20:12:54.524944,0 days 00:00:00.503886,0.020609464985149685,COMPLETE
21,0.6166696209423486,2026-09-20 20:12:54.524944,2026-09-20 20:12:54.958579,0 days 00:00:00.433635,0.006862400889888346,COMPLETE
22,0.6160497782891085,2026-09-20 20:12:54.958579,2026-09-20 20:12:55.421363,0 days 00:00:00.462784,0.00027594687683813346,COMPLETE
23,0.6160781963228956,2026-09-20 20:12:55.421363,2026-09-20 20:12:55.829968,0 days 00:00:00.408605,0.008702408198493291,COMPLETE
