number,value,datetime_start,datetime_complete,duration,params_C,params_gamma,state
0,0.5698522607613516,2026-09-20 23:54:45.095212,2026-09-20 23:54:50.729611,0 days 00:00:05.634399,54.86343229763691,0.03862060530015174,COMPLETE
1,0.5189001101404557,2026-09-20 23:54:50.729611,2026-09-20 23:54:55.732999,0 days 00:00:05.003388,0.06760053958092986,0.09322770674268516,COMPLETE
2,0.5492305942167574,2026-09-20 23:54:55.732999,2026-09-20 23:54:59.212492,0 days 00:00:03.479493,76.89968568650045,0.008250066281752623,COMPLETE
3,0.21555648538806946,2026-09-20 23:54:59.212492,2026-09-20 23:55:00.865656,0 days 00:00:01.653164,0.03916326539088169,0.3100296817960699,COMPLETE
4,0.5577468425839178,2026-09-20 23:55:00.865656,2026-09-20 23:55:02.288039,0 days 00:00:01.422383,0.6019163070606631,0.00610812960357038,COMPLETE
5,0.4972635903359923,2026-09-20 23:55:02.288039,2026-09-20 23:55:05.020759,0 days 00:00:02.732720,426.3414399249726,0.10191320521169993,COMPLETE
6,0.4999737947251299,2026-09-20 23:55:05.020759,2026-09-20 23:55:06.777338,0 days 00:00:01.756579,80.17594483682907,0.2316775848449658,COMPLETE
7,0.0,2026-09-20 23:55:06.777338,2026-09-20 23:55:08.174641,0 days 00:00:01.397303,0.18955246009414778,0.001409201457005913,COMPLETE
8,0.48485226247129853,2026-09-20 23:55:08.174641,2026-09-20 23:55:10.557590,0 days 00:00:02.382949,6.9537412413065525,0.9250732369337399,COMPLETE
9,0.544614991382832,2026-09-20 23:55:10.557590,2026-09-20 23:55:11.926768,0 days 00:00:01.369178,5.701455885020464,0.024262150123621068,COMPLETE
10,0.5608613570323319,2026-09-20 23:55:11.926768,2026-09-20 23:55:14.780981,0 days 00:00:02.854213,540.4340432156424,0.023626636652735657,COMPLETE
11,0.5607062170526657,2026-09-20 23:55:14.780981,2026-09-20 23:55:18.226382,0 days 00:00:03.445401,819.5823439623565,0.02143108375045847,COMPLETE
12,0.545899627438089,2026-09-20 23:55:18.226382,2026-09-20 23:55:19.712570,0 days 00:00:01.486188,57.590354459420595,0.009104693984724245,COMPLETE
13,0.5730874828821354,2026-09-20 23:55:19.712570,2026-09-20 23:55:21.253718,0 days 00:00:01.541148,22.16703859105021,0.055078388611210324,COMPLETE
14,0.5599222332643528,2026-09-20 23:55:21.253718,2026-09-20 23:55:22.880663,0 days 00:00:01.626945,19.60857680332155,0.08935436684877524,COMPLETE
15,0.5394108506179135,2026-09-20 23:55:22.880663,2026-09-20 23:55:24.249028,0 days 00:00:01.368365,1.430324429403551,0.05296062634017615,COMPLETE
16,0.5638060520973803,2026-09-20 23:55:24.249028,2026-09-20 23:55:25.575686,0 days 00:00:01.326658,19.4077838671549,0.002312288990195466,COMPLETE
17,0.5625413740966748,2026-09-20 23:55:25.575686,2026-09-20 23:55:27.080728,0 days 00:00:01.505042,1.7012253587381954,0.23748613096822,COMPLETE
18,0.5458078336873381,2026-09-20 23:55:27.080728,2026-09-20 23:55:29.466075,0 days 00:00:02.385347,177.8470841944044,0.04819111820329922,COMPLETE
19,0.0,2026-09-20 23:55:29.466075,2026-09-20 23:55:30.897496,0 days 00:00:01.431421,0.010433895685896989,0.012924823718790382,COMPLETE
20,0.5087361640685117,2026-09-20 23:55:30.897496,2026-09-20 23:55:32.765560,0 days 00:00:01.868064,14.388167341771261,0.5029113933652402,COMPLETE
21,0.5492803984286722,2026-09-20 23:55:32.765560,2026-09-20 23:55:34.081189,0 days 00:00:01.315629,20.721870888425315,0.0035946915535347078,COMPLETE
22,0.5708990161425959,2026-09-20 23:55:34.081189,2026-09-20 23:55:35.367952,0 days 00:00:01.286763,33.46525184647066,0.001026156022392987,COMPLETE
23,0.5451853638485883,2026-09-20 23:55:35.367952,2026-09-20 23:55:37.749330,0 days 00:00:02.381378,187.5354542461224,0.04879206154243957,COMPLETE
