number,value,datetime_start,datetime_complete,duration,params_var_smoothing,state
0,0.6094409758402782,2026-09-19 23:06:43.384228,2026-09-19 23:06:43.758809,0 days 00:00:00.374581,2.718437461131679e-08,COMPLETE
1,0.6094409758402782,2026-09-19 23:06:43.758809,2026-09-19 23:06:44.125789,0 days 00:00:00.366980,9.574393209287784e-09,COMPLETE
2,0.6094409758402782,2026-09-19 23:06:44.125789,2026-09-19 23:06:44.528933,0 days 00:00:00.403144,1.933942723414268e-09,COMPLETE
3,0.6088600340239546,2026-09-19 23:06:44.528933,2026-09-19 23:06:44.958747,0 days 00:00:00.429814,0.0023699360165668195,COMPLETE
4,0.6094409758402782,2026-09-19 23:06:44.958747,2026-09-19 23:06:45.381815,0 days 00:00:00.423068,7.029004416532438e-12,COMPLETE
5,0.6094409758402782,2026-09-19 23:06:45.381815,2026-09-19 23:06:45.776124,0 days 00:00:00.394309,1.4851906476972707e-05,COMPLETE
6,0.609244970328759,2026-09-19 23:06:45.776124,2026-09-19 23:06:46.168861,0 days 00:00:00.392737,0.0011340017386693392,COMPLETE
7,0.6065999530166137,2026-09-19 23:06:46.168861,2026-09-19 23:06:46.555822,0 days 00:00:00.386961,0.035926627194200624,COMPLETE
8,0.6094409758402782,2026-09-19 23:06:46.555822,2026-09-19 23:06:46.947014,0 days 00:00:00.391192,7.18126417866731e-07,COMPLETE
9,0.6094409758402782,2026-09-19 23:06:46.947014,2026-09-19 23:06:47.312189,0 days 00:00:00.365175,9.322591801375639e-12,COMPLETE
10,0.6094409758402782,2026-09-19 23:06:47.312189,2026-09-19 23:06:47.700290,0 days 00:00:00.388101,3.068248985451595e-09,COMPLETE
11,0.6094409758402782,2026-09-19 23:06:47.700290,2026-09-19 23:06:48.104449,0 days 00:00:00.404159,7.195089320922075e-09,COMPLETE
12,0.6094409758402782,2026-09-19 23:06:48.104449,2026-09-19 23:06:48.513559,0 days 00:00:00.409110,3.6458882513069124e-07,COMPLETE
13,0.6094409758402782,2026-09-19 23:06:48.513559,2026-09-19 23:06:48.924102,0 days 00:00:00.410543,5.005018883895709e-10,COMPLETE
14,0.6094409758402782,2026-09-19 23:06:48.924102,2026-09-19 23:06:49.393604,0 days 00:00:00.469502,1.3193099895223904e-05,COMPLETE
15,0.6094409758402782,2026-09-19 23:06:49.393604,2026-09-19 23:06:49.778784,0 days 00:00:00.385180,4.0295385190761466e-08,COMPLETE
16,0.6094409758402782,2026-09-19 23:06:49.778784,2026-09-19 23:06:50.186200,0 days 00:00:00.407416,7.532346818522875e-11,COMPLETE
17,0.6094409758402782,2026-09-19 23:06:50.186200,2026-09-19 23:06:50.613326,0 days 00:00:00.427126,9.652356200597848e-06,COMPLETE
18,0.6094409758402782,2026-09-19 23:06:50.613326,2026-09-19 23:06:50.993766,0 days 00:00:00.380440,5.517633752574627e-08,COMPLETE
19,0.6094409758402782,2026-09-19 23:06:50.993766,2026-09-19 23:06:51.412082,0 days 00:00:00.418316,7.441179716033229e-11,COMPLETE
20,0.6094409758402782,2026-09-19 23:06:51.412082,2026-09-19 23:06:51.809770,0 days 00:00:00.397688,1.29309981904759e-06,COMPLETE
21,0.6094409758402782,2026-09-19 23:06:51.809770,2026-09-19 23:06:52.265173,0 days 00:00:00.455403,1.3663123232317992e-09,COMPLETE
22,0.6094409758402782,2026-09-19 23:06:52.265173,2026-09-19 23:06:52.715419,0 days 00:00:00.450246,2.949602497296816e-08,COMPLETE
23,0.6094409758402782,2026-09-19 23:06:52.715419,2026-09-19 23:06:53.185052,0 days 00:00:00.469633,1.3981131529440076e-10,COMPLETE
